Using pre-set license
Built from '2020.3/staging' branch; Version is '2020.3.5f1 (8095aa901b9b) revision 8426922'; Using compiler version '192528614'; Build Type 'Release'
OS: 'Windows 10 Home; OS build 19044.1889; Version 2009; 64bit' Language: 'en' Physical Memory: 16248 MB
BatchMode: 1, IsHumanControllingUs: 0, StartBugReporterOnCrash: 0, Is64bit: 1, IsPro: 0

 COMMAND LINE ARGUMENTS:
C:\Program Files\Unity\Hub\Editor\2020.3.5f1\Editor\Unity.exe
-adb2
-batchMode
-noUpm
-name
AssetImportWorker2
-projectPath
C:/Users/User/Desktop/GameDev/Original/MurderMystery/MurderMystery-UNITY-/MurderMystery
-logFile
Logs/AssetImportWorker2.log
-srvPort
59608
Successfully changed project path to: C:/Users/User/Desktop/GameDev/Original/MurderMystery/MurderMystery-UNITY-/MurderMystery
C:/Users/User/Desktop/GameDev/Original/MurderMystery/MurderMystery-UNITY-/MurderMystery
Using Asset Import Pipeline V2.
Refreshing native plugins compatible for Editor in 82.59 ms, found 1 plugins.
Preloading 0 native plugins for Editor in 0.00 ms.
Initialize engine version: 2020.3.5f1 (8095aa901b9b)
[Subsystems] Discovering subsystems at path C:/Program Files/Unity/Hub/Editor/2020.3.5f1/Editor/Data/Resources/UnitySubsystems
[Subsystems] Discovering subsystems at path C:/Users/User/Desktop/GameDev/Original/MurderMystery/MurderMystery-UNITY-/MurderMystery/Assets
GfxDevice: creating device client; threaded=0
Direct3D:
    Version:  Direct3D 11.0 [level 11.1]
    Renderer: Radeon (TM) 520 (ID=0x6665)
    Vendor:   
    VRAM:     2039 MB
    Driver:   27.20.20904.4000
Initialize mono
Mono path[0] = 'C:/Program Files/Unity/Hub/Editor/2020.3.5f1/Editor/Data/Managed'
Mono path[1] = 'C:/Program Files/Unity/Hub/Editor/2020.3.5f1/Editor/Data/MonoBleedingEdge/lib/mono/unityjit'
Mono config path = 'C:/Program Files/Unity/Hub/Editor/2020.3.5f1/Editor/Data/MonoBleedingEdge/etc'
Using monoOptions --debugger-agent=transport=dt_socket,embedding=1,server=y,suspend=n,address=127.0.0.1:56900
Begin MonoManager ReloadAssembly
Registering precompiled unity dll's ...
Register platform support module: C:/Program Files/Unity/Hub/Editor/2020.3.5f1/Editor/Data/PlaybackEngines/WebGLSupport/UnityEditor.WebGL.Extensions.dll
Register platform support module: C:/Program Files/Unity/Hub/Editor/2020.3.5f1/Editor/Data/PlaybackEngines/WindowsStandaloneSupport/UnityEditor.WindowsStandalone.Extensions.dll
Registered in 0.003451 seconds.
Native extension for WindowsStandalone target not found
Native extension for WebGL target not found
Refreshing native plugins compatible for Editor in 73.78 ms, found 1 plugins.
Preloading 0 native plugins for Editor in 0.00 ms.
Mono: successfully reloaded assembly
- Completed reload, in  4.835 seconds
Platform modules already initialized, skipping
Registering precompiled user dll's ...
Registered in 0.001512 seconds.
Begin MonoManager ReloadAssembly
Native extension for WindowsStandalone target not found
Native extension for WebGL target not found
Refreshing native plugins compatible for Editor in 62.12 ms, found 1 plugins.
Preloading 0 native plugins for Editor in 0.00 ms.
Mono: successfully reloaded assembly
- Completed reload, in  1.785 seconds
Platform modules already initialized, skipping
========================================================================
Worker process is ready to serve import requests
Launched and connected shader compiler UnityShaderCompiler.exe after 0.15 seconds
Refreshing native plugins compatible for Editor in 0.95 ms, found 1 plugins.
Preloading 0 native plugins for Editor in 0.00 ms.
Unloading 2005 Unused Serialized files (Serialized files now loaded: 0)
System memory in use before: 99.0 MB.
System memory in use after: 98.9 MB.

Unloading 24 unused Assets to reduce memory usage. Loaded Objects now: 2451.
Total: 3.770900 ms (FindLiveObjects: 0.259800 ms CreateObjectMapping: 0.117800 ms MarkObjects: 3.189700 ms  DeleteObjects: 0.201600 ms)

========================================================================
Received Import Request.
  path: Assets/Scripts/Game/Manager/GameManager.cs
  artifactKey: Guid(b408c0f1f2d9b4e49842141a6290a7a7) Importer(815301076,1909f56bfc062723c751e8b465ee728b)
Start importing Assets/Scripts/Game/Manager/GameManager.cs using Guid(b408c0f1f2d9b4e49842141a6290a7a7) Importer(815301076,1909f56bfc062723c751e8b465ee728b)  -> (artifact id: 'c04f9f34a7de698807adc8d022dfe545') in 0.048423 seconds
  Import took 0.056137 seconds .

========================================================================
Received Import Request.
  Time since last request: 58.053191 seconds.
  path: Assets/Scripts/Game/Manager/GameManager.cs
  artifactKey: Guid(b408c0f1f2d9b4e49842141a6290a7a7) Importer(815301076,1909f56bfc062723c751e8b465ee728b)
Start importing Assets/Scripts/Game/Manager/GameManager.cs using Guid(b408c0f1f2d9b4e49842141a6290a7a7) Importer(815301076,1909f56bfc062723c751e8b465ee728b)  -> (artifact id: '856228ab0be0de561cce55c716900f67') in 0.003503 seconds
  Import took 0.007855 seconds .

========================================================================
Received Import Request.
  Time since last request: 3.077538 seconds.
  path: Assets/Scripts/Game/Manager/GameManager.cs
  artifactKey: Guid(b408c0f1f2d9b4e49842141a6290a7a7) Importer(815301076,1909f56bfc062723c751e8b465ee728b)
Start importing Assets/Scripts/Game/Manager/GameManager.cs using Guid(b408c0f1f2d9b4e49842141a6290a7a7) Importer(815301076,1909f56bfc062723c751e8b465ee728b)  -> (artifact id: 'f3aed9a37303a40f0fa03620deec9d48') in 0.002749 seconds
  Import took 0.006379 seconds .

========================================================================
Received Import Request.
  Time since last request: 5.308121 seconds.
  path: Assets/Scripts/Game/Manager/GameManager.cs
  artifactKey: Guid(b408c0f1f2d9b4e49842141a6290a7a7) Importer(815301076,1909f56bfc062723c751e8b465ee728b)
Start importing Assets/Scripts/Game/Manager/GameManager.cs using Guid(b408c0f1f2d9b4e49842141a6290a7a7) Importer(815301076,1909f56bfc062723c751e8b465ee728b)  -> (artifact id: '31a3acca0a5d7d6d9f3c48e692dcb549') in 0.003513 seconds
  Import took 0.008050 seconds .

========================================================================
Received Import Request.
  Time since last request: 90.865735 seconds.
  path: Assets/Scripts/Game/Manager/GameManager.cs
  artifactKey: Guid(b408c0f1f2d9b4e49842141a6290a7a7) Importer(815301076,1909f56bfc062723c751e8b465ee728b)
Start importing Assets/Scripts/Game/Manager/GameManager.cs using Guid(b408c0f1f2d9b4e49842141a6290a7a7) Importer(815301076,1909f56bfc062723c751e8b465ee728b)  -> (artifact id: 'a843f2308179c14679fad48c6c7a87de') in 0.003664 seconds
  Import took 0.010045 seconds .

========================================================================
Received Import Request.
  Time since last request: 0.005586 seconds.
  path: Assets/Scripts/Game/Manager/GameManager.cs
  artifactKey: Guid(b408c0f1f2d9b4e49842141a6290a7a7) Importer(815301076,1909f56bfc062723c751e8b465ee728b)
Start importing Assets/Scripts/Game/Manager/GameManager.cs using Guid(b408c0f1f2d9b4e49842141a6290a7a7) Importer(815301076,1909f56bfc062723c751e8b465ee728b)  -> (artifact id: 'a843f2308179c14679fad48c6c7a87de') in 0.004822 seconds
  Import took 0.010815 seconds .

========================================================================
Received Import Request.
  Time since last request: 11.756643 seconds.
  path: Assets/Scripts/Game/Manager/GameManager.cs
  artifactKey: Guid(b408c0f1f2d9b4e49842141a6290a7a7) Importer(815301076,1909f56bfc062723c751e8b465ee728b)
Start importing Assets/Scripts/Game/Manager/GameManager.cs using Guid(b408c0f1f2d9b4e49842141a6290a7a7) Importer(815301076,1909f56bfc062723c751e8b465ee728b)  -> (artifact id: '7634c5ee9de64d55619d1a45ba4d914c') in 0.005812 seconds
  Import took 0.012617 seconds .

========================================================================
Received Import Request.
  Time since last request: 18.417152 seconds.
  path: Assets/Scripts/Game/Manager/GameManager.cs
  artifactKey: Guid(b408c0f1f2d9b4e49842141a6290a7a7) Importer(815301076,1909f56bfc062723c751e8b465ee728b)
Start importing Assets/Scripts/Game/Manager/GameManager.cs using Guid(b408c0f1f2d9b4e49842141a6290a7a7) Importer(815301076,1909f56bfc062723c751e8b465ee728b)  -> (artifact id: '7c3f856aa83ebb6d07c013c7f6774d49') in 0.003111 seconds
  Import took 0.007189 seconds .

========================================================================
Received Import Request.
  Time since last request: 20.724749 seconds.
  path: Assets/Scripts/Game/Manager/GameManager.cs
  artifactKey: Guid(b408c0f1f2d9b4e49842141a6290a7a7) Importer(815301076,1909f56bfc062723c751e8b465ee728b)
Start importing Assets/Scripts/Game/Manager/GameManager.cs using Guid(b408c0f1f2d9b4e49842141a6290a7a7) Importer(815301076,1909f56bfc062723c751e8b465ee728b)  -> (artifact id: 'e1d4281952fe779a3a2e7ea182ff8daf') in 0.002637 seconds
  Import took 0.005962 seconds .

========================================================================
Received Import Request.
  Time since last request: 6.568173 seconds.
  path: Assets/Scripts/Game/Manager/GameManager.cs
  artifactKey: Guid(b408c0f1f2d9b4e49842141a6290a7a7) Importer(815301076,1909f56bfc062723c751e8b465ee728b)
Start importing Assets/Scripts/Game/Manager/GameManager.cs using Guid(b408c0f1f2d9b4e49842141a6290a7a7) Importer(815301076,1909f56bfc062723c751e8b465ee728b)  -> (artifact id: 'f45d6bcf872648a0c69d3989f6fc9bc1') in 0.004419 seconds
  Import took 0.010122 seconds .

========================================================================
Received Import Request.
  Time since last request: 0.553182 seconds.
  path: Assets/Scripts/Game/Manager/GameManager.cs
  artifactKey: Guid(b408c0f1f2d9b4e49842141a6290a7a7) Importer(815301076,1909f56bfc062723c751e8b465ee728b)
Start importing Assets/Scripts/Game/Manager/GameManager.cs using Guid(b408c0f1f2d9b4e49842141a6290a7a7) Importer(815301076,1909f56bfc062723c751e8b465ee728b)  -> (artifact id: 'ce563b1cf252ceff07ce3580da6cca47') in 0.004360 seconds
  Import took 0.009769 seconds .

========================================================================
Received Import Request.
  Time since last request: 82.657558 seconds.
  path: Assets/Scripts/Game/Manager/GameManager.cs
  artifactKey: Guid(b408c0f1f2d9b4e49842141a6290a7a7) Importer(815301076,1909f56bfc062723c751e8b465ee728b)
Start importing Assets/Scripts/Game/Manager/GameManager.cs using Guid(b408c0f1f2d9b4e49842141a6290a7a7) Importer(815301076,1909f56bfc062723c751e8b465ee728b)  -> (artifact id: '4e01112c599bd4825c55a845411d560a') in 0.002479 seconds
  Import took 0.006460 seconds .

========================================================================
Received Import Request.
  Time since last request: 23.617250 seconds.
  path: Assets/Scripts/Game/Manager/GameManager.cs
  artifactKey: Guid(b408c0f1f2d9b4e49842141a6290a7a7) Importer(815301076,1909f56bfc062723c751e8b465ee728b)
Start importing Assets/Scripts/Game/Manager/GameManager.cs using Guid(b408c0f1f2d9b4e49842141a6290a7a7) Importer(815301076,1909f56bfc062723c751e8b465ee728b)  -> (artifact id: '7db1a944b3cdb71abced00e8d1e4b7e2') in 0.002435 seconds
  Import took 0.005870 seconds .

========================================================================
Received Import Request.
  Time since last request: 7.662474 seconds.
  path: Assets/Scripts/Game/Manager/GameManager.cs
  artifactKey: Guid(b408c0f1f2d9b4e49842141a6290a7a7) Importer(815301076,1909f56bfc062723c751e8b465ee728b)
Start importing Assets/Scripts/Game/Manager/GameManager.cs using Guid(b408c0f1f2d9b4e49842141a6290a7a7) Importer(815301076,1909f56bfc062723c751e8b465ee728b)  -> (artifact id: '0fc14b78dae604af6d1e97e3219a992d') in 0.002544 seconds
  Import took 0.006753 seconds .

========================================================================
Received Import Request.
  Time since last request: 3.873167 seconds.
  path: Assets/Scripts/Game/Manager/GameManager.cs
  artifactKey: Guid(b408c0f1f2d9b4e49842141a6290a7a7) Importer(815301076,1909f56bfc062723c751e8b465ee728b)
Start importing Assets/Scripts/Game/Manager/GameManager.cs using Guid(b408c0f1f2d9b4e49842141a6290a7a7) Importer(815301076,1909f56bfc062723c751e8b465ee728b)  -> (artifact id: '3612f7e8e4dffa00c291c4266dea6bc1') in 0.003587 seconds
  Import took 0.010083 seconds .

========================================================================
Received Import Request.
  Time since last request: 51.894066 seconds.
  path: Assets/Scripts/Game/Manager/GameManager.cs
  artifactKey: Guid(b408c0f1f2d9b4e49842141a6290a7a7) Importer(815301076,1909f56bfc062723c751e8b465ee728b)
Start importing Assets/Scripts/Game/Manager/GameManager.cs using Guid(b408c0f1f2d9b4e49842141a6290a7a7) Importer(815301076,1909f56bfc062723c751e8b465ee728b)  -> (artifact id: '51ed9bc531e152b70cbcb7beb6b4abbb') in 0.004172 seconds
  Import took 0.009084 seconds .

========================================================================
Received Import Request.
  Time since last request: 5.058093 seconds.
  path: Assets/Scripts/Game/Manager/GameManager.cs
  artifactKey: Guid(b408c0f1f2d9b4e49842141a6290a7a7) Importer(815301076,1909f56bfc062723c751e8b465ee728b)
Start importing Assets/Scripts/Game/Manager/GameManager.cs using Guid(b408c0f1f2d9b4e49842141a6290a7a7) Importer(815301076,1909f56bfc062723c751e8b465ee728b)  -> (artifact id: '2b2ca2eab7c05724e0192a40fa544376') in 0.003761 seconds
  Import took 0.008650 seconds .

========================================================================
Received Import Request.
  Time since last request: 11.663344 seconds.
  path: Assets/Scripts/Game/Manager/GameManager.cs
  artifactKey: Guid(b408c0f1f2d9b4e49842141a6290a7a7) Importer(815301076,1909f56bfc062723c751e8b465ee728b)
Start importing Assets/Scripts/Game/Manager/GameManager.cs using Guid(b408c0f1f2d9b4e49842141a6290a7a7) Importer(815301076,1909f56bfc062723c751e8b465ee728b)  -> (artifact id: '69f8ad97723c7182621b730a5e55da22') in 0.004820 seconds
  Import took 0.009029 seconds .

========================================================================
Received Import Request.
  Time since last request: 33.014617 seconds.
  path: Assets/Scripts/Game/Manager/GameManager.cs
  artifactKey: Guid(b408c0f1f2d9b4e49842141a6290a7a7) Importer(815301076,1909f56bfc062723c751e8b465ee728b)
Start importing Assets/Scripts/Game/Manager/GameManager.cs using Guid(b408c0f1f2d9b4e49842141a6290a7a7) Importer(815301076,1909f56bfc062723c751e8b465ee728b)  -> (artifact id: '0c4299c2ed1cf4bbeeb178fbdb1b5731') in 0.003265 seconds
  Import took 0.007785 seconds .

========================================================================
Received Import Request.
  Time since last request: 84.850666 seconds.
  path: Assets/Scripts/Game/Manager/GameManager.cs
  artifactKey: Guid(b408c0f1f2d9b4e49842141a6290a7a7) Importer(815301076,1909f56bfc062723c751e8b465ee728b)
Start importing Assets/Scripts/Game/Manager/GameManager.cs using Guid(b408c0f1f2d9b4e49842141a6290a7a7) Importer(815301076,1909f56bfc062723c751e8b465ee728b)  -> (artifact id: '27a39e4e5392e090b8fee6384b0f4e83') in 0.003263 seconds
  Import took 0.007438 seconds .

========================================================================
Received Import Request.
  Time since last request: 0.006881 seconds.
  path: Assets/Scripts/Game/Manager/GameManager.cs
  artifactKey: Guid(b408c0f1f2d9b4e49842141a6290a7a7) Importer(815301076,1909f56bfc062723c751e8b465ee728b)
Start importing Assets/Scripts/Game/Manager/GameManager.cs using Guid(b408c0f1f2d9b4e49842141a6290a7a7) Importer(815301076,1909f56bfc062723c751e8b465ee728b)  -> (artifact id: '27a39e4e5392e090b8fee6384b0f4e83') in 0.012932 seconds
  Import took 0.018482 seconds .

========================================================================
Received Import Request.
  Time since last request: 17.138900 seconds.
  path: Assets/Scripts/Game/Manager/GameManager.cs
  artifactKey: Guid(b408c0f1f2d9b4e49842141a6290a7a7) Importer(815301076,1909f56bfc062723c751e8b465ee728b)
Start importing Assets/Scripts/Game/Manager/GameManager.cs using Guid(b408c0f1f2d9b4e49842141a6290a7a7) Importer(815301076,1909f56bfc062723c751e8b465ee728b)  -> (artifact id: 'd7207e7de593429063658ed8372b75f7') in 0.003236 seconds
  Import took 0.006546 seconds .

========================================================================
Received Import Request.
  Time since last request: 21.419925 seconds.
  path: Assets/Scripts/Game/Manager/GameManager.cs
  artifactKey: Guid(b408c0f1f2d9b4e49842141a6290a7a7) Importer(815301076,1909f56bfc062723c751e8b465ee728b)
Start importing Assets/Scripts/Game/Manager/GameManager.cs using Guid(b408c0f1f2d9b4e49842141a6290a7a7) Importer(815301076,1909f56bfc062723c751e8b465ee728b)  -> (artifact id: '613c7055b5ba49442b7501078d0215e4') in 0.003384 seconds
  Import took 0.007705 seconds .

========================================================================
Received Prepare
Registering precompiled user dll's ...
Registered in 0.001537 seconds.
Begin MonoManager ReloadAssembly
Native extension for WindowsStandalone target not found
Native extension for WebGL target not found
Refreshing native plugins compatible for Editor in 0.50 ms, found 1 plugins.
Preloading 0 native plugins for Editor in 0.00 ms.
Mono: successfully reloaded assembly
- Completed reload, in  1.452 seconds
Platform modules already initialized, skipping
Refreshing native plugins compatible for Editor in 0.51 ms, found 1 plugins.
Preloading 0 native plugins for Editor in 0.00 ms.
Unloading 1959 Unused Serialized files (Serialized files now loaded: 0)
System memory in use before: 94.9 MB.
System memory in use after: 94.9 MB.

Unloading 12 unused Assets to reduce memory usage. Loaded Objects now: 2455.
Total: 3.296300 ms (FindLiveObjects: 0.358000 ms CreateObjectMapping: 0.145300 ms MarkObjects: 2.648500 ms  DeleteObjects: 0.142900 ms)

========================================================================
Received Import Request.
  Time since last request: 36.588450 seconds.
  path: Assets/Scenes SO/EndA
  artifactKey: Guid(6beda756fd4497a439e00337b28dfd26) Importer(815301076,1909f56bfc062723c751e8b465ee728b)
Start importing Assets/Scenes SO/EndA using Guid(6beda756fd4497a439e00337b28dfd26) Importer(815301076,1909f56bfc062723c751e8b465ee728b)  -> (artifact id: '042acddb7d29fa7e4467af5256e7ddde') in 0.013753 seconds
  Import took 0.017520 seconds .

========================================================================
Received Import Request.
  Time since last request: 0.000349 seconds.
  path: Assets/Scenes SO/EndA
  artifactKey: Guid(6beda756fd4497a439e00337b28dfd26) Importer(815301076,1909f56bfc062723c751e8b465ee728b)
Start importing Assets/Scenes SO/EndA using Guid(6beda756fd4497a439e00337b28dfd26) Importer(815301076,1909f56bfc062723c751e8b465ee728b)  -> (artifact id: '042acddb7d29fa7e4467af5256e7ddde') in 0.004321 seconds
  Import took 0.008823 seconds .

========================================================================
Received Import Request.
  Time since last request: 16.924653 seconds.
  path: Assets/Scenes SO/EndBranches
  artifactKey: Guid(6beda756fd4497a439e00337b28dfd26) Importer(815301076,1909f56bfc062723c751e8b465ee728b)
Start importing Assets/Scenes SO/EndBranches using Guid(6beda756fd4497a439e00337b28dfd26) Importer(815301076,1909f56bfc062723c751e8b465ee728b)  -> (artifact id: 'fa89172f751efdf711139c90e4ba1d4f') in 0.009706 seconds
  Import took 0.013428 seconds .

========================================================================
Received Import Request.
  Time since last request: 7.671391 seconds.
  path: Assets/Scenes SO/EndBranches/EndA
  artifactKey: Guid(813fd7ae56019ad4e8d3efc4159c7ec6) Importer(815301076,1909f56bfc062723c751e8b465ee728b)
Start importing Assets/Scenes SO/EndBranches/EndA using Guid(813fd7ae56019ad4e8d3efc4159c7ec6) Importer(815301076,1909f56bfc062723c751e8b465ee728b)  -> (artifact id: '25a77955c333fc336f813b4ddb93d810') in 0.003476 seconds
  Import took 0.007779 seconds .

========================================================================
Received Import Request.
  Time since last request: 0.006782 seconds.
  path: Assets/Scenes SO/EndBranches/EndA
  artifactKey: Guid(813fd7ae56019ad4e8d3efc4159c7ec6) Importer(815301076,1909f56bfc062723c751e8b465ee728b)
Start importing Assets/Scenes SO/EndBranches/EndA using Guid(813fd7ae56019ad4e8d3efc4159c7ec6) Importer(815301076,1909f56bfc062723c751e8b465ee728b)  -> (artifact id: '25a77955c333fc336f813b4ddb93d810') in 0.003108 seconds
  Import took 0.007549 seconds .

========================================================================
Received Import Request.
  Time since last request: 2.347288 seconds.
  path: Assets/Scenes SO/EndBranches/EndA 1
  artifactKey: Guid(0dcd1b0fc5e625c4586d36ad600e95a2) Importer(815301076,1909f56bfc062723c751e8b465ee728b)
Start importing Assets/Scenes SO/EndBranches/EndA 1 using Guid(0dcd1b0fc5e625c4586d36ad600e95a2) Importer(815301076,1909f56bfc062723c751e8b465ee728b)  -> (artifact id: 'c78d6d8e477c66bd075128079621a6bc') in 0.008958 seconds
  Import took 0.013053 seconds .

========================================================================
Received Import Request.
  Time since last request: 0.289002 seconds.
  path: Assets/Scenes SO/EndBranches/EndA 2
  artifactKey: Guid(6bea73bffbfaf8347a803a7f18242470) Importer(815301076,1909f56bfc062723c751e8b465ee728b)
Start importing Assets/Scenes SO/EndBranches/EndA 2 using Guid(6bea73bffbfaf8347a803a7f18242470) Importer(815301076,1909f56bfc062723c751e8b465ee728b)  -> (artifact id: 'ebdcd04c9c457162c1c134e254349b8a') in 0.008743 seconds
  Import took 0.012456 seconds .

========================================================================
Received Import Request.
  Time since last request: 3.693398 seconds.
  path: Assets/Scenes SO/EndBranches/EndB
  artifactKey: Guid(0dcd1b0fc5e625c4586d36ad600e95a2) Importer(815301076,1909f56bfc062723c751e8b465ee728b)
Start importing Assets/Scenes SO/EndBranches/EndB using Guid(0dcd1b0fc5e625c4586d36ad600e95a2) Importer(815301076,1909f56bfc062723c751e8b465ee728b)  -> (artifact id: 'd5664c22379685bccd10ac4fc164664f') in 0.008877 seconds
  Import took 0.013225 seconds .

========================================================================
Received Import Request.
  Time since last request: 3.826611 seconds.
  path: Assets/Scenes SO/EndBranches/EndC
  artifactKey: Guid(6bea73bffbfaf8347a803a7f18242470) Importer(815301076,1909f56bfc062723c751e8b465ee728b)
Start importing Assets/Scenes SO/EndBranches/EndC using Guid(6bea73bffbfaf8347a803a7f18242470) Importer(815301076,1909f56bfc062723c751e8b465ee728b)  -> (artifact id: '2c364b70a7394765c6b46024b6347d55') in 0.008492 seconds
  Import took 0.012524 seconds .

========================================================================
Received Import Request.
  Time since last request: 10.010995 seconds.
  path: Assets/Scenes SO/EndBranches/EndA/NewScene.asset
  artifactKey: Guid(c42c8aaae25920f4186e5c840b825f30) Importer(815301076,1909f56bfc062723c751e8b465ee728b)
Start importing Assets/Scenes SO/EndBranches/EndA/NewScene.asset using Guid(c42c8aaae25920f4186e5c840b825f30) Importer(815301076,1909f56bfc062723c751e8b465ee728b)  -> (artifact id: '9a4eea8b6350ffef4f555c0ca82f805c') in 0.019766 seconds
  Import took 0.023534 seconds .

========================================================================
Received Import Request.
  Time since last request: 0.005535 seconds.
  path: Assets/Scenes SO/EndBranches/EndA/NewScene.asset
  artifactKey: Guid(c42c8aaae25920f4186e5c840b825f30) Importer(815301076,1909f56bfc062723c751e8b465ee728b)
Start importing Assets/Scenes SO/EndBranches/EndA/NewScene.asset using Guid(c42c8aaae25920f4186e5c840b825f30) Importer(815301076,1909f56bfc062723c751e8b465ee728b)  -> (artifact id: '9a4eea8b6350ffef4f555c0ca82f805c') in 0.003384 seconds
  Import took 0.007083 seconds .

========================================================================
Received Import Request.
  Time since last request: 76.517206 seconds.
  path: Assets/Scenes SO/EndBranches/EndA/NewScene.asset
  artifactKey: Guid(c42c8aaae25920f4186e5c840b825f30) Importer(815301076,1909f56bfc062723c751e8b465ee728b)
Start importing Assets/Scenes SO/EndBranches/EndA/NewScene.asset using Guid(c42c8aaae25920f4186e5c840b825f30) Importer(815301076,1909f56bfc062723c751e8b465ee728b)  -> (artifact id: '9b481734bc32380dc919028a8c44977f') in 0.003695 seconds
  Import took 0.006963 seconds .

========================================================================
Received Import Request.
  Time since last request: 0.005032 seconds.
  path: Assets/Scenes SO/EndBranches/EndA/NewScene.asset
  artifactKey: Guid(c42c8aaae25920f4186e5c840b825f30) Importer(815301076,1909f56bfc062723c751e8b465ee728b)
Start importing Assets/Scenes SO/EndBranches/EndA/NewScene.asset using Guid(c42c8aaae25920f4186e5c840b825f30) Importer(815301076,1909f56bfc062723c751e8b465ee728b)  -> (artifact id: '9b481734bc32380dc919028a8c44977f') in 0.003269 seconds
  Import took 0.006487 seconds .

========================================================================
Received Import Request.
  Time since last request: 8.579987 seconds.
  path: Assets/Scenes SO/EndBranches/EndA/NewScene.asset
  artifactKey: Guid(c42c8aaae25920f4186e5c840b825f30) Importer(815301076,1909f56bfc062723c751e8b465ee728b)
Start importing Assets/Scenes SO/EndBranches/EndA/NewScene.asset using Guid(c42c8aaae25920f4186e5c840b825f30) Importer(815301076,1909f56bfc062723c751e8b465ee728b)  -> (artifact id: '92bff29933af876cf0176dded02418d5') in 0.007425 seconds
  Import took 0.011959 seconds .

========================================================================
Received Import Request.
  Time since last request: 8.647633 seconds.
  path: Assets/Scenes SO/EndBranches/EndA/Scene1.asset
  artifactKey: Guid(c42c8aaae25920f4186e5c840b825f30) Importer(815301076,1909f56bfc062723c751e8b465ee728b)
Start importing Assets/Scenes SO/EndBranches/EndA/Scene1.asset using Guid(c42c8aaae25920f4186e5c840b825f30) Importer(815301076,1909f56bfc062723c751e8b465ee728b)  -> (artifact id: '118bf02106f440adc44971c314d37ba7') in 0.010385 seconds
  Import took 0.015073 seconds .

========================================================================
Received Import Request.
  Time since last request: 0.997758 seconds.
  path: Assets/Scenes SO/EndBranches/EndA/Scene1 1.asset
  artifactKey: Guid(ab4b9a7f25445a04297bede3469282cc) Importer(815301076,1909f56bfc062723c751e8b465ee728b)
Start importing Assets/Scenes SO/EndBranches/EndA/Scene1 1.asset using Guid(ab4b9a7f25445a04297bede3469282cc) Importer(815301076,1909f56bfc062723c751e8b465ee728b)  -> (artifact id: 'ab6c7b9392d618fea85c09a79c4c4412') in 0.012662 seconds
  Import took 0.017705 seconds .

========================================================================
Received Import Request.
  Time since last request: 2.320162 seconds.
  path: Assets/Scenes SO/EndBranches/EndA/Scene1.asset
  artifactKey: Guid(c42c8aaae25920f4186e5c840b825f30) Importer(815301076,1909f56bfc062723c751e8b465ee728b)
Start importing Assets/Scenes SO/EndBranches/EndA/Scene1.asset using Guid(c42c8aaae25920f4186e5c840b825f30) Importer(815301076,1909f56bfc062723c751e8b465ee728b)  -> (artifact id: '264fdbf90afc12b1158ddf511af1fed4') in 0.005083 seconds
  Import took 0.009066 seconds .

========================================================================
Received Import Request.
  Time since last request: 2.934820 seconds.
  path: Assets/Scenes SO/EndBranches/EndA/Scene.asset
  artifactKey: Guid(ab4b9a7f25445a04297bede3469282cc) Importer(815301076,1909f56bfc062723c751e8b465ee728b)
Start importing Assets/Scenes SO/EndBranches/EndA/Scene.asset using Guid(ab4b9a7f25445a04297bede3469282cc) Importer(815301076,1909f56bfc062723c751e8b465ee728b)  -> (artifact id: 'a3a7c2c22da74aa2c7bbfba0a9437b4f') in 0.009451 seconds
  Import took 0.013927 seconds .

========================================================================
Received Import Request.
  Time since last request: 3.891750 seconds.
  path: Assets/Scenes SO/EndBranches/EndA/Scene2.asset
  artifactKey: Guid(ab4b9a7f25445a04297bede3469282cc) Importer(815301076,1909f56bfc062723c751e8b465ee728b)
Start importing Assets/Scenes SO/EndBranches/EndA/Scene2.asset using Guid(ab4b9a7f25445a04297bede3469282cc) Importer(815301076,1909f56bfc062723c751e8b465ee728b)  -> (artifact id: '29d515fd1dcb951266185f9404950550') in 0.013868 seconds
  Import took 0.019421 seconds .

========================================================================
Received Import Request.
  Time since last request: 68.526494 seconds.
  path: Assets/Scenes SO/EndBranches/EndA/Scene2.asset
  artifactKey: Guid(ab4b9a7f25445a04297bede3469282cc) Importer(815301076,1909f56bfc062723c751e8b465ee728b)
Start importing Assets/Scenes SO/EndBranches/EndA/Scene2.asset using Guid(ab4b9a7f25445a04297bede3469282cc) Importer(815301076,1909f56bfc062723c751e8b465ee728b)  -> (artifact id: '02f81c2aacf7b3dd0044e897f891a0ec') in 0.005509 seconds
  Import took 0.010543 seconds .

========================================================================
Received Import Request.
  Time since last request: 39.725801 seconds.
  path: Assets/Scenes/MainMenu.unity
  artifactKey: Guid(431d69a93fa46dc488a4d7ef535b1108) Importer(815301076,1909f56bfc062723c751e8b465ee728b)
Start importing Assets/Scenes/MainMenu.unity using Guid(431d69a93fa46dc488a4d7ef535b1108) Importer(815301076,1909f56bfc062723c751e8b465ee728b)  -> (artifact id: '987f614e6dd412b8e03fb45269eded50') in 0.006700 seconds
  Import took 0.010024 seconds .

========================================================================
Received Import Request.
  Time since last request: 0.007331 seconds.
  path: Assets/Scenes/MainMenu.unity
  artifactKey: Guid(431d69a93fa46dc488a4d7ef535b1108) Importer(815301076,1909f56bfc062723c751e8b465ee728b)
Start importing Assets/Scenes/MainMenu.unity using Guid(431d69a93fa46dc488a4d7ef535b1108) Importer(815301076,1909f56bfc062723c751e8b465ee728b)  -> (artifact id: '987f614e6dd412b8e03fb45269eded50') in 0.003816 seconds
  Import took 0.007773 seconds .

========================================================================
Received Prepare
Registering precompiled user dll's ...
Registered in 0.001441 seconds.
Begin MonoManager ReloadAssembly
Native extension for WindowsStandalone target not found
Native extension for WebGL target not found
Refreshing native plugins compatible for Editor in 0.62 ms, found 1 plugins.
Preloading 0 native plugins for Editor in 0.00 ms.
Mono: successfully reloaded assembly
- Completed reload, in  2.960 seconds
Platform modules already initialized, skipping
Refreshing native plugins compatible for Editor in 1.15 ms, found 1 plugins.
Preloading 0 native plugins for Editor in 0.00 ms.
Unloading 1959 Unused Serialized files (Serialized files now loaded: 0)
System memory in use before: 95.0 MB.
System memory in use after: 94.9 MB.

Unloading 12 unused Assets to reduce memory usage. Loaded Objects now: 2459.
Total: 4.071000 ms (FindLiveObjects: 0.448500 ms CreateObjectMapping: 0.187700 ms MarkObjects: 3.188300 ms  DeleteObjects: 0.244200 ms)

========================================================================
Received Prepare
Registering precompiled user dll's ...
Registered in 0.001287 seconds.
Begin MonoManager ReloadAssembly
Native extension for WindowsStandalone target not found
Native extension for WebGL target not found
Refreshing native plugins compatible for Editor in 0.53 ms, found 1 plugins.
Preloading 0 native plugins for Editor in 0.00 ms.
Mono: successfully reloaded assembly
- Completed reload, in  1.525 seconds
Platform modules already initialized, skipping
Refreshing native plugins compatible for Editor in 0.83 ms, found 1 plugins.
Preloading 0 native plugins for Editor in 0.00 ms.
Unloading 1959 Unused Serialized files (Serialized files now loaded: 0)
System memory in use before: 95.0 MB.
System memory in use after: 95.0 MB.

Unloading 12 unused Assets to reduce memory usage. Loaded Objects now: 2463.
Total: 2.917200 ms (FindLiveObjects: 0.344300 ms CreateObjectMapping: 0.107600 ms MarkObjects: 2.307000 ms  DeleteObjects: 0.157100 ms)

========================================================================
Received Import Request.
  Time since last request: 280.320394 seconds.
  path: Assets/Scenes/GameScene.unity
  artifactKey: Guid(2cda990e2423bbf4892e6590ba056729) Importer(815301076,1909f56bfc062723c751e8b465ee728b)
Start importing Assets/Scenes/GameScene.unity using Guid(2cda990e2423bbf4892e6590ba056729) Importer(815301076,1909f56bfc062723c751e8b465ee728b)  -> (artifact id: 'ceca87bf1752046d3a4a295fa2c68da2') in 0.017203 seconds
  Import took 0.021175 seconds .

========================================================================
Received Prepare
Registering precompiled user dll's ...
Registered in 0.001172 seconds.
Begin MonoManager ReloadAssembly
Native extension for WindowsStandalone target not found
Native extension for WebGL target not found
Refreshing native plugins compatible for Editor in 0.62 ms, found 1 plugins.
Preloading 0 native plugins for Editor in 0.00 ms.
Mono: successfully reloaded assembly
- Completed reload, in  1.411 seconds
Platform modules already initialized, skipping
Refreshing native plugins compatible for Editor in 0.97 ms, found 1 plugins.
Preloading 0 native plugins for Editor in 0.00 ms.
Unloading 1959 Unused Serialized files (Serialized files now loaded: 0)
System memory in use before: 95.0 MB.
System memory in use after: 95.0 MB.

Unloading 12 unused Assets to reduce memory usage. Loaded Objects now: 2467.
Total: 2.927000 ms (FindLiveObjects: 0.270100 ms CreateObjectMapping: 0.127200 ms MarkObjects: 2.361600 ms  DeleteObjects: 0.165900 ms)

========================================================================
Received Prepare
Registering precompiled user dll's ...
Registered in 0.001037 seconds.
Begin MonoManager ReloadAssembly
Native extension for WindowsStandalone target not found
Native extension for WebGL target not found
Refreshing native plugins compatible for Editor in 0.42 ms, found 1 plugins.
Preloading 0 native plugins for Editor in 0.00 ms.
Mono: successfully reloaded assembly
- Completed reload, in  1.015 seconds
Platform modules already initialized, skipping
Refreshing native plugins compatible for Editor in 0.80 ms, found 1 plugins.
Preloading 0 native plugins for Editor in 0.00 ms.
Unloading 1959 Unused Serialized files (Serialized files now loaded: 0)
System memory in use before: 95.0 MB.
System memory in use after: 95.0 MB.

Unloading 12 unused Assets to reduce memory usage. Loaded Objects now: 2471.
Total: 2.960900 ms (FindLiveObjects: 0.347600 ms CreateObjectMapping: 0.119700 ms MarkObjects: 2.351700 ms  DeleteObjects: 0.140300 ms)

========================================================================
Received Prepare
Registering precompiled user dll's ...
Registered in 0.001373 seconds.
Begin MonoManager ReloadAssembly
Native extension for WindowsStandalone target not found
Native extension for WebGL target not found
Refreshing native plugins compatible for Editor in 0.93 ms, found 1 plugins.
Preloading 0 native plugins for Editor in 0.00 ms.
Mono: successfully reloaded assembly
- Completed reload, in  1.297 seconds
Platform modules already initialized, skipping
Refreshing native plugins compatible for Editor in 0.50 ms, found 1 plugins.
Preloading 0 native plugins for Editor in 0.00 ms.
Unloading 1959 Unused Serialized files (Serialized files now loaded: 0)
System memory in use before: 95.0 MB.
System memory in use after: 95.0 MB.

Unloading 12 unused Assets to reduce memory usage. Loaded Objects now: 2475.
Total: 2.859500 ms (FindLiveObjects: 0.272300 ms CreateObjectMapping: 0.111800 ms MarkObjects: 2.325900 ms  DeleteObjects: 0.147700 ms)

========================================================================
Received Prepare
Registering precompiled user dll's ...
Registered in 0.001285 seconds.
Begin MonoManager ReloadAssembly
Native extension for WindowsStandalone target not found
Native extension for WebGL target not found
Refreshing native plugins compatible for Editor in 0.48 ms, found 1 plugins.
Preloading 0 native plugins for Editor in 0.00 ms.
Mono: successfully reloaded assembly
- Completed reload, in  1.314 seconds
Platform modules already initialized, skipping
Refreshing native plugins compatible for Editor in 0.48 ms, found 1 plugins.
Preloading 0 native plugins for Editor in 0.00 ms.
Unloading 1959 Unused Serialized files (Serialized files now loaded: 0)
System memory in use before: 95.1 MB.
System memory in use after: 95.0 MB.

Unloading 12 unused Assets to reduce memory usage. Loaded Objects now: 2479.
Total: 2.947200 ms (FindLiveObjects: 0.255300 ms CreateObjectMapping: 0.104700 ms MarkObjects: 2.449800 ms  DeleteObjects: 0.136000 ms)

========================================================================
Received Prepare
Registering precompiled user dll's ...
Registered in 0.001286 seconds.
Begin MonoManager ReloadAssembly
Native extension for WindowsStandalone target not found
Native extension for WebGL target not found
Refreshing native plugins compatible for Editor in 0.56 ms, found 1 plugins.
Preloading 0 native plugins for Editor in 0.00 ms.
Mono: successfully reloaded assembly
- Completed reload, in  1.590 seconds
Platform modules already initialized, skipping
Refreshing native plugins compatible for Editor in 0.50 ms, found 1 plugins.
Preloading 0 native plugins for Editor in 0.00 ms.
Unloading 1959 Unused Serialized files (Serialized files now loaded: 0)
System memory in use before: 95.1 MB.
System memory in use after: 95.0 MB.

Unloading 12 unused Assets to reduce memory usage. Loaded Objects now: 2483.
Total: 3.299500 ms (FindLiveObjects: 0.280700 ms CreateObjectMapping: 0.130000 ms MarkObjects: 2.737300 ms  DeleteObjects: 0.149600 ms)

========================================================================
Received Prepare
Registering precompiled user dll's ...
Registered in 0.002402 seconds.
Begin MonoManager ReloadAssembly
Native extension for WindowsStandalone target not found
Native extension for WebGL target not found
Refreshing native plugins compatible for Editor in 0.56 ms, found 1 plugins.
Preloading 0 native plugins for Editor in 0.00 ms.
Mono: successfully reloaded assembly
- Completed reload, in  1.719 seconds
Platform modules already initialized, skipping
Refreshing native plugins compatible for Editor in 0.52 ms, found 1 plugins.
Preloading 0 native plugins for Editor in 0.00 ms.
Unloading 1959 Unused Serialized files (Serialized files now loaded: 0)
System memory in use before: 95.1 MB.
System memory in use after: 95.0 MB.

Unloading 12 unused Assets to reduce memory usage. Loaded Objects now: 2487.
Total: 3.714100 ms (FindLiveObjects: 0.500700 ms CreateObjectMapping: 0.142300 ms MarkObjects: 2.921500 ms  DeleteObjects: 0.147800 ms)

========================================================================
Received Prepare
Registering precompiled user dll's ...
Registered in 0.001284 seconds.
Begin MonoManager ReloadAssembly
Native extension for WindowsStandalone target not found
Native extension for WebGL target not found
Refreshing native plugins compatible for Editor in 0.53 ms, found 1 plugins.
Preloading 0 native plugins for Editor in 0.00 ms.
Mono: successfully reloaded assembly
- Completed reload, in  1.430 seconds
Platform modules already initialized, skipping
Refreshing native plugins compatible for Editor in 0.48 ms, found 1 plugins.
Preloading 0 native plugins for Editor in 0.00 ms.
Unloading 1959 Unused Serialized files (Serialized files now loaded: 0)
System memory in use before: 95.1 MB.
System memory in use after: 95.1 MB.

Unloading 12 unused Assets to reduce memory usage. Loaded Objects now: 2491.
Total: 2.657500 ms (FindLiveObjects: 0.283300 ms CreateObjectMapping: 0.110000 ms MarkObjects: 2.125300 ms  DeleteObjects: 0.137600 ms)

========================================================================
Received Prepare
Registering precompiled user dll's ...
Registered in 0.001257 seconds.
Begin MonoManager ReloadAssembly
Native extension for WindowsStandalone target not found
Native extension for WebGL target not found
Refreshing native plugins compatible for Editor in 0.51 ms, found 1 plugins.
Preloading 0 native plugins for Editor in 0.00 ms.
Mono: successfully reloaded assembly
- Completed reload, in  1.513 seconds
Platform modules already initialized, skipping
Refreshing native plugins compatible for Editor in 0.49 ms, found 1 plugins.
Preloading 0 native plugins for Editor in 0.00 ms.
Unloading 1959 Unused Serialized files (Serialized files now loaded: 0)
System memory in use before: 95.1 MB.
System memory in use after: 95.1 MB.

Unloading 12 unused Assets to reduce memory usage. Loaded Objects now: 2495.
Total: 2.805600 ms (FindLiveObjects: 0.259300 ms CreateObjectMapping: 0.131200 ms MarkObjects: 2.268800 ms  DeleteObjects: 0.144600 ms)

========================================================================
Received Prepare
Registering precompiled user dll's ...
Registered in 0.001462 seconds.
Begin MonoManager ReloadAssembly
Native extension for WindowsStandalone target not found
Native extension for WebGL target not found
Refreshing native plugins compatible for Editor in 0.52 ms, found 1 plugins.
Preloading 0 native plugins for Editor in 0.00 ms.
Mono: successfully reloaded assembly
- Completed reload, in  1.477 seconds
Platform modules already initialized, skipping
Refreshing native plugins compatible for Editor in 0.54 ms, found 1 plugins.
Preloading 0 native plugins for Editor in 0.00 ms.
Unloading 1959 Unused Serialized files (Serialized files now loaded: 0)
System memory in use before: 95.1 MB.
System memory in use after: 95.1 MB.

Unloading 12 unused Assets to reduce memory usage. Loaded Objects now: 2499.
Total: 2.727800 ms (FindLiveObjects: 0.314700 ms CreateObjectMapping: 0.107300 ms MarkObjects: 2.158200 ms  DeleteObjects: 0.146400 ms)

========================================================================
Received Prepare
Registering precompiled user dll's ...
Registered in 0.001033 seconds.
Begin MonoManager ReloadAssembly
Native extension for WindowsStandalone target not found
Native extension for WebGL target not found
Refreshing native plugins compatible for Editor in 0.61 ms, found 1 plugins.
Preloading 0 native plugins for Editor in 0.00 ms.
Mono: successfully reloaded assembly
- Completed reload, in  1.253 seconds
Platform modules already initialized, skipping
Refreshing native plugins compatible for Editor in 0.52 ms, found 1 plugins.
Preloading 0 native plugins for Editor in 0.00 ms.
Unloading 1959 Unused Serialized files (Serialized files now loaded: 0)
System memory in use before: 95.1 MB.
System memory in use after: 95.1 MB.

Unloading 12 unused Assets to reduce memory usage. Loaded Objects now: 2503.
Total: 3.584900 ms (FindLiveObjects: 0.415500 ms CreateObjectMapping: 0.183400 ms MarkObjects: 2.835000 ms  DeleteObjects: 0.149100 ms)

========================================================================
Received Prepare
Registering precompiled user dll's ...
Registered in 0.001296 seconds.
Begin MonoManager ReloadAssembly
Native extension for WindowsStandalone target not found
Native extension for WebGL target not found
Refreshing native plugins compatible for Editor in 0.57 ms, found 1 plugins.
Preloading 0 native plugins for Editor in 0.00 ms.
Mono: successfully reloaded assembly
- Completed reload, in  1.440 seconds
Platform modules already initialized, skipping
Refreshing native plugins compatible for Editor in 0.46 ms, found 1 plugins.
Preloading 0 native plugins for Editor in 0.00 ms.
Unloading 1959 Unused Serialized files (Serialized files now loaded: 0)
System memory in use before: 95.1 MB.
System memory in use after: 95.1 MB.

Unloading 12 unused Assets to reduce memory usage. Loaded Objects now: 2507.
Total: 2.806500 ms (FindLiveObjects: 0.372800 ms CreateObjectMapping: 0.169600 ms MarkObjects: 2.128500 ms  DeleteObjects: 0.133600 ms)

========================================================================
Received Prepare
Registering precompiled user dll's ...
Registered in 0.001481 seconds.
Begin MonoManager ReloadAssembly
Native extension for WindowsStandalone target not found
Native extension for WebGL target not found
Refreshing native plugins compatible for Editor in 0.55 ms, found 1 plugins.
Preloading 0 native plugins for Editor in 0.00 ms.
Mono: successfully reloaded assembly
- Completed reload, in  1.348 seconds
Platform modules already initialized, skipping
Refreshing native plugins compatible for Editor in 0.46 ms, found 1 plugins.
Preloading 0 native plugins for Editor in 0.00 ms.
Unloading 1959 Unused Serialized files (Serialized files now loaded: 0)
System memory in use before: 95.1 MB.
System memory in use after: 95.1 MB.

Unloading 12 unused Assets to reduce memory usage. Loaded Objects now: 2511.
Total: 2.834900 ms (FindLiveObjects: 0.280700 ms CreateObjectMapping: 0.117100 ms MarkObjects: 2.289200 ms  DeleteObjects: 0.146500 ms)

========================================================================
Received Prepare
Registering precompiled user dll's ...
Registered in 0.000988 seconds.
Begin MonoManager ReloadAssembly
Native extension for WindowsStandalone target not found
Native extension for WebGL target not found
Refreshing native plugins compatible for Editor in 0.40 ms, found 1 plugins.
Preloading 0 native plugins for Editor in 0.00 ms.
Mono: successfully reloaded assembly
- Completed reload, in  1.016 seconds
Platform modules already initialized, skipping
Refreshing native plugins compatible for Editor in 0.40 ms, found 1 plugins.
Preloading 0 native plugins for Editor in 0.00 ms.
Unloading 1959 Unused Serialized files (Serialized files now loaded: 0)
System memory in use before: 95.1 MB.
System memory in use after: 95.1 MB.

Unloading 12 unused Assets to reduce memory usage. Loaded Objects now: 2515.
Total: 3.295300 ms (FindLiveObjects: 0.567400 ms CreateObjectMapping: 0.159600 ms MarkObjects: 2.446200 ms  DeleteObjects: 0.120600 ms)

========================================================================
Received Import Request.
  Time since last request: 1134.291452 seconds.
  path: Assets/Scenes SO/EndBranches/EndA/Scene2.asset
  artifactKey: Guid(ab4b9a7f25445a04297bede3469282cc) Importer(815301076,1909f56bfc062723c751e8b465ee728b)
Start importing Assets/Scenes SO/EndBranches/EndA/Scene2.asset using Guid(ab4b9a7f25445a04297bede3469282cc) Importer(815301076,1909f56bfc062723c751e8b465ee728b)  -> (artifact id: '7003d31f3f84addd3eb2ed5a05a6476b') in 0.026203 seconds
  Import took 0.030593 seconds .

========================================================================
Received Prepare
Registering precompiled user dll's ...
Registered in 0.000941 seconds.
Begin MonoManager ReloadAssembly
Native extension for WindowsStandalone target not found
Native extension for WebGL target not found
Refreshing native plugins compatible for Editor in 0.40 ms, found 1 plugins.
Preloading 0 native plugins for Editor in 0.00 ms.
Mono: successfully reloaded assembly
- Completed reload, in  0.936 seconds
Platform modules already initialized, skipping
Refreshing native plugins compatible for Editor in 0.40 ms, found 1 plugins.
Preloading 0 native plugins for Editor in 0.00 ms.
Unloading 1959 Unused Serialized files (Serialized files now loaded: 0)
System memory in use before: 95.1 MB.
System memory in use after: 95.1 MB.

Unloading 12 unused Assets to reduce memory usage. Loaded Objects now: 2519.
Total: 2.601100 ms (FindLiveObjects: 0.207100 ms CreateObjectMapping: 0.080400 ms MarkObjects: 2.158000 ms  DeleteObjects: 0.154500 ms)

========================================================================
Received Prepare
Registering precompiled user dll's ...
Registered in 0.001957 seconds.
Begin MonoManager ReloadAssembly
Native extension for WindowsStandalone target not found
Native extension for WebGL target not found
Refreshing native plugins compatible for Editor in 0.40 ms, found 1 plugins.
Preloading 0 native plugins for Editor in 0.00 ms.
Mono: successfully reloaded assembly
- Completed reload, in  0.942 seconds
Platform modules already initialized, skipping
Refreshing native plugins compatible for Editor in 0.58 ms, found 1 plugins.
Preloading 0 native plugins for Editor in 0.00 ms.
Unloading 1959 Unused Serialized files (Serialized files now loaded: 0)
System memory in use before: 95.1 MB.
System memory in use after: 95.1 MB.

Unloading 12 unused Assets to reduce memory usage. Loaded Objects now: 2523.
Total: 2.309100 ms (FindLiveObjects: 0.318300 ms CreateObjectMapping: 0.123100 ms MarkObjects: 1.753100 ms  DeleteObjects: 0.113400 ms)

========================================================================
Received Import Request.
  Time since last request: 657.860776 seconds.
  path: Assets/Animations/Character/CharacterUITemplate.controller
  artifactKey: Guid(0867ee5959147164da2bbdb9a8e2b293) Importer(815301076,1909f56bfc062723c751e8b465ee728b)
Start importing Assets/Animations/Character/CharacterUITemplate.controller using Guid(0867ee5959147164da2bbdb9a8e2b293) Importer(815301076,1909f56bfc062723c751e8b465ee728b)  -> (artifact id: '85595bb7ce9f0b127c54f96393b7a64e') in 0.037503 seconds
  Import took 0.042305 seconds .

========================================================================
Received Prepare
Registering precompiled user dll's ...
Registered in 0.001207 seconds.
Begin MonoManager ReloadAssembly
Native extension for WindowsStandalone target not found
Native extension for WebGL target not found
Refreshing native plugins compatible for Editor in 1.18 ms, found 1 plugins.
Preloading 0 native plugins for Editor in 0.00 ms.
Mono: successfully reloaded assembly
- Completed reload, in  0.982 seconds
Platform modules already initialized, skipping
Refreshing native plugins compatible for Editor in 0.55 ms, found 1 plugins.
Preloading 0 native plugins for Editor in 0.00 ms.
Unloading 1959 Unused Serialized files (Serialized files now loaded: 0)
System memory in use before: 95.2 MB.
System memory in use after: 95.1 MB.

Unloading 12 unused Assets to reduce memory usage. Loaded Objects now: 2527.
Total: 3.397100 ms (FindLiveObjects: 0.276700 ms CreateObjectMapping: 0.115900 ms MarkObjects: 2.841800 ms  DeleteObjects: 0.160900 ms)

========================================================================
Received Prepare
Registering precompiled user dll's ...
Registered in 0.001246 seconds.
Begin MonoManager ReloadAssembly
Native extension for WindowsStandalone target not found
Native extension for WebGL target not found
Refreshing native plugins compatible for Editor in 0.65 ms, found 1 plugins.
Preloading 0 native plugins for Editor in 0.00 ms.
Mono: successfully reloaded assembly
- Completed reload, in  1.396 seconds
Platform modules already initialized, skipping
Refreshing native plugins compatible for Editor in 0.64 ms, found 1 plugins.
Preloading 0 native plugins for Editor in 0.00 ms.
Unloading 1959 Unused Serialized files (Serialized files now loaded: 0)
System memory in use before: 95.2 MB.
System memory in use after: 95.2 MB.

Unloading 12 unused Assets to reduce memory usage. Loaded Objects now: 2531.
Total: 3.105600 ms (FindLiveObjects: 0.459300 ms CreateObjectMapping: 0.110600 ms MarkObjects: 2.386100 ms  DeleteObjects: 0.147800 ms)

========================================================================
Received Prepare
Registering precompiled user dll's ...
Registered in 0.001479 seconds.
Begin MonoManager ReloadAssembly
Native extension for WindowsStandalone target not found
Native extension for WebGL target not found
Refreshing native plugins compatible for Editor in 0.40 ms, found 1 plugins.
Preloading 0 native plugins for Editor in 0.00 ms.
Mono: successfully reloaded assembly
- Completed reload, in  0.905 seconds
Platform modules already initialized, skipping
Refreshing native plugins compatible for Editor in 0.41 ms, found 1 plugins.
Preloading 0 native plugins for Editor in 0.00 ms.
Unloading 1959 Unused Serialized files (Serialized files now loaded: 0)
System memory in use before: 95.2 MB.
System memory in use after: 95.2 MB.

Unloading 12 unused Assets to reduce memory usage. Loaded Objects now: 2535.
Total: 2.552300 ms (FindLiveObjects: 0.405500 ms CreateObjectMapping: 0.152700 ms MarkObjects: 1.872600 ms  DeleteObjects: 0.120700 ms)

========================================================================
Received Prepare
Registering precompiled user dll's ...
Registered in 0.001012 seconds.
Begin MonoManager ReloadAssembly
Native extension for WindowsStandalone target not found
Native extension for WebGL target not found
Refreshing native plugins compatible for Editor in 0.46 ms, found 1 plugins.
Preloading 0 native plugins for Editor in 0.00 ms.
Mono: successfully reloaded assembly
- Completed reload, in  0.841 seconds
Platform modules already initialized, skipping
Refreshing native plugins compatible for Editor in 0.38 ms, found 1 plugins.
Preloading 0 native plugins for Editor in 0.00 ms.
Unloading 1959 Unused Serialized files (Serialized files now loaded: 0)
System memory in use before: 95.2 MB.
System memory in use after: 95.2 MB.

Unloading 12 unused Assets to reduce memory usage. Loaded Objects now: 2539.
Total: 2.429600 ms (FindLiveObjects: 0.265400 ms CreateObjectMapping: 0.075600 ms MarkObjects: 1.962000 ms  DeleteObjects: 0.125500 ms)

AssetImportWorkerClient::OnTransportError - code=2 error=End of file
