Using pre-set license
Built from '2020.3/staging' branch; Version is '2020.3.5f1 (8095aa901b9b) revision 8426922'; Using compiler version '192528614'; Build Type 'Release'
OS: 'Windows 10 Home; OS build 19044.1826; Version 2009; 64bit' Language: 'en' Physical Memory: 16248 MB
BatchMode: 1, IsHumanControllingUs: 0, StartBugReporterOnCrash: 0, Is64bit: 1, IsPro: 0

 COMMAND LINE ARGUMENTS:
C:\Program Files\Unity\Hub\Editor\2020.3.5f1\Editor\Unity.exe
-adb2
-batchMode
-noUpm
-name
AssetImportWorker0
-projectPath
C:/Users/User/Desktop/GameDev/Original/MurderMystery/MurderMystery-UNITY-/MurderMystery
-logFile
Logs/AssetImportWorker0.log
-srvPort
63004
Successfully changed project path to: C:/Users/User/Desktop/GameDev/Original/MurderMystery/MurderMystery-UNITY-/MurderMystery
C:/Users/User/Desktop/GameDev/Original/MurderMystery/MurderMystery-UNITY-/MurderMystery
Using Asset Import Pipeline V2.
Refreshing native plugins compatible for Editor in 44.05 ms, found 1 plugins.
Preloading 0 native plugins for Editor in 0.00 ms.
Initialize engine version: 2020.3.5f1 (8095aa901b9b)
[Subsystems] Discovering subsystems at path C:/Program Files/Unity/Hub/Editor/2020.3.5f1/Editor/Data/Resources/UnitySubsystems
[Subsystems] Discovering subsystems at path C:/Users/User/Desktop/GameDev/Original/MurderMystery/MurderMystery-UNITY-/MurderMystery/Assets
GfxDevice: creating device client; threaded=0
Direct3D:
    Version:  Direct3D 11.0 [level 11.1]
    Renderer: Radeon (TM) 520 (ID=0x6665)
    Vendor:   
    VRAM:     2039 MB
    Driver:   27.20.20904.4000
Initialize mono
Mono path[0] = 'C:/Program Files/Unity/Hub/Editor/2020.3.5f1/Editor/Data/Managed'
Mono path[1] = 'C:/Program Files/Unity/Hub/Editor/2020.3.5f1/Editor/Data/MonoBleedingEdge/lib/mono/unityjit'
Mono config path = 'C:/Program Files/Unity/Hub/Editor/2020.3.5f1/Editor/Data/MonoBleedingEdge/etc'
Using monoOptions --debugger-agent=transport=dt_socket,embedding=1,server=y,suspend=n,address=127.0.0.1:56356
Begin MonoManager ReloadAssembly
Registering precompiled unity dll's ...
Register platform support module: C:/Program Files/Unity/Hub/Editor/2020.3.5f1/Editor/Data/PlaybackEngines/WebGLSupport/UnityEditor.WebGL.Extensions.dll
Register platform support module: C:/Program Files/Unity/Hub/Editor/2020.3.5f1/Editor/Data/PlaybackEngines/WindowsStandaloneSupport/UnityEditor.WindowsStandalone.Extensions.dll
Registered in 0.002481 seconds.
Native extension for WindowsStandalone target not found
Native extension for WebGL target not found
Refreshing native plugins compatible for Editor in 42.03 ms, found 1 plugins.
Preloading 0 native plugins for Editor in 0.00 ms.
Mono: successfully reloaded assembly
- Completed reload, in  3.881 seconds
Platform modules already initialized, skipping
Registering precompiled user dll's ...
Registered in 0.001097 seconds.
Begin MonoManager ReloadAssembly
Native extension for WindowsStandalone target not found
Native extension for WebGL target not found
Refreshing native plugins compatible for Editor in 41.47 ms, found 1 plugins.
Preloading 0 native plugins for Editor in 0.00 ms.
Mono: successfully reloaded assembly
- Completed reload, in  1.058 seconds
Platform modules already initialized, skipping
========================================================================
Worker process is ready to serve import requests
Launched and connected shader compiler UnityShaderCompiler.exe after 0.04 seconds
Refreshing native plugins compatible for Editor in 0.35 ms, found 1 plugins.
Preloading 0 native plugins for Editor in 0.00 ms.
Unloading 1875 Unused Serialized files (Serialized files now loaded: 0)
System memory in use before: 89.7 MB.
System memory in use after: 89.6 MB.

Unloading 24 unused Assets to reduce memory usage. Loaded Objects now: 2321.
Total: 2.136500 ms (FindLiveObjects: 0.200100 ms CreateObjectMapping: 0.083100 ms MarkObjects: 1.716700 ms  DeleteObjects: 0.135100 ms)

========================================================================
Received Import Request.
  path: Assets/Scenes SO/MainBranch/Scene 5.asset
  artifactKey: Guid(e0e0b3ec82d1daf4ab3a7f7c9564ca8b) Importer(815301076,1909f56bfc062723c751e8b465ee728b)
Start importing Assets/Scenes SO/MainBranch/Scene 5.asset using Guid(e0e0b3ec82d1daf4ab3a7f7c9564ca8b) Importer(815301076,1909f56bfc062723c751e8b465ee728b)  -> (artifact id: '4441dff6b0804296905fe2073327fc29') in 0.029007 seconds
  Import took 0.032484 seconds .

========================================================================
Received Import Request.
  Time since last request: 10.174390 seconds.
  path: Assets/Scenes SO/MainBranch/Scene 5.asset
  artifactKey: Guid(e0e0b3ec82d1daf4ab3a7f7c9564ca8b) Importer(815301076,1909f56bfc062723c751e8b465ee728b)
Start importing Assets/Scenes SO/MainBranch/Scene 5.asset using Guid(e0e0b3ec82d1daf4ab3a7f7c9564ca8b) Importer(815301076,1909f56bfc062723c751e8b465ee728b)  -> (artifact id: 'e8cf8f9bb2d02a62cd4cbecd25a0a409') in 0.005336 seconds
  Import took 0.016184 seconds .

========================================================================
Received Import Request.
  Time since last request: 203.733723 seconds.
  path: Assets/Characters/Angella.asset
  artifactKey: Guid(8995cc24c6bd44848a1ebdac7439026e) Importer(815301076,1909f56bfc062723c751e8b465ee728b)
Start importing Assets/Characters/Angella.asset using Guid(8995cc24c6bd44848a1ebdac7439026e) Importer(815301076,1909f56bfc062723c751e8b465ee728b)  -> (artifact id: 'ae0a74be5cd70a16a795aae45a1f003a') in 0.008945 seconds
  Import took 0.012777 seconds .

========================================================================
Received Import Request.
  Time since last request: 0.000315 seconds.
  path: Assets/Characters/Angella.asset
  artifactKey: Guid(8995cc24c6bd44848a1ebdac7439026e) Importer(815301076,1909f56bfc062723c751e8b465ee728b)
Start importing Assets/Characters/Angella.asset using Guid(8995cc24c6bd44848a1ebdac7439026e) Importer(815301076,1909f56bfc062723c751e8b465ee728b)  -> (artifact id: 'ae0a74be5cd70a16a795aae45a1f003a') in 0.004960 seconds
  Import took 0.009062 seconds .

========================================================================
Received Import Request.
  Time since last request: 15.118415 seconds.
  path: Assets/Characters Sprite/Kevin/Kevin-1.png
  artifactKey: Guid(0ac1a467162c0474eb7b430d8140c301) Importer(815301076,1909f56bfc062723c751e8b465ee728b)
Start importing Assets/Characters Sprite/Kevin/Kevin-1.png using Guid(0ac1a467162c0474eb7b430d8140c301) Importer(815301076,1909f56bfc062723c751e8b465ee728b)  -> (artifact id: '16ba0c48ed9504d0f03ab76667a8494b') in 0.090942 seconds
  Import took 0.094485 seconds .

========================================================================
Received Import Request.
  Time since last request: 8.447799 seconds.
  path: Assets/Characters Sprite/Kevin/Kevin-2.png
  artifactKey: Guid(def687a54f5f50149b571c6a0c45d26d) Importer(815301076,1909f56bfc062723c751e8b465ee728b)
Start importing Assets/Characters Sprite/Kevin/Kevin-2.png using Guid(def687a54f5f50149b571c6a0c45d26d) Importer(815301076,1909f56bfc062723c751e8b465ee728b)  -> (artifact id: '79bddfe85e5719e3f5d48c5fa232890a') in 0.023235 seconds
  Import took 0.027120 seconds .

========================================================================
Received Import Request.
  Time since last request: 28.006036 seconds.
  path: Assets/Characters Sprite/You(male)/Charamale.png
  artifactKey: Guid(0de1e26c26a36ac4c9b4446c93dd19ac) Importer(815301076,1909f56bfc062723c751e8b465ee728b)
Start importing Assets/Characters Sprite/You(male)/Charamale.png using Guid(0de1e26c26a36ac4c9b4446c93dd19ac) Importer(815301076,1909f56bfc062723c751e8b465ee728b)  -> (artifact id: 'da46608731d7c13a106c2b315af944b9') in 0.034749 seconds
  Import took 0.038286 seconds .

========================================================================
Received Import Request.
  Time since last request: 0.000259 seconds.
  path: Assets/Characters Sprite/You(female)/femaleHalf.png
  artifactKey: Guid(f0fe01b7a89be4d4d88e25017926fd6d) Importer(815301076,1909f56bfc062723c751e8b465ee728b)
Start importing Assets/Characters Sprite/You(female)/femaleHalf.png using Guid(f0fe01b7a89be4d4d88e25017926fd6d) Importer(815301076,1909f56bfc062723c751e8b465ee728b)  -> (artifact id: 'c1b0f5004b496c0e22150d97fbc2b387') in 0.066095 seconds
  Import took 0.068894 seconds .

========================================================================
Received Import Request.
  Time since last request: 0.000319 seconds.
  path: Assets/Characters Sprite/Emily/EmilyNormal.png
  artifactKey: Guid(ac29942c8ec606442abf72cd7e8b33d8) Importer(815301076,1909f56bfc062723c751e8b465ee728b)
Start importing Assets/Characters Sprite/Emily/EmilyNormal.png using Guid(ac29942c8ec606442abf72cd7e8b33d8) Importer(815301076,1909f56bfc062723c751e8b465ee728b)  -> (artifact id: '312a98f4bc9f1e140923e083440690b9') in 0.014593 seconds
  Import took 0.018087 seconds .

========================================================================
Received Import Request.
  Time since last request: 0.000417 seconds.
  path: Assets/Characters Sprite/You(female)/femaleChara.png
  artifactKey: Guid(9755b40444f353d458d14a55b024f7d6) Importer(815301076,1909f56bfc062723c751e8b465ee728b)
Start importing Assets/Characters Sprite/You(female)/femaleChara.png using Guid(9755b40444f353d458d14a55b024f7d6) Importer(815301076,1909f56bfc062723c751e8b465ee728b)  -> (artifact id: '81ca151a38cfb6c980ecfccc4e155ad8') in 0.023125 seconds
  Import took 0.026312 seconds .

========================================================================
Received Import Request.
  Time since last request: 15.980398 seconds.
  path: Assets/Characters Sprite/You(male)/maleCharacterCropped.png
  artifactKey: Guid(09331ff5299ce504fa8d34f52b83f155) Importer(815301076,1909f56bfc062723c751e8b465ee728b)
Start importing Assets/Characters Sprite/You(male)/maleCharacterCropped.png using Guid(09331ff5299ce504fa8d34f52b83f155) Importer(815301076,1909f56bfc062723c751e8b465ee728b)  -> (artifact id: '24085ec98558207b82f808f73880b52a') in 0.019079 seconds
  Import took 0.022753 seconds .

========================================================================
Received Import Request.
  Time since last request: 0.006543 seconds.
  path: Assets/Characters Sprite/You(male)/maleCharacterCropped.png
  artifactKey: Guid(09331ff5299ce504fa8d34f52b83f155) Importer(815301076,1909f56bfc062723c751e8b465ee728b)
Start importing Assets/Characters Sprite/You(male)/maleCharacterCropped.png using Guid(09331ff5299ce504fa8d34f52b83f155) Importer(815301076,1909f56bfc062723c751e8b465ee728b)  -> (artifact id: '24085ec98558207b82f808f73880b52a') in 0.015549 seconds
  Import took 0.018912 seconds .

========================================================================
Received Prepare
Registering precompiled user dll's ...
Registered in 0.001533 seconds.
Begin MonoManager ReloadAssembly
Native extension for WindowsStandalone target not found
Native extension for WebGL target not found
Refreshing native plugins compatible for Editor in 0.41 ms, found 1 plugins.
Preloading 0 native plugins for Editor in 0.00 ms.
Mono: successfully reloaded assembly
- Completed reload, in  1.027 seconds
Platform modules already initialized, skipping
Refreshing native plugins compatible for Editor in 0.41 ms, found 1 plugins.
Preloading 0 native plugins for Editor in 0.00 ms.
Unloading 1856 Unused Serialized files (Serialized files now loaded: 0)
System memory in use before: 91.3 MB.
System memory in use after: 91.3 MB.

Unloading 12 unused Assets to reduce memory usage. Loaded Objects now: 2341.
Total: 2.333700 ms (FindLiveObjects: 0.186300 ms CreateObjectMapping: 0.075600 ms MarkObjects: 1.969500 ms  DeleteObjects: 0.101600 ms)

========================================================================
Received Import Request.
  Time since last request: 62.227253 seconds.
  path: Assets/Scenes SO/MainBranch/Scene 5.asset
  artifactKey: Guid(e0e0b3ec82d1daf4ab3a7f7c9564ca8b) Importer(815301076,1909f56bfc062723c751e8b465ee728b)
Start importing Assets/Scenes SO/MainBranch/Scene 5.asset using Guid(e0e0b3ec82d1daf4ab3a7f7c9564ca8b) Importer(815301076,1909f56bfc062723c751e8b465ee728b)  -> (artifact id: 'ae04f04bb50f207c41656ba3f9d90a51') in 0.019012 seconds
  Import took 0.022706 seconds .

========================================================================
Received Import Request.
  Time since last request: 0.008691 seconds.
  path: Assets/Scenes SO/MainBranch/Scene 5.asset
  artifactKey: Guid(e0e0b3ec82d1daf4ab3a7f7c9564ca8b) Importer(815301076,1909f56bfc062723c751e8b465ee728b)
Start importing Assets/Scenes SO/MainBranch/Scene 5.asset using Guid(e0e0b3ec82d1daf4ab3a7f7c9564ca8b) Importer(815301076,1909f56bfc062723c751e8b465ee728b)  -> (artifact id: 'ae04f04bb50f207c41656ba3f9d90a51') in 0.006762 seconds
  Import took 0.010814 seconds .

========================================================================
Received Import Request.
  Time since last request: 7.950858 seconds.
  path: Assets/Scenes SO/ABranchBeforeSplit/SceneA1.asset
  artifactKey: Guid(92f4a9398477a8347976f97988e48099) Importer(815301076,1909f56bfc062723c751e8b465ee728b)
Start importing Assets/Scenes SO/ABranchBeforeSplit/SceneA1.asset using Guid(92f4a9398477a8347976f97988e48099) Importer(815301076,1909f56bfc062723c751e8b465ee728b)  -> (artifact id: '35239f305bbba617d88a5cb59cf44869') in 0.014853 seconds
  Import took 0.018487 seconds .

========================================================================
Received Prepare
Registering precompiled user dll's ...
Registered in 0.001367 seconds.
Begin MonoManager ReloadAssembly
Native extension for WindowsStandalone target not found
Native extension for WebGL target not found
Refreshing native plugins compatible for Editor in 0.38 ms, found 1 plugins.
Preloading 0 native plugins for Editor in 0.00 ms.
Mono: successfully reloaded assembly
- Completed reload, in  0.893 seconds
Platform modules already initialized, skipping
Refreshing native plugins compatible for Editor in 0.37 ms, found 1 plugins.
Preloading 0 native plugins for Editor in 0.00 ms.
Unloading 1856 Unused Serialized files (Serialized files now loaded: 0)
System memory in use before: 91.6 MB.
System memory in use after: 91.6 MB.

Unloading 12 unused Assets to reduce memory usage. Loaded Objects now: 2345.
Total: 2.301500 ms (FindLiveObjects: 0.197200 ms CreateObjectMapping: 0.082300 ms MarkObjects: 1.918300 ms  DeleteObjects: 0.102100 ms)

========================================================================
Received Prepare
Registering precompiled user dll's ...
Registered in 0.000986 seconds.
Begin MonoManager ReloadAssembly
Native extension for WindowsStandalone target not found
Native extension for WebGL target not found
Refreshing native plugins compatible for Editor in 0.40 ms, found 1 plugins.
Preloading 0 native plugins for Editor in 0.00 ms.
Mono: successfully reloaded assembly
- Completed reload, in  0.925 seconds
Platform modules already initialized, skipping
Refreshing native plugins compatible for Editor in 0.38 ms, found 1 plugins.
Preloading 0 native plugins for Editor in 0.00 ms.
Unloading 1856 Unused Serialized files (Serialized files now loaded: 0)
System memory in use before: 91.6 MB.
System memory in use after: 91.6 MB.

Unloading 12 unused Assets to reduce memory usage. Loaded Objects now: 2349.
Total: 2.422000 ms (FindLiveObjects: 0.313200 ms CreateObjectMapping: 0.098200 ms MarkObjects: 1.882400 ms  DeleteObjects: 0.126700 ms)

AssetImportWorkerClient::OnTransportError - code=2 error=End of file
