Using pre-set license
Built from '2020.3/staging' branch; Version is '2020.3.5f1 (8095aa901b9b) revision 8426922'; Using compiler version '192528614'; Build Type 'Release'
OS: 'Windows 10 Home; OS build 19044.2006; Version 2009; 64bit' Language: 'en' Physical Memory: 16248 MB
BatchMode: 1, IsHumanControllingUs: 0, StartBugReporterOnCrash: 0, Is64bit: 1, IsPro: 0

 COMMAND LINE ARGUMENTS:
C:\Program Files\Unity\Hub\Editor\2020.3.5f1\Editor\Unity.exe
-adb2
-batchMode
-noUpm
-name
AssetImportWorker0
-projectPath
C:/Users/User/Desktop/GameDev/Original/MurderMystery/MurderMystery-UNITY-/MurderMystery
-logFile
Logs/AssetImportWorker0.log
-srvPort
61747
Successfully changed project path to: C:/Users/User/Desktop/GameDev/Original/MurderMystery/MurderMystery-UNITY-/MurderMystery
C:/Users/User/Desktop/GameDev/Original/MurderMystery/MurderMystery-UNITY-/MurderMystery
Using Asset Import Pipeline V2.
Refreshing native plugins compatible for Editor in 61.75 ms, found 1 plugins.
Preloading 0 native plugins for Editor in 0.00 ms.
Initialize engine version: 2020.3.5f1 (8095aa901b9b)
[Subsystems] Discovering subsystems at path C:/Program Files/Unity/Hub/Editor/2020.3.5f1/Editor/Data/Resources/UnitySubsystems
[Subsystems] Discovering subsystems at path C:/Users/User/Desktop/GameDev/Original/MurderMystery/MurderMystery-UNITY-/MurderMystery/Assets
GfxDevice: creating device client; threaded=0
Direct3D:
    Version:  Direct3D 11.0 [level 11.1]
    Renderer: Radeon (TM) 520 (ID=0x6665)
    Vendor:   
    VRAM:     2039 MB
    Driver:   27.20.20904.4000
Initialize mono
Mono path[0] = 'C:/Program Files/Unity/Hub/Editor/2020.3.5f1/Editor/Data/Managed'
Mono path[1] = 'C:/Program Files/Unity/Hub/Editor/2020.3.5f1/Editor/Data/MonoBleedingEdge/lib/mono/unityjit'
Mono config path = 'C:/Program Files/Unity/Hub/Editor/2020.3.5f1/Editor/Data/MonoBleedingEdge/etc'
Using monoOptions --debugger-agent=transport=dt_socket,embedding=1,server=y,suspend=n,address=127.0.0.1:56024
Begin MonoManager ReloadAssembly
Registering precompiled unity dll's ...
Register platform support module: C:/Program Files/Unity/Hub/Editor/2020.3.5f1/Editor/Data/PlaybackEngines/WebGLSupport/UnityEditor.WebGL.Extensions.dll
Register platform support module: C:/Program Files/Unity/Hub/Editor/2020.3.5f1/Editor/Data/PlaybackEngines/WindowsStandaloneSupport/UnityEditor.WindowsStandalone.Extensions.dll
Registered in 0.002847 seconds.
Native extension for WindowsStandalone target not found
Native extension for WebGL target not found
Refreshing native plugins compatible for Editor in 56.24 ms, found 1 plugins.
Preloading 0 native plugins for Editor in 0.00 ms.
Mono: successfully reloaded assembly
- Completed reload, in  4.364 seconds
Platform modules already initialized, skipping
Registering precompiled user dll's ...
Registered in 0.001268 seconds.
Begin MonoManager ReloadAssembly
Native extension for WindowsStandalone target not found
Native extension for WebGL target not found
Refreshing native plugins compatible for Editor in 56.17 ms, found 1 plugins.
Preloading 0 native plugins for Editor in 0.00 ms.
Mono: successfully reloaded assembly
- Completed reload, in  1.292 seconds
Platform modules already initialized, skipping
========================================================================
Worker process is ready to serve import requests
Launched and connected shader compiler UnityShaderCompiler.exe after 0.06 seconds
Refreshing native plugins compatible for Editor in 0.48 ms, found 1 plugins.
Preloading 0 native plugins for Editor in 0.00 ms.
Unloading 2005 Unused Serialized files (Serialized files now loaded: 0)
System memory in use before: 99.0 MB.
System memory in use after: 98.9 MB.

Unloading 24 unused Assets to reduce memory usage. Loaded Objects now: 2451.
Total: 3.315000 ms (FindLiveObjects: 0.253100 ms CreateObjectMapping: 0.148100 ms MarkObjects: 2.667600 ms  DeleteObjects: 0.244600 ms)

========================================================================
Received Import Request.
  path: Assets/Scenes SO/MainBranch/18.LastOfMain/Scene 54.asset
  artifactKey: Guid(5e2a59bbe1dc15341803a5d8783c7677) Importer(815301076,1909f56bfc062723c751e8b465ee728b)
Start importing Assets/Scenes SO/MainBranch/18.LastOfMain/Scene 54.asset using Guid(5e2a59bbe1dc15341803a5d8783c7677) Importer(815301076,1909f56bfc062723c751e8b465ee728b)  -> (artifact id: '7fe7a968dde916a325e5c78f5879e377') in 0.044833 seconds
  Import took 0.049620 seconds .

========================================================================
Received Import Request.
  Time since last request: 0.030444 seconds.
  path: Assets/Scenes SO/MainBranch/18.LastOfMain/Scene 54.asset
  artifactKey: Guid(5e2a59bbe1dc15341803a5d8783c7677) Importer(815301076,1909f56bfc062723c751e8b465ee728b)
Start importing Assets/Scenes SO/MainBranch/18.LastOfMain/Scene 54.asset using Guid(5e2a59bbe1dc15341803a5d8783c7677) Importer(815301076,1909f56bfc062723c751e8b465ee728b)  -> (artifact id: '7fe7a968dde916a325e5c78f5879e377') in 0.006005 seconds
  Import took 0.010170 seconds .

========================================================================
Received Import Request.
  Time since last request: 69.856562 seconds.
  path: Assets/Scenes SO/ABranchBeforeSplit/SceneA1.asset
  artifactKey: Guid(92f4a9398477a8347976f97988e48099) Importer(815301076,1909f56bfc062723c751e8b465ee728b)
Start importing Assets/Scenes SO/ABranchBeforeSplit/SceneA1.asset using Guid(92f4a9398477a8347976f97988e48099) Importer(815301076,1909f56bfc062723c751e8b465ee728b)  -> (artifact id: '924e7615bd791c8693985d3d156bd63e') in 0.011895 seconds
  Import took 0.015382 seconds .

========================================================================
Received Import Request.
  Time since last request: 0.005532 seconds.
  path: Assets/Scenes SO/ABranchBeforeSplit/SceneA1.asset
  artifactKey: Guid(92f4a9398477a8347976f97988e48099) Importer(815301076,1909f56bfc062723c751e8b465ee728b)
Start importing Assets/Scenes SO/ABranchBeforeSplit/SceneA1.asset using Guid(92f4a9398477a8347976f97988e48099) Importer(815301076,1909f56bfc062723c751e8b465ee728b)  -> (artifact id: '924e7615bd791c8693985d3d156bd63e') in 0.007946 seconds
  Import took 0.012064 seconds .

========================================================================
Received Prepare
Registering precompiled user dll's ...
Registered in 0.001176 seconds.
Begin MonoManager ReloadAssembly
Native extension for WindowsStandalone target not found
Native extension for WebGL target not found
Refreshing native plugins compatible for Editor in 0.49 ms, found 1 plugins.
Preloading 0 native plugins for Editor in 0.00 ms.
Mono: successfully reloaded assembly
- Completed reload, in  1.285 seconds
Platform modules already initialized, skipping
Refreshing native plugins compatible for Editor in 0.49 ms, found 1 plugins.
Preloading 0 native plugins for Editor in 0.00 ms.
Unloading 1959 Unused Serialized files (Serialized files now loaded: 0)
System memory in use before: 94.9 MB.
System memory in use after: 94.9 MB.

Unloading 12 unused Assets to reduce memory usage. Loaded Objects now: 2455.
Total: 2.685500 ms (FindLiveObjects: 0.229200 ms CreateObjectMapping: 0.103100 ms MarkObjects: 2.212600 ms  DeleteObjects: 0.138600 ms)

========================================================================
Received Import Request.
  Time since last request: 48.440598 seconds.
  path: Assets/Scenes SO/EndBranches/EndA/Main/Scene 1.asset
  artifactKey: Guid(5e2a59bbe1dc15341803a5d8783c7677) Importer(815301076,1909f56bfc062723c751e8b465ee728b)
Start importing Assets/Scenes SO/EndBranches/EndA/Main/Scene 1.asset using Guid(5e2a59bbe1dc15341803a5d8783c7677) Importer(815301076,1909f56bfc062723c751e8b465ee728b)  -> (artifact id: '969625c89df5318c108d50f569f702c2') in 0.023903 seconds
  Import took 0.027968 seconds .

========================================================================
Received Import Request.
  Time since last request: 1.200990 seconds.
  path: Assets/Scenes SO/EndBranches/EndA/Main/Scene 2.asset
  artifactKey: Guid(a64837ee165167b4ebcd4e23843d9e60) Importer(815301076,1909f56bfc062723c751e8b465ee728b)
Start importing Assets/Scenes SO/EndBranches/EndA/Main/Scene 2.asset using Guid(a64837ee165167b4ebcd4e23843d9e60) Importer(815301076,1909f56bfc062723c751e8b465ee728b)  -> (artifact id: 'a0901c33e1331288db0671dc1626d674') in 0.010853 seconds
  Import took 0.014729 seconds .

========================================================================
Received Import Request.
  Time since last request: 12.309889 seconds.
  path: Assets/Scenes SO/EndBranches/EndB/Main/Scene 1.asset
  artifactKey: Guid(a64837ee165167b4ebcd4e23843d9e60) Importer(815301076,1909f56bfc062723c751e8b465ee728b)
Start importing Assets/Scenes SO/EndBranches/EndB/Main/Scene 1.asset using Guid(a64837ee165167b4ebcd4e23843d9e60) Importer(815301076,1909f56bfc062723c751e8b465ee728b)  -> (artifact id: '719f04335db97f78d16321e446c35049') in 0.004814 seconds
  Import took 0.008068 seconds .

========================================================================
Received Import Request.
  Time since last request: 11.683534 seconds.
  path: Assets/Scenes SO/EndBranches/EndC/Main/Scene 2.asset
  artifactKey: Guid(e920062f0ea8d3841bbc5e27206dd669) Importer(815301076,1909f56bfc062723c751e8b465ee728b)
Start importing Assets/Scenes SO/EndBranches/EndC/Main/Scene 2.asset using Guid(e920062f0ea8d3841bbc5e27206dd669) Importer(815301076,1909f56bfc062723c751e8b465ee728b)  -> (artifact id: 'c0bcb35ca31413b845bf7e66fffb29f1') in 0.006756 seconds
  Import took 0.011199 seconds .

========================================================================
Received Import Request.
  Time since last request: 4.409548 seconds.
  path: Assets/Scenes SO/EndBranches/EndB/Main/Scene 1.asset
  artifactKey: Guid(e920062f0ea8d3841bbc5e27206dd669) Importer(815301076,1909f56bfc062723c751e8b465ee728b)
Start importing Assets/Scenes SO/EndBranches/EndB/Main/Scene 1.asset using Guid(e920062f0ea8d3841bbc5e27206dd669) Importer(815301076,1909f56bfc062723c751e8b465ee728b)  -> (artifact id: 'cf033d7c6de917153fb8abd3ca4a66e3') in 0.005093 seconds
  Import took 0.009267 seconds .

========================================================================
Received Import Request.
  Time since last request: 24.862362 seconds.
  path: Assets/Scenes/GameScene.unity
  artifactKey: Guid(2cda990e2423bbf4892e6590ba056729) Importer(815301076,1909f56bfc062723c751e8b465ee728b)
Start importing Assets/Scenes/GameScene.unity using Guid(2cda990e2423bbf4892e6590ba056729) Importer(815301076,1909f56bfc062723c751e8b465ee728b)  -> (artifact id: '35b23e1b5f6792ab19a647fbb02af242') in 0.004175 seconds
  Import took 0.008024 seconds .

========================================================================
Received Import Request.
  Time since last request: 0.000892 seconds.
  path: Assets/Scenes/GameScene.unity
  artifactKey: Guid(2cda990e2423bbf4892e6590ba056729) Importer(815301076,1909f56bfc062723c751e8b465ee728b)
Start importing Assets/Scenes/GameScene.unity using Guid(2cda990e2423bbf4892e6590ba056729) Importer(815301076,1909f56bfc062723c751e8b465ee728b)  -> (artifact id: '35b23e1b5f6792ab19a647fbb02af242') in 0.002413 seconds
  Import took 0.005894 seconds .

========================================================================
Received Import Request.
  Time since last request: 23.639112 seconds.
  path: Assets/Scenes SO/EndBranches/EndA/Main/Scene 1.asset
  artifactKey: Guid(5e2a59bbe1dc15341803a5d8783c7677) Importer(815301076,1909f56bfc062723c751e8b465ee728b)
Start importing Assets/Scenes SO/EndBranches/EndA/Main/Scene 1.asset using Guid(5e2a59bbe1dc15341803a5d8783c7677) Importer(815301076,1909f56bfc062723c751e8b465ee728b)  -> (artifact id: 'e75b7ffd9a40e80546b782197aed1802') in 0.004888 seconds
  Import took 0.008042 seconds .

========================================================================
Received Prepare
Registering precompiled user dll's ...
Registered in 0.001234 seconds.
Begin MonoManager ReloadAssembly
Native extension for WindowsStandalone target not found
Native extension for WebGL target not found
Refreshing native plugins compatible for Editor in 0.53 ms, found 1 plugins.
Preloading 0 native plugins for Editor in 0.00 ms.
Mono: successfully reloaded assembly
- Completed reload, in  1.421 seconds
Platform modules already initialized, skipping
Refreshing native plugins compatible for Editor in 0.55 ms, found 1 plugins.
Preloading 0 native plugins for Editor in 0.00 ms.
Unloading 1959 Unused Serialized files (Serialized files now loaded: 0)
System memory in use before: 95.0 MB.
System memory in use after: 94.9 MB.

Unloading 12 unused Assets to reduce memory usage. Loaded Objects now: 2459.
Total: 2.970800 ms (FindLiveObjects: 0.243400 ms CreateObjectMapping: 0.109600 ms MarkObjects: 2.470100 ms  DeleteObjects: 0.146100 ms)

========================================================================
Received Import Request.
  Time since last request: 109.740186 seconds.
  path: Assets/Scenes/GameScene.unity
  artifactKey: Guid(2cda990e2423bbf4892e6590ba056729) Importer(815301076,1909f56bfc062723c751e8b465ee728b)
Start importing Assets/Scenes/GameScene.unity using Guid(2cda990e2423bbf4892e6590ba056729) Importer(815301076,1909f56bfc062723c751e8b465ee728b)  -> (artifact id: 'bfbee545c30b42ca069e46fa0e0c3567') in 0.014560 seconds
  Import took 0.019397 seconds .

========================================================================
Received Import Request.
  Time since last request: 274.000692 seconds.
  path: Assets/Scenes SO/MainBranch/16.FindingKiller/Scene 49.asset
  artifactKey: Guid(213fe8d18d3e93c4eae1dc0dbb74409b) Importer(815301076,1909f56bfc062723c751e8b465ee728b)
Start importing Assets/Scenes SO/MainBranch/16.FindingKiller/Scene 49.asset using Guid(213fe8d18d3e93c4eae1dc0dbb74409b) Importer(815301076,1909f56bfc062723c751e8b465ee728b)  -> (artifact id: '3f36ae2421aef7b68290f189c39d6a3b') in 0.024239 seconds
  Import took 0.029100 seconds .

========================================================================
Received Import Request.
  Time since last request: 0.000745 seconds.
  path: Assets/Scenes SO/MainBranch/16.FindingKiller/Scene 49.asset
  artifactKey: Guid(213fe8d18d3e93c4eae1dc0dbb74409b) Importer(815301076,1909f56bfc062723c751e8b465ee728b)
Start importing Assets/Scenes SO/MainBranch/16.FindingKiller/Scene 49.asset using Guid(213fe8d18d3e93c4eae1dc0dbb74409b) Importer(815301076,1909f56bfc062723c751e8b465ee728b)  -> (artifact id: '3f36ae2421aef7b68290f189c39d6a3b') in 0.010003 seconds
  Import took 0.014627 seconds .

========================================================================
Received Import Request.
  Time since last request: 11.688376 seconds.
  path: Assets/Scenes SO/MainBranch/15.WinstonHit/Scene 47.asset
  artifactKey: Guid(352d5992111da7b49be92e7ee1fbbec1) Importer(815301076,1909f56bfc062723c751e8b465ee728b)
Start importing Assets/Scenes SO/MainBranch/15.WinstonHit/Scene 47.asset using Guid(352d5992111da7b49be92e7ee1fbbec1) Importer(815301076,1909f56bfc062723c751e8b465ee728b)  -> (artifact id: '2e39ca7657c386fd4184dec2722cf2de') in 0.004758 seconds
  Import took 0.009590 seconds .

========================================================================
Received Prepare
Registering precompiled user dll's ...
Registered in 0.003490 seconds.
Begin MonoManager ReloadAssembly
Native extension for WindowsStandalone target not found
Native extension for WebGL target not found
Refreshing native plugins compatible for Editor in 0.58 ms, found 1 plugins.
Preloading 0 native plugins for Editor in 0.00 ms.
Mono: successfully reloaded assembly
- Completed reload, in  2.036 seconds
Platform modules already initialized, skipping
Refreshing native plugins compatible for Editor in 0.91 ms, found 1 plugins.
Preloading 0 native plugins for Editor in 0.00 ms.
Unloading 1959 Unused Serialized files (Serialized files now loaded: 0)
System memory in use before: 95.0 MB.
System memory in use after: 95.0 MB.

Unloading 12 unused Assets to reduce memory usage. Loaded Objects now: 2463.
Total: 3.972800 ms (FindLiveObjects: 0.669100 ms CreateObjectMapping: 0.259800 ms MarkObjects: 2.820000 ms  DeleteObjects: 0.219700 ms)

========================================================================
Received Import Request.
  Time since last request: 476.585322 seconds.
  path: Assets/Scenes SO/EndBranches/EndA/Main/Scene 2.asset
  artifactKey: Guid(b36560f1ebe90a14a8ce8454bc868ecb) Importer(815301076,1909f56bfc062723c751e8b465ee728b)
Start importing Assets/Scenes SO/EndBranches/EndA/Main/Scene 2.asset using Guid(b36560f1ebe90a14a8ce8454bc868ecb) Importer(815301076,1909f56bfc062723c751e8b465ee728b)  -> (artifact id: '92d80b8b48e5297c9d0f411648562b79') in 0.024297 seconds
  Import took 0.029448 seconds .

========================================================================
Received Import Request.
  Time since last request: 306.997780 seconds.
  path: Assets/Scenes SO/EndBranches/EndA/Main/Scene 3.asset
  artifactKey: Guid(6006d6ae42d91fd4fb142aad1d31b2d6) Importer(815301076,1909f56bfc062723c751e8b465ee728b)
Start importing Assets/Scenes SO/EndBranches/EndA/Main/Scene 3.asset using Guid(6006d6ae42d91fd4fb142aad1d31b2d6) Importer(815301076,1909f56bfc062723c751e8b465ee728b)  -> (artifact id: '3580c82a2385be5eebf88ccaf8f8b568') in 0.009000 seconds
  Import took 0.014624 seconds .

========================================================================
Received Import Request.
  Time since last request: 4.979122 seconds.
  path: Assets/Scenes SO/EndBranches/EndA/Main/Scene 2.asset
  artifactKey: Guid(b36560f1ebe90a14a8ce8454bc868ecb) Importer(815301076,1909f56bfc062723c751e8b465ee728b)
Start importing Assets/Scenes SO/EndBranches/EndA/Main/Scene 2.asset using Guid(b36560f1ebe90a14a8ce8454bc868ecb) Importer(815301076,1909f56bfc062723c751e8b465ee728b)  -> (artifact id: '11b3cfdc94d30c2c176a870eb9d22148') in 0.004708 seconds
  Import took 0.008552 seconds .

========================================================================
Received Import Request.
  Time since last request: 42.081040 seconds.
  path: Assets/Scenes SO/EndBranches/EndA/Main/Scene 4.asset
  artifactKey: Guid(ac8da7a2dc114184c9a0d4d1547d8193) Importer(815301076,1909f56bfc062723c751e8b465ee728b)
Start importing Assets/Scenes SO/EndBranches/EndA/Main/Scene 4.asset using Guid(ac8da7a2dc114184c9a0d4d1547d8193) Importer(815301076,1909f56bfc062723c751e8b465ee728b)  -> (artifact id: 'bbcc0fe74e6ac1850ca68a4aca9bfbde') in 0.011820 seconds
  Import took 0.016708 seconds .

========================================================================
Received Import Request.
  Time since last request: 21.575546 seconds.
  path: Assets/Scenes SO/EndBranches/EndA/Main/Scene 3.asset
  artifactKey: Guid(6006d6ae42d91fd4fb142aad1d31b2d6) Importer(815301076,1909f56bfc062723c751e8b465ee728b)
Start importing Assets/Scenes SO/EndBranches/EndA/Main/Scene 3.asset using Guid(6006d6ae42d91fd4fb142aad1d31b2d6) Importer(815301076,1909f56bfc062723c751e8b465ee728b)  -> (artifact id: '48ab9242f9991ec78d1870417029daed') in 0.006158 seconds
  Import took 0.009807 seconds .

========================================================================
Received Import Request.
  Time since last request: 101.585370 seconds.
  path: Assets/Scenes SO/EndBranches/EndA/Main/Scene 5.asset
  artifactKey: Guid(49849cd1a6ad2404a93d6b7314e0c867) Importer(815301076,1909f56bfc062723c751e8b465ee728b)
Start importing Assets/Scenes SO/EndBranches/EndA/Main/Scene 5.asset using Guid(49849cd1a6ad2404a93d6b7314e0c867) Importer(815301076,1909f56bfc062723c751e8b465ee728b)  -> (artifact id: '6f79bbbfef5e29b69aa259e127db6f53') in 0.015857 seconds
  Import took 0.019815 seconds .

========================================================================
Received Import Request.
  Time since last request: 67.327614 seconds.
  path: Assets/Scenes SO/EndBranches/EndA/Main/Scene 6.asset
  artifactKey: Guid(bb9b2a50ee4aa2b49a6b234eb87f276d) Importer(815301076,1909f56bfc062723c751e8b465ee728b)
Start importing Assets/Scenes SO/EndBranches/EndA/Main/Scene 6.asset using Guid(bb9b2a50ee4aa2b49a6b234eb87f276d) Importer(815301076,1909f56bfc062723c751e8b465ee728b)  -> (artifact id: 'c0e91ace1232eca31319f1291386f41f') in 0.015211 seconds
  Import took 0.018934 seconds .

========================================================================
Received Import Request.
  Time since last request: 0.006199 seconds.
  path: Assets/Scenes SO/EndBranches/EndA/Main/Scene 6.asset
  artifactKey: Guid(bb9b2a50ee4aa2b49a6b234eb87f276d) Importer(815301076,1909f56bfc062723c751e8b465ee728b)
Start importing Assets/Scenes SO/EndBranches/EndA/Main/Scene 6.asset using Guid(bb9b2a50ee4aa2b49a6b234eb87f276d) Importer(815301076,1909f56bfc062723c751e8b465ee728b)  -> (artifact id: 'c0e91ace1232eca31319f1291386f41f') in 0.009294 seconds
  Import took 0.013333 seconds .

========================================================================
Received Import Request.
  Time since last request: 232.113827 seconds.
  path: Assets/Scenes SO/EndBranches/EndA/Main/Scene 7.asset
  artifactKey: Guid(f563fe4dcec0424429808482d16b5f23) Importer(815301076,1909f56bfc062723c751e8b465ee728b)
Start importing Assets/Scenes SO/EndBranches/EndA/Main/Scene 7.asset using Guid(f563fe4dcec0424429808482d16b5f23) Importer(815301076,1909f56bfc062723c751e8b465ee728b)  -> (artifact id: 'f16e3c15d349e1a5f9e87ac688e3e84f') in 0.011237 seconds
  Import took 0.015936 seconds .

========================================================================
Received Import Request.
  Time since last request: 467.756121 seconds.
  path: Assets/Scenes SO/EndBranches/EndA/BranchA/EndASceneA1.asset
  artifactKey: Guid(9d15f1372a65b164580a15ddadfc6dde) Importer(815301076,1909f56bfc062723c751e8b465ee728b)
Start importing Assets/Scenes SO/EndBranches/EndA/BranchA/EndASceneA1.asset using Guid(9d15f1372a65b164580a15ddadfc6dde) Importer(815301076,1909f56bfc062723c751e8b465ee728b)  -> (artifact id: 'cb4e095f82c0e3347da77c6a40ee75e0') in 0.014330 seconds
  Import took 0.019489 seconds .

========================================================================
Received Import Request.
  Time since last request: 0.001112 seconds.
  path: Assets/Scenes SO/EndBranches/EndA/BranchA/EndASceneA1.asset
  artifactKey: Guid(9d15f1372a65b164580a15ddadfc6dde) Importer(815301076,1909f56bfc062723c751e8b465ee728b)
Start importing Assets/Scenes SO/EndBranches/EndA/BranchA/EndASceneA1.asset using Guid(9d15f1372a65b164580a15ddadfc6dde) Importer(815301076,1909f56bfc062723c751e8b465ee728b)  -> (artifact id: 'cb4e095f82c0e3347da77c6a40ee75e0') in 0.009540 seconds
  Import took 0.014315 seconds .

========================================================================
Received Import Request.
  Time since last request: 112.628825 seconds.
  path: Assets/Scenes SO/EndBranches/EndA/BranchB/EndASceneB2.asset
  artifactKey: Guid(f6fe3cb78b9005147b0bff7a559af84d) Importer(815301076,1909f56bfc062723c751e8b465ee728b)
Start importing Assets/Scenes SO/EndBranches/EndA/BranchB/EndASceneB2.asset using Guid(f6fe3cb78b9005147b0bff7a559af84d) Importer(815301076,1909f56bfc062723c751e8b465ee728b)  -> (artifact id: 'fc4502c39051007e87e705d87d5c9c1c') in 0.015087 seconds
  Import took 0.018969 seconds .

========================================================================
Received Import Request.
  Time since last request: 0.001589 seconds.
  path: Assets/Scenes SO/EndBranches/EndA/BranchB/EndASceneB2.asset
  artifactKey: Guid(f6fe3cb78b9005147b0bff7a559af84d) Importer(815301076,1909f56bfc062723c751e8b465ee728b)
Start importing Assets/Scenes SO/EndBranches/EndA/BranchB/EndASceneB2.asset using Guid(f6fe3cb78b9005147b0bff7a559af84d) Importer(815301076,1909f56bfc062723c751e8b465ee728b)  -> (artifact id: 'fc4502c39051007e87e705d87d5c9c1c') in 0.008863 seconds
  Import took 0.013178 seconds .

========================================================================
Received Import Request.
  Time since last request: 2.861477 seconds.
  path: Assets/Scenes SO/EndBranches/EndA/BranchB/EndASceneB1.asset
  artifactKey: Guid(4625cbb03a0998344bc21336d48ad872) Importer(815301076,1909f56bfc062723c751e8b465ee728b)
Start importing Assets/Scenes SO/EndBranches/EndA/BranchB/EndASceneB1.asset using Guid(4625cbb03a0998344bc21336d48ad872) Importer(815301076,1909f56bfc062723c751e8b465ee728b)  -> (artifact id: '5c957c208e8c2d9ad49e3b5f22b18410') in 0.014004 seconds
  Import took 0.018402 seconds .

========================================================================
Received Import Request.
  Time since last request: 0.003385 seconds.
  path: Assets/Scenes SO/EndBranches/EndA/BranchB/EndASceneB1.asset
  artifactKey: Guid(4625cbb03a0998344bc21336d48ad872) Importer(815301076,1909f56bfc062723c751e8b465ee728b)
Start importing Assets/Scenes SO/EndBranches/EndA/BranchB/EndASceneB1.asset using Guid(4625cbb03a0998344bc21336d48ad872) Importer(815301076,1909f56bfc062723c751e8b465ee728b)  -> (artifact id: '5c957c208e8c2d9ad49e3b5f22b18410') in 0.008670 seconds
  Import took 0.012551 seconds .

========================================================================
Received Import Request.
  Time since last request: 46.195910 seconds.
  path: Assets/Scenes SO/EndBranches/EndA/Main/Scene 6.asset
  artifactKey: Guid(bb9b2a50ee4aa2b49a6b234eb87f276d) Importer(815301076,1909f56bfc062723c751e8b465ee728b)
Start importing Assets/Scenes SO/EndBranches/EndA/Main/Scene 6.asset using Guid(bb9b2a50ee4aa2b49a6b234eb87f276d) Importer(815301076,1909f56bfc062723c751e8b465ee728b)  -> (artifact id: '4da7db88b18c2e7a21f19db839284ba0') in 0.006193 seconds
  Import took 0.010590 seconds .

========================================================================
Received Import Request.
  Time since last request: 4.916378 seconds.
  path: Assets/Scenes SO/EndBranches/EndA/Main/Scene 8.asset
  artifactKey: Guid(3b32205191e08e74bbbab245cf417626) Importer(815301076,1909f56bfc062723c751e8b465ee728b)
Start importing Assets/Scenes SO/EndBranches/EndA/Main/Scene 8.asset using Guid(3b32205191e08e74bbbab245cf417626) Importer(815301076,1909f56bfc062723c751e8b465ee728b)  -> (artifact id: 'bd0052318cd0cbe2eec3b782bfd504b8') in 0.013687 seconds
  Import took 0.017835 seconds .

========================================================================
Received Import Request.
  Time since last request: 15.578791 seconds.
  path: Assets/Scenes SO/EndBranches/EndA/Main/Scene 8.asset
  artifactKey: Guid(3b32205191e08e74bbbab245cf417626) Importer(815301076,1909f56bfc062723c751e8b465ee728b)
Start importing Assets/Scenes SO/EndBranches/EndA/Main/Scene 8.asset using Guid(3b32205191e08e74bbbab245cf417626) Importer(815301076,1909f56bfc062723c751e8b465ee728b)  -> (artifact id: '846a5b8abef20bd53b10e7f3c8a3803b') in 0.009508 seconds
  Import took 0.014035 seconds .

========================================================================
Received Import Request.
  Time since last request: 4.269147 seconds.
  path: Assets/Scenes/GameScene.unity
  artifactKey: Guid(2cda990e2423bbf4892e6590ba056729) Importer(815301076,1909f56bfc062723c751e8b465ee728b)
Start importing Assets/Scenes/GameScene.unity using Guid(2cda990e2423bbf4892e6590ba056729) Importer(815301076,1909f56bfc062723c751e8b465ee728b)  -> (artifact id: '246e07cfda721aadb9be0fac38902acc') in 0.003360 seconds
  Import took 0.007740 seconds .

========================================================================
Received Import Request.
  Time since last request: 12.010501 seconds.
  path: Assets/Scenes SO/EndBranches/EndA/Main/Scene 1.asset
  artifactKey: Guid(5e2a59bbe1dc15341803a5d8783c7677) Importer(815301076,1909f56bfc062723c751e8b465ee728b)
Start importing Assets/Scenes SO/EndBranches/EndA/Main/Scene 1.asset using Guid(5e2a59bbe1dc15341803a5d8783c7677) Importer(815301076,1909f56bfc062723c751e8b465ee728b)  -> (artifact id: '23869a17c6992f494e6057c2f52b9f4d') in 0.005181 seconds
  Import took 0.008415 seconds .

========================================================================
Received Import Request.
  Time since last request: 104.330806 seconds.
  path: Assets/Scenes SO/EndBranches/EndA/Main/Scene 5.asset
  artifactKey: Guid(49849cd1a6ad2404a93d6b7314e0c867) Importer(815301076,1909f56bfc062723c751e8b465ee728b)
Start importing Assets/Scenes SO/EndBranches/EndA/Main/Scene 5.asset using Guid(49849cd1a6ad2404a93d6b7314e0c867) Importer(815301076,1909f56bfc062723c751e8b465ee728b)  -> (artifact id: 'ef387288fde8ec857bbcad65ed4f26bb') in 0.011670 seconds
  Import took 0.018572 seconds .

========================================================================
Received Import Request.
  Time since last request: 3.383432 seconds.
  path: Assets/Scenes SO/EndBranches/EndA/Main/Scene 7.asset
  artifactKey: Guid(f563fe4dcec0424429808482d16b5f23) Importer(815301076,1909f56bfc062723c751e8b465ee728b)
Start importing Assets/Scenes SO/EndBranches/EndA/Main/Scene 7.asset using Guid(f563fe4dcec0424429808482d16b5f23) Importer(815301076,1909f56bfc062723c751e8b465ee728b)  -> (artifact id: '181784e68db0a0e1e0f7d95c0584e11b') in 0.008405 seconds
  Import took 0.012083 seconds .

========================================================================
Received Import Request.
  Time since last request: 0.023858 seconds.
  path: Assets/Scenes SO/EndBranches/EndA/Main/Scene 7.asset
  artifactKey: Guid(f563fe4dcec0424429808482d16b5f23) Importer(815301076,1909f56bfc062723c751e8b465ee728b)
Start importing Assets/Scenes SO/EndBranches/EndA/Main/Scene 7.asset using Guid(f563fe4dcec0424429808482d16b5f23) Importer(815301076,1909f56bfc062723c751e8b465ee728b)  -> (artifact id: '181784e68db0a0e1e0f7d95c0584e11b') in 0.007416 seconds
  Import took 0.011221 seconds .

========================================================================
Received Import Request.
  Time since last request: 83.296463 seconds.
  path: Assets/Scenes SO/EndBranches/EndA/BranchA/EndASceneA1.asset
  artifactKey: Guid(9d15f1372a65b164580a15ddadfc6dde) Importer(815301076,1909f56bfc062723c751e8b465ee728b)
Start importing Assets/Scenes SO/EndBranches/EndA/BranchA/EndASceneA1.asset using Guid(9d15f1372a65b164580a15ddadfc6dde) Importer(815301076,1909f56bfc062723c751e8b465ee728b)  -> (artifact id: 'b4f20ed5e6959da34d8b0543ab304394') in 0.007340 seconds
  Import took 0.011482 seconds .

========================================================================
Received Import Request.
  Time since last request: 7.611902 seconds.
  path: Assets/Scenes SO/EndBranches/EndA/BranchB/EndASceneB1.asset
  artifactKey: Guid(4625cbb03a0998344bc21336d48ad872) Importer(815301076,1909f56bfc062723c751e8b465ee728b)
Start importing Assets/Scenes SO/EndBranches/EndA/BranchB/EndASceneB1.asset using Guid(4625cbb03a0998344bc21336d48ad872) Importer(815301076,1909f56bfc062723c751e8b465ee728b)  -> (artifact id: '3c7104829b47db67e53f032d0b4e8234') in 0.007410 seconds
  Import took 0.012160 seconds .

========================================================================
Received Import Request.
  Time since last request: 0.003720 seconds.
  path: Assets/Scenes SO/EndBranches/EndA/BranchB/EndASceneB1.asset
  artifactKey: Guid(4625cbb03a0998344bc21336d48ad872) Importer(815301076,1909f56bfc062723c751e8b465ee728b)
Start importing Assets/Scenes SO/EndBranches/EndA/BranchB/EndASceneB1.asset using Guid(4625cbb03a0998344bc21336d48ad872) Importer(815301076,1909f56bfc062723c751e8b465ee728b)  -> (artifact id: '3c7104829b47db67e53f032d0b4e8234') in 0.009997 seconds
  Import took 0.013931 seconds .

========================================================================
Received Prepare
Registering precompiled user dll's ...
Registered in 0.001408 seconds.
Begin MonoManager ReloadAssembly
Native extension for WindowsStandalone target not found
Native extension for WebGL target not found
Refreshing native plugins compatible for Editor in 0.57 ms, found 1 plugins.
Preloading 0 native plugins for Editor in 0.00 ms.
Mono: successfully reloaded assembly
- Completed reload, in  1.557 seconds
Platform modules already initialized, skipping
Refreshing native plugins compatible for Editor in 0.50 ms, found 1 plugins.
Preloading 0 native plugins for Editor in 0.00 ms.
Unloading 1959 Unused Serialized files (Serialized files now loaded: 0)
System memory in use before: 95.0 MB.
System memory in use after: 95.0 MB.

Unloading 12 unused Assets to reduce memory usage. Loaded Objects now: 2467.
Total: 3.297500 ms (FindLiveObjects: 0.531600 ms CreateObjectMapping: 0.239100 ms MarkObjects: 2.372700 ms  DeleteObjects: 0.151000 ms)

========================================================================
Received Import Request.
  Time since last request: 81.212876 seconds.
  path: Assets/Scenes SO/EndBranches/EndA/Main/Scene 8.asset
  artifactKey: Guid(3b32205191e08e74bbbab245cf417626) Importer(815301076,1909f56bfc062723c751e8b465ee728b)
Start importing Assets/Scenes SO/EndBranches/EndA/Main/Scene 8.asset using Guid(3b32205191e08e74bbbab245cf417626) Importer(815301076,1909f56bfc062723c751e8b465ee728b)  -> (artifact id: '09aaad0883096890e3863295fb84deee') in 0.027187 seconds
  Import took 0.034966 seconds .

========================================================================
Received Import Request.
  Time since last request: 1.940485 seconds.
  path: Assets/Scenes SO/EndBranches/EndA/Main/Scene 9.asset
  artifactKey: Guid(d7b41cd5e97cee249befd116b7e352dd) Importer(815301076,1909f56bfc062723c751e8b465ee728b)
Start importing Assets/Scenes SO/EndBranches/EndA/Main/Scene 9.asset using Guid(d7b41cd5e97cee249befd116b7e352dd) Importer(815301076,1909f56bfc062723c751e8b465ee728b)  -> (artifact id: '8a3fb859ac982ba308264eb1c4bacbb3') in 0.014557 seconds
  Import took 0.018942 seconds .

========================================================================
Received Import Request.
  Time since last request: 430.779030 seconds.
  path: Assets/Scenes SO/EndBranches/EndA/Main/Scene 10.asset
  artifactKey: Guid(fb2de948b777e48489c146170b53e9c8) Importer(815301076,1909f56bfc062723c751e8b465ee728b)
Start importing Assets/Scenes SO/EndBranches/EndA/Main/Scene 10.asset using Guid(fb2de948b777e48489c146170b53e9c8) Importer(815301076,1909f56bfc062723c751e8b465ee728b)  -> (artifact id: 'ca218296c94b6c69177903f824fdf00d') in 0.011695 seconds
  Import took 0.016042 seconds .

========================================================================
Received Import Request.
  Time since last request: 203.240105 seconds.
  path: Assets/Scenes SO/EndBranches/EndA/Main/Scene 11.asset
  artifactKey: Guid(3b234afb14831b444aaf6c48a395a21b) Importer(815301076,1909f56bfc062723c751e8b465ee728b)
Start importing Assets/Scenes SO/EndBranches/EndA/Main/Scene 11.asset using Guid(3b234afb14831b444aaf6c48a395a21b) Importer(815301076,1909f56bfc062723c751e8b465ee728b)  -> (artifact id: '61b87dd344098c3b3c1223eeb336fe8f') in 0.012364 seconds
  Import took 0.017077 seconds .

========================================================================
Received Import Request.
  Time since last request: 792.234102 seconds.
  path: Assets/Scenes SO/EndBranches/EndA/Main/Scene 12.asset
  artifactKey: Guid(21fdd4d5f95ee9e4e9f1156002fa137c) Importer(815301076,1909f56bfc062723c751e8b465ee728b)
Start importing Assets/Scenes SO/EndBranches/EndA/Main/Scene 12.asset using Guid(21fdd4d5f95ee9e4e9f1156002fa137c) Importer(815301076,1909f56bfc062723c751e8b465ee728b)  -> (artifact id: 'af81cf55318636cd1e98c771457bca52') in 0.013761 seconds
  Import took 0.017601 seconds .

========================================================================
Received Import Request.
  Time since last request: 204.078479 seconds.
  path: Assets/Scenes SO/EndBranches/EndA/Main/Scene 13.asset
  artifactKey: Guid(f61aadc0f2747ef4a975beb4214e4e17) Importer(815301076,1909f56bfc062723c751e8b465ee728b)
Start importing Assets/Scenes SO/EndBranches/EndA/Main/Scene 13.asset using Guid(f61aadc0f2747ef4a975beb4214e4e17) Importer(815301076,1909f56bfc062723c751e8b465ee728b)  -> (artifact id: '0910e5729115472bbbe39c861b63d5a7') in 0.011221 seconds
  Import took 0.015955 seconds .

========================================================================
Received Import Request.
  Time since last request: 105.282274 seconds.
  path: Assets/Scenes SO/EndBranches/EndA/Main/Scene 14.asset
  artifactKey: Guid(19239d534079a7a49846c0a1fc3110e4) Importer(815301076,1909f56bfc062723c751e8b465ee728b)
Start importing Assets/Scenes SO/EndBranches/EndA/Main/Scene 14.asset using Guid(19239d534079a7a49846c0a1fc3110e4) Importer(815301076,1909f56bfc062723c751e8b465ee728b)  -> (artifact id: '3bddbee4ab5ebeb1a525339631eb07ff') in 0.011447 seconds
  Import took 0.016422 seconds .

========================================================================
Received Import Request.
  Time since last request: 22.778004 seconds.
  path: Assets/Scenes SO/EndBranches/EndA/Main/Scene 13.asset
  artifactKey: Guid(f61aadc0f2747ef4a975beb4214e4e17) Importer(815301076,1909f56bfc062723c751e8b465ee728b)
Start importing Assets/Scenes SO/EndBranches/EndA/Main/Scene 13.asset using Guid(f61aadc0f2747ef4a975beb4214e4e17) Importer(815301076,1909f56bfc062723c751e8b465ee728b)  -> (artifact id: 'a8de2854e0200f8966dc579f33074b7b') in 0.007362 seconds
  Import took 0.011288 seconds .

========================================================================
Received Import Request.
  Time since last request: 0.003625 seconds.
  path: Assets/Scenes SO/EndBranches/EndA/Main/Scene 13.asset
  artifactKey: Guid(f61aadc0f2747ef4a975beb4214e4e17) Importer(815301076,1909f56bfc062723c751e8b465ee728b)
Start importing Assets/Scenes SO/EndBranches/EndA/Main/Scene 13.asset using Guid(f61aadc0f2747ef4a975beb4214e4e17) Importer(815301076,1909f56bfc062723c751e8b465ee728b)  -> (artifact id: 'a8de2854e0200f8966dc579f33074b7b') in 0.007311 seconds
  Import took 0.010922 seconds .

========================================================================
Received Import Request.
  Time since last request: 258.232847 seconds.
  path: Assets/Scenes SO/EndBranches/EndA/Main/Scene 15.asset
  artifactKey: Guid(1b8e6c664ebff9c469c5be7f2634a2b8) Importer(815301076,1909f56bfc062723c751e8b465ee728b)
Start importing Assets/Scenes SO/EndBranches/EndA/Main/Scene 15.asset using Guid(1b8e6c664ebff9c469c5be7f2634a2b8) Importer(815301076,1909f56bfc062723c751e8b465ee728b)  -> (artifact id: '82af0baea36ee64ef99183aa2639c133') in 0.011494 seconds
  Import took 0.015466 seconds .

========================================================================
Received Import Request.
  Time since last request: 122.045330 seconds.
  path: Assets/Scenes SO/EndBranches/EndA/Main/Scene 16.asset
  artifactKey: Guid(8d328d0920fd7994896e294df68d9a2f) Importer(815301076,1909f56bfc062723c751e8b465ee728b)
Start importing Assets/Scenes SO/EndBranches/EndA/Main/Scene 16.asset using Guid(8d328d0920fd7994896e294df68d9a2f) Importer(815301076,1909f56bfc062723c751e8b465ee728b)  -> (artifact id: 'bd0c394b46fd42160a4b930457a9e11c') in 0.014424 seconds
  Import took 0.018465 seconds .

========================================================================
Received Import Request.
  Time since last request: 23.229067 seconds.
  path: Assets/Scenes SO/EndBranches/EndA/Main/Scene 15.asset
  artifactKey: Guid(1b8e6c664ebff9c469c5be7f2634a2b8) Importer(815301076,1909f56bfc062723c751e8b465ee728b)
Start importing Assets/Scenes SO/EndBranches/EndA/Main/Scene 15.asset using Guid(1b8e6c664ebff9c469c5be7f2634a2b8) Importer(815301076,1909f56bfc062723c751e8b465ee728b)  -> (artifact id: 'db9a37bb96365068ad1483174729aba2') in 0.009684 seconds
  Import took 0.013861 seconds .

========================================================================
Received Import Request.
  Time since last request: 108.809886 seconds.
  path: Assets/Scenes SO/EndBranches/EndA/Main/Scene 17.asset
  artifactKey: Guid(627047a9ae6292140bb10cf1bb1eb586) Importer(815301076,1909f56bfc062723c751e8b465ee728b)
Start importing Assets/Scenes SO/EndBranches/EndA/Main/Scene 17.asset using Guid(627047a9ae6292140bb10cf1bb1eb586) Importer(815301076,1909f56bfc062723c751e8b465ee728b)  -> (artifact id: '1730907b12c3fe1b641199eca6b53a99') in 0.012390 seconds
  Import took 0.017251 seconds .

========================================================================
Received Import Request.
  Time since last request: 12.775207 seconds.
  path: Assets/Scenes SO/EndBranches/EndA/Main/Scene 16.asset
  artifactKey: Guid(8d328d0920fd7994896e294df68d9a2f) Importer(815301076,1909f56bfc062723c751e8b465ee728b)
Start importing Assets/Scenes SO/EndBranches/EndA/Main/Scene 16.asset using Guid(8d328d0920fd7994896e294df68d9a2f) Importer(815301076,1909f56bfc062723c751e8b465ee728b)  -> (artifact id: '17fa6a5bd2a87a39e79311ea0526cde5') in 0.006253 seconds
  Import took 0.009853 seconds .

========================================================================
Received Import Request.
  Time since last request: 174.898316 seconds.
  path: Assets/Scenes SO/EndBranches/EndA/Main/Scene 17.asset
  artifactKey: Guid(627047a9ae6292140bb10cf1bb1eb586) Importer(815301076,1909f56bfc062723c751e8b465ee728b)
Start importing Assets/Scenes SO/EndBranches/EndA/Main/Scene 17.asset using Guid(627047a9ae6292140bb10cf1bb1eb586) Importer(815301076,1909f56bfc062723c751e8b465ee728b)  -> (artifact id: 'b9a905f420349fab342f520e2a6675cd') in 0.004408 seconds
  Import took 0.008337 seconds .

========================================================================
Received Import Request.
  Time since last request: 0.004012 seconds.
  path: Assets/Scenes SO/EndBranches/EndA/Main/Scene 17.asset
  artifactKey: Guid(627047a9ae6292140bb10cf1bb1eb586) Importer(815301076,1909f56bfc062723c751e8b465ee728b)
Start importing Assets/Scenes SO/EndBranches/EndA/Main/Scene 17.asset using Guid(627047a9ae6292140bb10cf1bb1eb586) Importer(815301076,1909f56bfc062723c751e8b465ee728b)  -> (artifact id: 'b9a905f420349fab342f520e2a6675cd') in 0.003938 seconds
  Import took 0.007510 seconds .

========================================================================
Received Import Request.
  Time since last request: 5.469913 seconds.
  path: Assets/Scenes/GameScene.unity
  artifactKey: Guid(2cda990e2423bbf4892e6590ba056729) Importer(815301076,1909f56bfc062723c751e8b465ee728b)
Start importing Assets/Scenes/GameScene.unity using Guid(2cda990e2423bbf4892e6590ba056729) Importer(815301076,1909f56bfc062723c751e8b465ee728b)  -> (artifact id: '5443a4d0e8bb2b9f6741f651b0492809') in 0.002396 seconds
  Import took 0.006605 seconds .

========================================================================
Received Import Request.
  Time since last request: 89.262743 seconds.
  path: Assets/Scenes SO/EndBranches/EndA/Main/Scene 2.asset
  artifactKey: Guid(b36560f1ebe90a14a8ce8454bc868ecb) Importer(815301076,1909f56bfc062723c751e8b465ee728b)
Start importing Assets/Scenes SO/EndBranches/EndA/Main/Scene 2.asset using Guid(b36560f1ebe90a14a8ce8454bc868ecb) Importer(815301076,1909f56bfc062723c751e8b465ee728b)  -> (artifact id: 'd990265cb3b85326939370554bda2237') in 0.003816 seconds
  Import took 0.008242 seconds .

========================================================================
Received Import Request.
  Time since last request: 0.233438 seconds.
  path: Assets/Scenes SO/EndBranches/EndA/Main/Scene 4.asset
  artifactKey: Guid(ac8da7a2dc114184c9a0d4d1547d8193) Importer(815301076,1909f56bfc062723c751e8b465ee728b)
Start importing Assets/Scenes SO/EndBranches/EndA/Main/Scene 4.asset using Guid(ac8da7a2dc114184c9a0d4d1547d8193) Importer(815301076,1909f56bfc062723c751e8b465ee728b)  -> (artifact id: 'f349b43e2f3aaabb53cb18f2bcacf754') in 0.013292 seconds
  Import took 0.017193 seconds .

========================================================================
Received Import Request.
  Time since last request: 0.240833 seconds.
  path: Assets/Scenes SO/EndBranches/EndA/Main/Scene 6.asset
  artifactKey: Guid(bb9b2a50ee4aa2b49a6b234eb87f276d) Importer(815301076,1909f56bfc062723c751e8b465ee728b)
Start importing Assets/Scenes SO/EndBranches/EndA/Main/Scene 6.asset using Guid(bb9b2a50ee4aa2b49a6b234eb87f276d) Importer(815301076,1909f56bfc062723c751e8b465ee728b)  -> (artifact id: 'a9a820237804e6568963b196b95d0ac0') in 0.007004 seconds
  Import took 0.010711 seconds .

========================================================================
Received Import Request.
  Time since last request: 0.078988 seconds.
  path: Assets/Scenes SO/EndBranches/EndA/Main/Scene 7.asset
  artifactKey: Guid(f563fe4dcec0424429808482d16b5f23) Importer(815301076,1909f56bfc062723c751e8b465ee728b)
Start importing Assets/Scenes SO/EndBranches/EndA/Main/Scene 7.asset using Guid(f563fe4dcec0424429808482d16b5f23) Importer(815301076,1909f56bfc062723c751e8b465ee728b)  -> (artifact id: '503e3f77bdd0ee2b7e70311b29f41ce4') in 0.009084 seconds
  Import took 0.012986 seconds .

========================================================================
Received Import Request.
  Time since last request: 0.295066 seconds.
  path: Assets/Scenes SO/EndBranches/EndA/Main/Scene 9.asset
  artifactKey: Guid(d7b41cd5e97cee249befd116b7e352dd) Importer(815301076,1909f56bfc062723c751e8b465ee728b)
Start importing Assets/Scenes SO/EndBranches/EndA/Main/Scene 9.asset using Guid(d7b41cd5e97cee249befd116b7e352dd) Importer(815301076,1909f56bfc062723c751e8b465ee728b)  -> (artifact id: '00b131a3230897fd70060f95edafa8d5') in 0.008387 seconds
  Import took 0.012375 seconds .

========================================================================
Received Import Request.
  Time since last request: 0.083798 seconds.
  path: Assets/Scenes SO/EndBranches/EndA/Main/Scene 10.asset
  artifactKey: Guid(fb2de948b777e48489c146170b53e9c8) Importer(815301076,1909f56bfc062723c751e8b465ee728b)
Start importing Assets/Scenes SO/EndBranches/EndA/Main/Scene 10.asset using Guid(fb2de948b777e48489c146170b53e9c8) Importer(815301076,1909f56bfc062723c751e8b465ee728b)  -> (artifact id: '2e81589096224d8337d984a28f438931') in 0.009916 seconds
  Import took 0.014489 seconds .

========================================================================
Received Import Request.
  Time since last request: 0.108427 seconds.
  path: Assets/Scenes SO/EndBranches/EndA/Main/Scene 11.asset
  artifactKey: Guid(3b234afb14831b444aaf6c48a395a21b) Importer(815301076,1909f56bfc062723c751e8b465ee728b)
Start importing Assets/Scenes SO/EndBranches/EndA/Main/Scene 11.asset using Guid(3b234afb14831b444aaf6c48a395a21b) Importer(815301076,1909f56bfc062723c751e8b465ee728b)  -> (artifact id: '8c5ad0f913ba7a6f1e7ffa66e9561750') in 0.012476 seconds
  Import took 0.017207 seconds .

========================================================================
Received Import Request.
  Time since last request: 0.185524 seconds.
  path: Assets/Scenes SO/EndBranches/EndA/Main/Scene 12.asset
  artifactKey: Guid(21fdd4d5f95ee9e4e9f1156002fa137c) Importer(815301076,1909f56bfc062723c751e8b465ee728b)
Start importing Assets/Scenes SO/EndBranches/EndA/Main/Scene 12.asset using Guid(21fdd4d5f95ee9e4e9f1156002fa137c) Importer(815301076,1909f56bfc062723c751e8b465ee728b)  -> (artifact id: 'a0ea910f77fdada9fa68bb65759fc509') in 0.014038 seconds
  Import took 0.023519 seconds .

========================================================================
Received Import Request.
  Time since last request: 0.230687 seconds.
  path: Assets/Scenes SO/EndBranches/EndA/Main/Scene 14.asset
  artifactKey: Guid(19239d534079a7a49846c0a1fc3110e4) Importer(815301076,1909f56bfc062723c751e8b465ee728b)
Start importing Assets/Scenes SO/EndBranches/EndA/Main/Scene 14.asset using Guid(19239d534079a7a49846c0a1fc3110e4) Importer(815301076,1909f56bfc062723c751e8b465ee728b)  -> (artifact id: '2dbe1dce84da7b6d103db53586a0d909') in 0.009374 seconds
  Import took 0.014436 seconds .

========================================================================
Received Import Request.
  Time since last request: 0.239083 seconds.
  path: Assets/Scenes SO/EndBranches/EndA/Main/Scene 16.asset
  artifactKey: Guid(8d328d0920fd7994896e294df68d9a2f) Importer(815301076,1909f56bfc062723c751e8b465ee728b)
Start importing Assets/Scenes SO/EndBranches/EndA/Main/Scene 16.asset using Guid(8d328d0920fd7994896e294df68d9a2f) Importer(815301076,1909f56bfc062723c751e8b465ee728b)  -> (artifact id: '4435015d5497965ca9685c2f04c4d92d') in 0.008448 seconds
  Import took 0.012847 seconds .

========================================================================
Received Prepare
Registering precompiled user dll's ...
Registered in 0.001588 seconds.
Begin MonoManager ReloadAssembly
Native extension for WindowsStandalone target not found
Native extension for WebGL target not found
Refreshing native plugins compatible for Editor in 0.61 ms, found 1 plugins.
Preloading 0 native plugins for Editor in 0.00 ms.
Mono: successfully reloaded assembly
- Completed reload, in  1.458 seconds
Platform modules already initialized, skipping
Refreshing native plugins compatible for Editor in 0.92 ms, found 1 plugins.
Preloading 0 native plugins for Editor in 0.00 ms.
Unloading 1959 Unused Serialized files (Serialized files now loaded: 0)
System memory in use before: 95.1 MB.
System memory in use after: 95.0 MB.

Unloading 12 unused Assets to reduce memory usage. Loaded Objects now: 2471.
Total: 2.951500 ms (FindLiveObjects: 0.250800 ms CreateObjectMapping: 0.116000 ms MarkObjects: 2.431500 ms  DeleteObjects: 0.151800 ms)

========================================================================
Received Import Request.
  Time since last request: 972.890189 seconds.
  path: Assets/Scenes/GameScene.unity
  artifactKey: Guid(2cda990e2423bbf4892e6590ba056729) Importer(815301076,1909f56bfc062723c751e8b465ee728b)
Start importing Assets/Scenes/GameScene.unity using Guid(2cda990e2423bbf4892e6590ba056729) Importer(815301076,1909f56bfc062723c751e8b465ee728b)  -> (artifact id: 'b052cedb25b6450173e8cb67bd6e5916') in 0.016991 seconds
  Import took 0.022169 seconds .

========================================================================
Received Prepare
Registering precompiled user dll's ...
Registered in 0.001204 seconds.
Begin MonoManager ReloadAssembly
Native extension for WindowsStandalone target not found
Native extension for WebGL target not found
Refreshing native plugins compatible for Editor in 0.80 ms, found 1 plugins.
Preloading 0 native plugins for Editor in 0.00 ms.
Mono: successfully reloaded assembly
- Completed reload, in  1.660 seconds
Platform modules already initialized, skipping
Refreshing native plugins compatible for Editor in 0.55 ms, found 1 plugins.
Preloading 0 native plugins for Editor in 0.00 ms.
Unloading 1959 Unused Serialized files (Serialized files now loaded: 0)
System memory in use before: 95.1 MB.
System memory in use after: 95.0 MB.

Unloading 12 unused Assets to reduce memory usage. Loaded Objects now: 2475.
Total: 4.561200 ms (FindLiveObjects: 0.434100 ms CreateObjectMapping: 0.191100 ms MarkObjects: 3.715600 ms  DeleteObjects: 0.217800 ms)

========================================================================
Received Import Request.
  Time since last request: 436.537354 seconds.
  path: Assets/Scenes SO/MainBranch/8.GoingToMansion/Scene 15.asset
  artifactKey: Guid(286e3798c6bc6d440875bab03c8d10cc) Importer(815301076,1909f56bfc062723c751e8b465ee728b)
Start importing Assets/Scenes SO/MainBranch/8.GoingToMansion/Scene 15.asset using Guid(286e3798c6bc6d440875bab03c8d10cc) Importer(815301076,1909f56bfc062723c751e8b465ee728b)  -> (artifact id: 'd79864a07b10bcbfd2d3b6244e807c9c') in 0.027534 seconds
  Import took 0.033937 seconds .

========================================================================
Received Import Request.
  Time since last request: 1.951554 seconds.
  path: Assets/Scenes SO/MainBranch/8.GoingToMansion/Scene 17.asset
  artifactKey: Guid(8addaaf214c17464f86fb7d4ffc27238) Importer(815301076,1909f56bfc062723c751e8b465ee728b)
Start importing Assets/Scenes SO/MainBranch/8.GoingToMansion/Scene 17.asset using Guid(8addaaf214c17464f86fb7d4ffc27238) Importer(815301076,1909f56bfc062723c751e8b465ee728b)  -> (artifact id: '25a2d4b74fe0fd8783d8bf6ac474ccaf') in 0.009526 seconds
  Import took 0.013532 seconds .

========================================================================
Received Import Request.
  Time since last request: 0.078677 seconds.
  path: Assets/Scenes SO/MainBranch/8.GoingToMansion/Scene 18.asset
  artifactKey: Guid(84bf4e5dcce6b3646870459506eec585) Importer(815301076,1909f56bfc062723c751e8b465ee728b)
Start importing Assets/Scenes SO/MainBranch/8.GoingToMansion/Scene 18.asset using Guid(84bf4e5dcce6b3646870459506eec585) Importer(815301076,1909f56bfc062723c751e8b465ee728b)  -> (artifact id: '108597d238b50c9356ec0ee21024e8ec') in 0.019245 seconds
  Import took 0.025739 seconds .

========================================================================
Received Import Request.
  Time since last request: 0.003628 seconds.
  path: Assets/Scenes SO/MainBranch/8.GoingToMansion/Scene 18.asset
  artifactKey: Guid(84bf4e5dcce6b3646870459506eec585) Importer(815301076,1909f56bfc062723c751e8b465ee728b)
Start importing Assets/Scenes SO/MainBranch/8.GoingToMansion/Scene 18.asset using Guid(84bf4e5dcce6b3646870459506eec585) Importer(815301076,1909f56bfc062723c751e8b465ee728b)  -> (artifact id: '108597d238b50c9356ec0ee21024e8ec') in 0.013578 seconds
  Import took 0.019964 seconds .

========================================================================
Received Import Request.
  Time since last request: 0.637975 seconds.
  path: Assets/Scenes SO/MainBranch/8.GoingToMansion/Scene 19.asset
  artifactKey: Guid(f1c4cf531ce6f3945b3e58a3627fc920) Importer(815301076,1909f56bfc062723c751e8b465ee728b)
Start importing Assets/Scenes SO/MainBranch/8.GoingToMansion/Scene 19.asset using Guid(f1c4cf531ce6f3945b3e58a3627fc920) Importer(815301076,1909f56bfc062723c751e8b465ee728b)  -> (artifact id: '413d53a1846ceb76b1d1457a53e839b0') in 0.017171 seconds
  Import took 0.022713 seconds .

========================================================================
Received Import Request.
  Time since last request: 492.749515 seconds.
  path: Assets/Scripts/Game/Manager/GameManager.cs
  artifactKey: Guid(b408c0f1f2d9b4e49842141a6290a7a7) Importer(815301076,1909f56bfc062723c751e8b465ee728b)
Start importing Assets/Scripts/Game/Manager/GameManager.cs using Guid(b408c0f1f2d9b4e49842141a6290a7a7) Importer(815301076,1909f56bfc062723c751e8b465ee728b)  -> (artifact id: 'a44953a45b7c3a1c7e15dd6a1682a975') in 0.017346 seconds
  Import took 0.024078 seconds .

========================================================================
Received Import Request.
  Time since last request: 0.033270 seconds.
  path: Assets/Scripts/Game/Manager/GameManager.cs
  artifactKey: Guid(b408c0f1f2d9b4e49842141a6290a7a7) Importer(815301076,1909f56bfc062723c751e8b465ee728b)
Start importing Assets/Scripts/Game/Manager/GameManager.cs using Guid(b408c0f1f2d9b4e49842141a6290a7a7) Importer(815301076,1909f56bfc062723c751e8b465ee728b)  -> (artifact id: 'a44953a45b7c3a1c7e15dd6a1682a975') in 0.002473 seconds
  Import took 0.006374 seconds .

========================================================================
Received Prepare
Registering precompiled user dll's ...
Registered in 0.001940 seconds.
Begin MonoManager ReloadAssembly
Native extension for WindowsStandalone target not found
Native extension for WebGL target not found
Refreshing native plugins compatible for Editor in 0.87 ms, found 1 plugins.
Preloading 0 native plugins for Editor in 0.00 ms.
Mono: successfully reloaded assembly
- Completed reload, in  1.498 seconds
Platform modules already initialized, skipping
Refreshing native plugins compatible for Editor in 0.51 ms, found 1 plugins.
Preloading 0 native plugins for Editor in 0.00 ms.
Unloading 1959 Unused Serialized files (Serialized files now loaded: 0)
System memory in use before: 95.1 MB.
System memory in use after: 95.1 MB.

Unloading 12 unused Assets to reduce memory usage. Loaded Objects now: 2479.
Total: 2.970500 ms (FindLiveObjects: 0.365400 ms CreateObjectMapping: 0.146300 ms MarkObjects: 2.303400 ms  DeleteObjects: 0.153800 ms)

========================================================================
Received Prepare
Registering precompiled user dll's ...
Registered in 0.001972 seconds.
Begin MonoManager ReloadAssembly
Native extension for WindowsStandalone target not found
Native extension for WebGL target not found
Refreshing native plugins compatible for Editor in 0.65 ms, found 1 plugins.
Preloading 0 native plugins for Editor in 0.00 ms.
Mono: successfully reloaded assembly
- Completed reload, in  2.539 seconds
Platform modules already initialized, skipping
Refreshing native plugins compatible for Editor in 1.70 ms, found 1 plugins.
Preloading 0 native plugins for Editor in 0.00 ms.
Unloading 1959 Unused Serialized files (Serialized files now loaded: 0)
System memory in use before: 95.1 MB.
System memory in use after: 95.1 MB.

Unloading 12 unused Assets to reduce memory usage. Loaded Objects now: 2483.
Total: 5.762200 ms (FindLiveObjects: 0.355800 ms CreateObjectMapping: 0.280100 ms MarkObjects: 4.610400 ms  DeleteObjects: 0.513000 ms)

========================================================================
Received Import Request.
  Time since last request: 8662.175776 seconds.
  path: Assets/Scenes SO/MainBranch/6.CallingYou/Scene 9.asset
  artifactKey: Guid(42bbded2889dafc489c0b8cabf2bbaa8) Importer(815301076,1909f56bfc062723c751e8b465ee728b)
Start importing Assets/Scenes SO/MainBranch/6.CallingYou/Scene 9.asset using Guid(42bbded2889dafc489c0b8cabf2bbaa8) Importer(815301076,1909f56bfc062723c751e8b465ee728b)  -> (artifact id: '4e7bc70c2b49da81a9ddb4b1419cdc7b') in 0.036580 seconds
  Import took 0.046015 seconds .

========================================================================
Received Import Request.
  Time since last request: 0.010805 seconds.
  path: Assets/Scenes SO/MainBranch/6.CallingYou/Scene 9.asset
  artifactKey: Guid(42bbded2889dafc489c0b8cabf2bbaa8) Importer(815301076,1909f56bfc062723c751e8b465ee728b)
Start importing Assets/Scenes SO/MainBranch/6.CallingYou/Scene 9.asset using Guid(42bbded2889dafc489c0b8cabf2bbaa8) Importer(815301076,1909f56bfc062723c751e8b465ee728b)  -> (artifact id: '4e7bc70c2b49da81a9ddb4b1419cdc7b') in 0.007359 seconds
  Import took 0.016042 seconds .

========================================================================
Received Import Request.
  Time since last request: 1292.939844 seconds.
  path: Assets/Scenes SO/EndBranches/EndB/Main/Scene 2.asset
  artifactKey: Guid(0c47f100e0074f345a0b3fcaaed35647) Importer(815301076,1909f56bfc062723c751e8b465ee728b)
Start importing Assets/Scenes SO/EndBranches/EndB/Main/Scene 2.asset using Guid(0c47f100e0074f345a0b3fcaaed35647) Importer(815301076,1909f56bfc062723c751e8b465ee728b)  -> (artifact id: '0f09fc2b579cc161cb794fc19a55f326') in 0.021347 seconds
  Import took 0.029339 seconds .

========================================================================
Received Import Request.
  Time since last request: 5.186716 seconds.
  path: Assets/Scenes SO/EndBranches/EndB/Main/Scene 1.asset
  artifactKey: Guid(e920062f0ea8d3841bbc5e27206dd669) Importer(815301076,1909f56bfc062723c751e8b465ee728b)
Start importing Assets/Scenes SO/EndBranches/EndB/Main/Scene 1.asset using Guid(e920062f0ea8d3841bbc5e27206dd669) Importer(815301076,1909f56bfc062723c751e8b465ee728b)  -> (artifact id: '30c1be545f1ce1b4baace078bc10bbeb') in 0.017466 seconds
  Import took 0.025071 seconds .

========================================================================
Received Import Request.
  Time since last request: 489.141347 seconds.
  path: Assets/Scenes SO/EndBranches/EndB/Main/Scene 3.asset
  artifactKey: Guid(25ae2633e965c0c41a4d89c852a81c52) Importer(815301076,1909f56bfc062723c751e8b465ee728b)
Start importing Assets/Scenes SO/EndBranches/EndB/Main/Scene 3.asset using Guid(25ae2633e965c0c41a4d89c852a81c52) Importer(815301076,1909f56bfc062723c751e8b465ee728b)  -> (artifact id: '57ccd1d9a411a65a389a204b624859da') in 0.025070 seconds
  Import took 0.034047 seconds .

========================================================================
Received Import Request.
  Time since last request: 379.613454 seconds.
  path: Assets/Scenes SO/EndBranches/EndB/Main/Scene 4.asset
  artifactKey: Guid(462c6778f7a1fda4f841a7c248f1870e) Importer(815301076,1909f56bfc062723c751e8b465ee728b)
Start importing Assets/Scenes SO/EndBranches/EndB/Main/Scene 4.asset using Guid(462c6778f7a1fda4f841a7c248f1870e) Importer(815301076,1909f56bfc062723c751e8b465ee728b)  -> (artifact id: '092906cbee5d84ce4b117d7a672a8a73') in 0.023748 seconds
  Import took 0.032766 seconds .

========================================================================
Received Import Request.
  Time since last request: 1.385626 seconds.
  path: Assets/Scenes SO/EndBranches/EndB/Main/Scene 3.asset
  artifactKey: Guid(25ae2633e965c0c41a4d89c852a81c52) Importer(815301076,1909f56bfc062723c751e8b465ee728b)
Start importing Assets/Scenes SO/EndBranches/EndB/Main/Scene 3.asset using Guid(25ae2633e965c0c41a4d89c852a81c52) Importer(815301076,1909f56bfc062723c751e8b465ee728b)  -> (artifact id: 'fbe95aad235fa248c609bfc9a900bbd2') in 0.032839 seconds
  Import took 0.043738 seconds .

========================================================================
Received Import Request.
  Time since last request: 0.006213 seconds.
  path: Assets/Scenes SO/EndBranches/EndB/Main/Scene 3.asset
  artifactKey: Guid(25ae2633e965c0c41a4d89c852a81c52) Importer(815301076,1909f56bfc062723c751e8b465ee728b)
Start importing Assets/Scenes SO/EndBranches/EndB/Main/Scene 3.asset using Guid(25ae2633e965c0c41a4d89c852a81c52) Importer(815301076,1909f56bfc062723c751e8b465ee728b)  -> (artifact id: 'fbe95aad235fa248c609bfc9a900bbd2') in 0.028435 seconds
  Import took 0.036021 seconds .

========================================================================
Received Import Request.
  Time since last request: 404.643638 seconds.
  path: Assets/Scenes SO/EndBranches/EndB/Main/Scene 5.asset
  artifactKey: Guid(138c2bd60346dc3419600ac95cbf12dd) Importer(815301076,1909f56bfc062723c751e8b465ee728b)
Start importing Assets/Scenes SO/EndBranches/EndB/Main/Scene 5.asset using Guid(138c2bd60346dc3419600ac95cbf12dd) Importer(815301076,1909f56bfc062723c751e8b465ee728b)  -> (artifact id: 'efdcaa6d6b6ead5e8360d88bffdc2b38') in 0.026713 seconds
  Import took 0.035722 seconds .

========================================================================
Received Import Request.
  Time since last request: 2125.984601 seconds.
  path: Assets/Scenes SO/EndBranches/EndB/Main/Scene 6.asset
  artifactKey: Guid(9de1ddb2e9a5c5746980e6aa5b6011ba) Importer(815301076,1909f56bfc062723c751e8b465ee728b)
Start importing Assets/Scenes SO/EndBranches/EndB/Main/Scene 6.asset using Guid(9de1ddb2e9a5c5746980e6aa5b6011ba) Importer(815301076,1909f56bfc062723c751e8b465ee728b)  -> (artifact id: '346b82cb8b8b19b5e3c3fff17eada6a4') in 0.044763 seconds
  Import took 0.064243 seconds .

========================================================================
Received Import Request.
  Time since last request: 17.362215 seconds.
  path: Assets/Scenes SO/EndBranches/EndB/Main/Scene 5.asset
  artifactKey: Guid(138c2bd60346dc3419600ac95cbf12dd) Importer(815301076,1909f56bfc062723c751e8b465ee728b)
Start importing Assets/Scenes SO/EndBranches/EndB/Main/Scene 5.asset using Guid(138c2bd60346dc3419600ac95cbf12dd) Importer(815301076,1909f56bfc062723c751e8b465ee728b)  -> (artifact id: 'f1ace288bdeba060a3e3f19907b52c88') in 0.022881 seconds
  Import took 0.030192 seconds .

========================================================================
Received Import Request.
  Time since last request: 0.006965 seconds.
  path: Assets/Scenes SO/EndBranches/EndB/Main/Scene 5.asset
  artifactKey: Guid(138c2bd60346dc3419600ac95cbf12dd) Importer(815301076,1909f56bfc062723c751e8b465ee728b)
Start importing Assets/Scenes SO/EndBranches/EndB/Main/Scene 5.asset using Guid(138c2bd60346dc3419600ac95cbf12dd) Importer(815301076,1909f56bfc062723c751e8b465ee728b)  -> (artifact id: 'f1ace288bdeba060a3e3f19907b52c88') in 0.024708 seconds
  Import took 0.031451 seconds .

========================================================================
Received Import Request.
  Time since last request: 10.640033 seconds.
  path: Assets/Scenes SO/EndBranches/EndB/Main/Scene 4.asset
  artifactKey: Guid(462c6778f7a1fda4f841a7c248f1870e) Importer(815301076,1909f56bfc062723c751e8b465ee728b)
Start importing Assets/Scenes SO/EndBranches/EndB/Main/Scene 4.asset using Guid(462c6778f7a1fda4f841a7c248f1870e) Importer(815301076,1909f56bfc062723c751e8b465ee728b)  -> (artifact id: '94c912cae57119c50a9260184c7fa3d4') in 0.022919 seconds
  Import took 0.030297 seconds .

========================================================================
Received Import Request.
  Time since last request: 0.008041 seconds.
  path: Assets/Scenes SO/EndBranches/EndB/Main/Scene 4.asset
  artifactKey: Guid(462c6778f7a1fda4f841a7c248f1870e) Importer(815301076,1909f56bfc062723c751e8b465ee728b)
Start importing Assets/Scenes SO/EndBranches/EndB/Main/Scene 4.asset using Guid(462c6778f7a1fda4f841a7c248f1870e) Importer(815301076,1909f56bfc062723c751e8b465ee728b)  -> (artifact id: '94c912cae57119c50a9260184c7fa3d4') in 0.028094 seconds
  Import took 0.036566 seconds .

========================================================================
Received Import Request.
  Time since last request: 287.240748 seconds.
  path: Assets/Scenes SO/EndBranches/EndB/Main/Scene 7.asset
  artifactKey: Guid(354756ffa478fc6489f87948cbdf3ba0) Importer(815301076,1909f56bfc062723c751e8b465ee728b)
Start importing Assets/Scenes SO/EndBranches/EndB/Main/Scene 7.asset using Guid(354756ffa478fc6489f87948cbdf3ba0) Importer(815301076,1909f56bfc062723c751e8b465ee728b)  -> (artifact id: 'cd596d8cf5d7806c5f581f96827f416f') in 0.033407 seconds
  Import took 0.041675 seconds .

========================================================================
Received Prepare
Registering precompiled user dll's ...
Registered in 0.003079 seconds.
Begin MonoManager ReloadAssembly
Native extension for WindowsStandalone target not found
Native extension for WebGL target not found
Refreshing native plugins compatible for Editor in 1.01 ms, found 1 plugins.
Preloading 0 native plugins for Editor in 0.00 ms.
Mono: successfully reloaded assembly
- Completed reload, in  2.275 seconds
Platform modules already initialized, skipping
Refreshing native plugins compatible for Editor in 0.62 ms, found 1 plugins.
Preloading 0 native plugins for Editor in 0.00 ms.
Unloading 1959 Unused Serialized files (Serialized files now loaded: 0)
System memory in use before: 95.1 MB.
System memory in use after: 95.1 MB.

Unloading 12 unused Assets to reduce memory usage. Loaded Objects now: 2487.
Total: 3.585200 ms (FindLiveObjects: 0.370300 ms CreateObjectMapping: 0.220900 ms MarkObjects: 2.804800 ms  DeleteObjects: 0.187100 ms)

========================================================================
Received Import Request.
  Time since last request: 319.061801 seconds.
  path: Assets/Scenes SO/EndBranches/EndB/Main/Scene 8.asset
  artifactKey: Guid(3e8f39811b89026449b719607a0e7df3) Importer(815301076,1909f56bfc062723c751e8b465ee728b)
Start importing Assets/Scenes SO/EndBranches/EndB/Main/Scene 8.asset using Guid(3e8f39811b89026449b719607a0e7df3) Importer(815301076,1909f56bfc062723c751e8b465ee728b)  -> (artifact id: '62e9cca068182976b485f2371567dd9b') in 0.045377 seconds
  Import took 0.052767 seconds .

========================================================================
Received Import Request.
  Time since last request: 14.690957 seconds.
  path: Assets/Scenes SO/EndBranches/EndB/Main/Scene 7.asset
  artifactKey: Guid(354756ffa478fc6489f87948cbdf3ba0) Importer(815301076,1909f56bfc062723c751e8b465ee728b)
Start importing Assets/Scenes SO/EndBranches/EndB/Main/Scene 7.asset using Guid(354756ffa478fc6489f87948cbdf3ba0) Importer(815301076,1909f56bfc062723c751e8b465ee728b)  -> (artifact id: '18ed71493c8e4df0ace53fb04c6d77bc') in 0.019139 seconds
  Import took 0.027299 seconds .

========================================================================
Received Import Request.
  Time since last request: 323.029537 seconds.
  path: Assets/Scenes SO/EndBranches/EndB/Main/Scene 8.asset
  artifactKey: Guid(3e8f39811b89026449b719607a0e7df3) Importer(815301076,1909f56bfc062723c751e8b465ee728b)
Start importing Assets/Scenes SO/EndBranches/EndB/Main/Scene 8.asset using Guid(3e8f39811b89026449b719607a0e7df3) Importer(815301076,1909f56bfc062723c751e8b465ee728b)  -> (artifact id: 'ef8d219796a637d241cbf781c38d015d') in 0.011650 seconds
  Import took 0.019108 seconds .

========================================================================
Received Import Request.
  Time since last request: 0.043608 seconds.
  path: Assets/Scenes SO/EndBranches/EndB/Main/Scene 8.asset
  artifactKey: Guid(3e8f39811b89026449b719607a0e7df3) Importer(815301076,1909f56bfc062723c751e8b465ee728b)
Start importing Assets/Scenes SO/EndBranches/EndB/Main/Scene 8.asset using Guid(3e8f39811b89026449b719607a0e7df3) Importer(815301076,1909f56bfc062723c751e8b465ee728b)  -> (artifact id: 'ef8d219796a637d241cbf781c38d015d') in 0.008836 seconds
  Import took 0.017017 seconds .

========================================================================
Received Import Request.
  Time since last request: 85.887245 seconds.
  path: Assets/Scenes/GameScene.unity
  artifactKey: Guid(2cda990e2423bbf4892e6590ba056729) Importer(815301076,1909f56bfc062723c751e8b465ee728b)
Start importing Assets/Scenes/GameScene.unity using Guid(2cda990e2423bbf4892e6590ba056729) Importer(815301076,1909f56bfc062723c751e8b465ee728b)  -> (artifact id: 'c87edd1ea5d9924180fdde6d338a1a9c') in 0.009365 seconds
  Import took 0.017827 seconds .

========================================================================
Received Prepare
Registering precompiled user dll's ...
Registered in 0.001933 seconds.
Begin MonoManager ReloadAssembly
Native extension for WindowsStandalone target not found
Native extension for WebGL target not found
Refreshing native plugins compatible for Editor in 0.63 ms, found 1 plugins.
Preloading 0 native plugins for Editor in 0.00 ms.
Mono: successfully reloaded assembly
- Completed reload, in  2.210 seconds
Platform modules already initialized, skipping
Refreshing native plugins compatible for Editor in 1.06 ms, found 1 plugins.
Preloading 0 native plugins for Editor in 0.00 ms.
Unloading 1959 Unused Serialized files (Serialized files now loaded: 0)
System memory in use before: 95.1 MB.
System memory in use after: 95.1 MB.

Unloading 12 unused Assets to reduce memory usage. Loaded Objects now: 2491.
Total: 4.242400 ms (FindLiveObjects: 0.531500 ms CreateObjectMapping: 0.276200 ms MarkObjects: 3.224500 ms  DeleteObjects: 0.207900 ms)

========================================================================
Received Prepare
Registering precompiled user dll's ...
Registered in 0.003899 seconds.
Begin MonoManager ReloadAssembly
Native extension for WindowsStandalone target not found
Native extension for WebGL target not found
Refreshing native plugins compatible for Editor in 0.74 ms, found 1 plugins.
Preloading 0 native plugins for Editor in 0.00 ms.
Mono: successfully reloaded assembly
- Completed reload, in  2.647 seconds
Platform modules already initialized, skipping
Refreshing native plugins compatible for Editor in 1.06 ms, found 1 plugins.
Preloading 0 native plugins for Editor in 0.00 ms.
Unloading 1959 Unused Serialized files (Serialized files now loaded: 0)
System memory in use before: 95.2 MB.
System memory in use after: 95.1 MB.

Unloading 12 unused Assets to reduce memory usage. Loaded Objects now: 2495.
Total: 5.548900 ms (FindLiveObjects: 0.485100 ms CreateObjectMapping: 0.223500 ms MarkObjects: 4.581100 ms  DeleteObjects: 0.256700 ms)

========================================================================
Received Import Request.
  Time since last request: 257.728111 seconds.
  path: Assets/Scenes SO/EndBranches/EndB/Main/Scene 6.asset
  artifactKey: Guid(9de1ddb2e9a5c5746980e6aa5b6011ba) Importer(815301076,1909f56bfc062723c751e8b465ee728b)
Start importing Assets/Scenes SO/EndBranches/EndB/Main/Scene 6.asset using Guid(9de1ddb2e9a5c5746980e6aa5b6011ba) Importer(815301076,1909f56bfc062723c751e8b465ee728b)  -> (artifact id: '60b921727cc29515c4fd24c828494e8b') in 0.060546 seconds
  Import took 0.069173 seconds .

========================================================================
Received Import Request.
  Time since last request: 0.017887 seconds.
  path: Assets/Scenes SO/EndBranches/EndB/Main/Scene 6.asset
  artifactKey: Guid(9de1ddb2e9a5c5746980e6aa5b6011ba) Importer(815301076,1909f56bfc062723c751e8b465ee728b)
Start importing Assets/Scenes SO/EndBranches/EndB/Main/Scene 6.asset using Guid(9de1ddb2e9a5c5746980e6aa5b6011ba) Importer(815301076,1909f56bfc062723c751e8b465ee728b)  -> (artifact id: '60b921727cc29515c4fd24c828494e8b') in 0.023903 seconds
  Import took 0.031860 seconds .

========================================================================
Received Import Request.
  Time since last request: 1.249979 seconds.
  path: Assets/Scenes SO/EndBranches/EndB/Main/Scene 3.asset
  artifactKey: Guid(25ae2633e965c0c41a4d89c852a81c52) Importer(815301076,1909f56bfc062723c751e8b465ee728b)
Start importing Assets/Scenes SO/EndBranches/EndB/Main/Scene 3.asset using Guid(25ae2633e965c0c41a4d89c852a81c52) Importer(815301076,1909f56bfc062723c751e8b465ee728b)  -> (artifact id: '104d21692eda3129d1f9b3118ac604ec') in 0.020300 seconds
  Import took 0.030162 seconds .

========================================================================
Received Import Request.
  Time since last request: 0.144863 seconds.
  path: Assets/Scenes SO/EndBranches/EndB/Main/Scene 2.asset
  artifactKey: Guid(0c47f100e0074f345a0b3fcaaed35647) Importer(815301076,1909f56bfc062723c751e8b465ee728b)
Start importing Assets/Scenes SO/EndBranches/EndB/Main/Scene 2.asset using Guid(0c47f100e0074f345a0b3fcaaed35647) Importer(815301076,1909f56bfc062723c751e8b465ee728b)  -> (artifact id: '3e1088574e15c5b09545c7453b3c30c6') in 0.024832 seconds
  Import took 0.048185 seconds .

========================================================================
Received Prepare
Registering precompiled user dll's ...
Registered in 0.002984 seconds.
Begin MonoManager ReloadAssembly
Native extension for WindowsStandalone target not found
Native extension for WebGL target not found
Refreshing native plugins compatible for Editor in 0.67 ms, found 1 plugins.
Preloading 0 native plugins for Editor in 0.00 ms.
Mono: successfully reloaded assembly
- Completed reload, in  2.570 seconds
Platform modules already initialized, skipping
Refreshing native plugins compatible for Editor in 1.27 ms, found 1 plugins.
Preloading 0 native plugins for Editor in 0.00 ms.
Unloading 1959 Unused Serialized files (Serialized files now loaded: 0)
System memory in use before: 95.2 MB.
System memory in use after: 95.2 MB.

Unloading 12 unused Assets to reduce memory usage. Loaded Objects now: 2499.
Total: 8.416100 ms (FindLiveObjects: 0.689100 ms CreateObjectMapping: 0.260100 ms MarkObjects: 6.938000 ms  DeleteObjects: 0.525900 ms)

AssetImportWorkerClient::OnTransportError - code=2 error=End of file
