Using pre-set license
Built from '2020.3/staging' branch; Version is '2020.3.5f1 (8095aa901b9b) revision 8426922'; Using compiler version '192528614'; Build Type 'Release'
OS: 'Windows 10 Home; OS build 19044.1826; Version 2009; 64bit' Language: 'en' Physical Memory: 16248 MB
BatchMode: 1, IsHumanControllingUs: 0, StartBugReporterOnCrash: 0, Is64bit: 1, IsPro: 0

 COMMAND LINE ARGUMENTS:
C:\Program Files\Unity\Hub\Editor\2020.3.5f1\Editor\Unity.exe
-adb2
-batchMode
-noUpm
-name
AssetImportWorker1
-projectPath
C:/Users/User/Desktop/GameDev/Original/MurderMystery/MurderMystery-UNITY-/MurderMystery
-logFile
Logs/AssetImportWorker1.log
-srvPort
50207
Successfully changed project path to: C:/Users/User/Desktop/GameDev/Original/MurderMystery/MurderMystery-UNITY-/MurderMystery
C:/Users/User/Desktop/GameDev/Original/MurderMystery/MurderMystery-UNITY-/MurderMystery
Using Asset Import Pipeline V2.
Refreshing native plugins compatible for Editor in 37.51 ms, found 1 plugins.
Preloading 0 native plugins for Editor in 0.00 ms.
Initialize engine version: 2020.3.5f1 (8095aa901b9b)
[Subsystems] Discovering subsystems at path C:/Program Files/Unity/Hub/Editor/2020.3.5f1/Editor/Data/Resources/UnitySubsystems
[Subsystems] Discovering subsystems at path C:/Users/User/Desktop/GameDev/Original/MurderMystery/MurderMystery-UNITY-/MurderMystery/Assets
GfxDevice: creating device client; threaded=0
Direct3D:
    Version:  Direct3D 11.0 [level 11.1]
    Renderer: Radeon (TM) 520 (ID=0x6665)
    Vendor:   
    VRAM:     2039 MB
    Driver:   27.20.20904.4000
Initialize mono
Mono path[0] = 'C:/Program Files/Unity/Hub/Editor/2020.3.5f1/Editor/Data/Managed'
Mono path[1] = 'C:/Program Files/Unity/Hub/Editor/2020.3.5f1/Editor/Data/MonoBleedingEdge/lib/mono/unityjit'
Mono config path = 'C:/Program Files/Unity/Hub/Editor/2020.3.5f1/Editor/Data/MonoBleedingEdge/etc'
Using monoOptions --debugger-agent=transport=dt_socket,embedding=1,server=y,suspend=n,address=127.0.0.1:56116
Begin MonoManager ReloadAssembly
Registering precompiled unity dll's ...
Register platform support module: C:/Program Files/Unity/Hub/Editor/2020.3.5f1/Editor/Data/PlaybackEngines/WebGLSupport/UnityEditor.WebGL.Extensions.dll
Register platform support module: C:/Program Files/Unity/Hub/Editor/2020.3.5f1/Editor/Data/PlaybackEngines/WindowsStandaloneSupport/UnityEditor.WindowsStandalone.Extensions.dll
Registered in 0.003431 seconds.
Native extension for WindowsStandalone target not found
Native extension for WebGL target not found
Refreshing native plugins compatible for Editor in 89.39 ms, found 1 plugins.
Preloading 0 native plugins for Editor in 0.00 ms.
Mono: successfully reloaded assembly
- Completed reload, in  5.002 seconds
Platform modules already initialized, skipping
Registering precompiled user dll's ...
Registered in 0.001427 seconds.
Begin MonoManager ReloadAssembly
Native extension for WindowsStandalone target not found
Native extension for WebGL target not found
Refreshing native plugins compatible for Editor in 127.00 ms, found 1 plugins.
Preloading 0 native plugins for Editor in 0.00 ms.
Mono: successfully reloaded assembly
- Completed reload, in  2.195 seconds
Platform modules already initialized, skipping
========================================================================
Worker process is ready to serve import requests
Launched and connected shader compiler UnityShaderCompiler.exe after 0.16 seconds
Refreshing native plugins compatible for Editor in 0.52 ms, found 1 plugins.
Preloading 0 native plugins for Editor in 0.00 ms.
Unloading 1881 Unused Serialized files (Serialized files now loaded: 0)
System memory in use before: 89.9 MB.
System memory in use after: 89.8 MB.

Unloading 24 unused Assets to reduce memory usage. Loaded Objects now: 2327.
Total: 3.883000 ms (FindLiveObjects: 0.506000 ms CreateObjectMapping: 0.199800 ms MarkObjects: 2.966600 ms  DeleteObjects: 0.187900 ms)

========================================================================
Received Prepare
Registering precompiled user dll's ...
Registered in 0.001362 seconds.
Begin MonoManager ReloadAssembly
Native extension for WindowsStandalone target not found
Native extension for WebGL target not found
Refreshing native plugins compatible for Editor in 0.44 ms, found 1 plugins.
Preloading 0 native plugins for Editor in 0.00 ms.
Mono: successfully reloaded assembly
- Completed reload, in  1.257 seconds
Platform modules already initialized, skipping
Refreshing native plugins compatible for Editor in 0.43 ms, found 1 plugins.
Preloading 0 native plugins for Editor in 0.00 ms.
Unloading 1862 Unused Serialized files (Serialized files now loaded: 0)
System memory in use before: 88.4 MB.
System memory in use after: 88.4 MB.

Unloading 12 unused Assets to reduce memory usage. Loaded Objects now: 2331.
Total: 2.703800 ms (FindLiveObjects: 0.421400 ms CreateObjectMapping: 0.156600 ms MarkObjects: 2.003400 ms  DeleteObjects: 0.120400 ms)

========================================================================
Received Prepare
Registering precompiled user dll's ...
Registered in 0.000962 seconds.
Begin MonoManager ReloadAssembly
Native extension for WindowsStandalone target not found
Native extension for WebGL target not found
Refreshing native plugins compatible for Editor in 0.40 ms, found 1 plugins.
Preloading 0 native plugins for Editor in 0.00 ms.
Mono: successfully reloaded assembly
- Completed reload, in  0.908 seconds
Platform modules already initialized, skipping
Refreshing native plugins compatible for Editor in 0.41 ms, found 1 plugins.
Preloading 0 native plugins for Editor in 0.00 ms.
Unloading 1862 Unused Serialized files (Serialized files now loaded: 0)
System memory in use before: 88.5 MB.
System memory in use after: 88.5 MB.

Unloading 12 unused Assets to reduce memory usage. Loaded Objects now: 2335.
Total: 2.442500 ms (FindLiveObjects: 0.215500 ms CreateObjectMapping: 0.074300 ms MarkObjects: 2.041100 ms  DeleteObjects: 0.110700 ms)

========================================================================
Received Prepare
Registering precompiled user dll's ...
Registered in 0.000952 seconds.
Begin MonoManager ReloadAssembly
Native extension for WindowsStandalone target not found
Native extension for WebGL target not found
Refreshing native plugins compatible for Editor in 0.42 ms, found 1 plugins.
Preloading 0 native plugins for Editor in 0.00 ms.
Mono: successfully reloaded assembly
- Completed reload, in  1.117 seconds
Platform modules already initialized, skipping
Refreshing native plugins compatible for Editor in 0.47 ms, found 1 plugins.
Preloading 0 native plugins for Editor in 0.00 ms.
Unloading 1862 Unused Serialized files (Serialized files now loaded: 0)
System memory in use before: 88.5 MB.
System memory in use after: 88.5 MB.

Unloading 12 unused Assets to reduce memory usage. Loaded Objects now: 2339.
Total: 2.785100 ms (FindLiveObjects: 0.211000 ms CreateObjectMapping: 0.093300 ms MarkObjects: 2.344900 ms  DeleteObjects: 0.134500 ms)

========================================================================
Received Prepare
Registering precompiled user dll's ...
Registered in 0.001696 seconds.
Begin MonoManager ReloadAssembly
Native extension for WindowsStandalone target not found
Native extension for WebGL target not found
Refreshing native plugins compatible for Editor in 1.71 ms, found 1 plugins.
Preloading 0 native plugins for Editor in 0.00 ms.
Mono: successfully reloaded assembly
- Completed reload, in  4.124 seconds
Platform modules already initialized, skipping
Refreshing native plugins compatible for Editor in 1.16 ms, found 1 plugins.
Preloading 0 native plugins for Editor in 0.00 ms.
Unloading 1862 Unused Serialized files (Serialized files now loaded: 0)
System memory in use before: 88.5 MB.
System memory in use after: 88.5 MB.

Unloading 12 unused Assets to reduce memory usage. Loaded Objects now: 2343.
Total: 5.934300 ms (FindLiveObjects: 0.641500 ms CreateObjectMapping: 0.240300 ms MarkObjects: 4.781400 ms  DeleteObjects: 0.268100 ms)

========================================================================
Received Prepare
Registering precompiled user dll's ...
Registered in 0.001439 seconds.
Begin MonoManager ReloadAssembly
Native extension for WindowsStandalone target not found
Native extension for WebGL target not found
Refreshing native plugins compatible for Editor in 0.34 ms, found 1 plugins.
Preloading 0 native plugins for Editor in 0.00 ms.
Mono: successfully reloaded assembly
- Completed reload, in  0.945 seconds
Platform modules already initialized, skipping
Refreshing native plugins compatible for Editor in 0.37 ms, found 1 plugins.
Preloading 0 native plugins for Editor in 0.00 ms.
Unloading 1862 Unused Serialized files (Serialized files now loaded: 0)
System memory in use before: 88.5 MB.
System memory in use after: 88.5 MB.

Unloading 12 unused Assets to reduce memory usage. Loaded Objects now: 2347.
Total: 2.375000 ms (FindLiveObjects: 0.309500 ms CreateObjectMapping: 0.132800 ms MarkObjects: 1.814800 ms  DeleteObjects: 0.116100 ms)

========================================================================
Received Prepare
Registering precompiled user dll's ...
Registered in 0.001822 seconds.
Begin MonoManager ReloadAssembly
Native extension for WindowsStandalone target not found
Native extension for WebGL target not found
Refreshing native plugins compatible for Editor in 0.46 ms, found 1 plugins.
Preloading 0 native plugins for Editor in 0.00 ms.
Mono: successfully reloaded assembly
- Completed reload, in  1.299 seconds
Platform modules already initialized, skipping
Refreshing native plugins compatible for Editor in 0.46 ms, found 1 plugins.
Preloading 0 native plugins for Editor in 0.00 ms.
Unloading 1862 Unused Serialized files (Serialized files now loaded: 0)
System memory in use before: 88.5 MB.
System memory in use after: 88.5 MB.

Unloading 12 unused Assets to reduce memory usage. Loaded Objects now: 2351.
Total: 2.691400 ms (FindLiveObjects: 0.214600 ms CreateObjectMapping: 0.083200 ms MarkObjects: 2.261000 ms  DeleteObjects: 0.131100 ms)

========================================================================
Received Import Request.
  path: Assets/Scripts/Game/ScriptableObject Template/SceneDataSO.cs
  artifactKey: Guid(795c2a3929f177845910d3ac6d5de862) Importer(815301076,1909f56bfc062723c751e8b465ee728b)
Start importing Assets/Scripts/Game/ScriptableObject Template/SceneDataSO.cs using Guid(795c2a3929f177845910d3ac6d5de862) Importer(815301076,1909f56bfc062723c751e8b465ee728b)  -> (artifact id: 'caadca9e3716147c200d55aa947d27a8') in 0.029909 seconds
  Import took 0.034039 seconds .

========================================================================
Received Import Request.
  Time since last request: 6.226765 seconds.
  path: Assets/Scenes SO/MainBranch/Scene 1.asset
  artifactKey: Guid(94197cb9bdbc30f4281974f647e9d806) Importer(815301076,1909f56bfc062723c751e8b465ee728b)
Start importing Assets/Scenes SO/MainBranch/Scene 1.asset using Guid(94197cb9bdbc30f4281974f647e9d806) Importer(815301076,1909f56bfc062723c751e8b465ee728b)  -> (artifact id: '88ea60416286ac044693caf7fba2c0d3') in 0.015479 seconds
  Import took 0.018726 seconds .

========================================================================
Received Import Request.
  Time since last request: 0.014881 seconds.
  path: Assets/Scenes SO/MainBranch/Scene 1.asset
  artifactKey: Guid(94197cb9bdbc30f4281974f647e9d806) Importer(815301076,1909f56bfc062723c751e8b465ee728b)
Start importing Assets/Scenes SO/MainBranch/Scene 1.asset using Guid(94197cb9bdbc30f4281974f647e9d806) Importer(815301076,1909f56bfc062723c751e8b465ee728b)  -> (artifact id: '88ea60416286ac044693caf7fba2c0d3') in 0.004884 seconds
  Import took 0.008163 seconds .

========================================================================
Received Import Request.
  Time since last request: 11.941190 seconds.
  path: Assets/Scenes SO/MainBranch/Scene 6.asset
  artifactKey: Guid(39da3fa28edbae144b2d4c07c1dae83c) Importer(815301076,1909f56bfc062723c751e8b465ee728b)
Start importing Assets/Scenes SO/MainBranch/Scene 6.asset using Guid(39da3fa28edbae144b2d4c07c1dae83c) Importer(815301076,1909f56bfc062723c751e8b465ee728b)  -> (artifact id: '1ed6d650fd6004f03c6a24f8c120f686') in 0.014547 seconds
  Import took 0.019189 seconds .

========================================================================
Received Import Request.
  Time since last request: 60.088346 seconds.
  path: Assets/Scenes SO/MainBranch/Scene 6.asset
  artifactKey: Guid(39da3fa28edbae144b2d4c07c1dae83c) Importer(815301076,1909f56bfc062723c751e8b465ee728b)
Start importing Assets/Scenes SO/MainBranch/Scene 6.asset using Guid(39da3fa28edbae144b2d4c07c1dae83c) Importer(815301076,1909f56bfc062723c751e8b465ee728b)  -> (artifact id: '1afc59fbb3c944f1bbcfde7057cbd460') in 0.008167 seconds
  Import took 0.012057 seconds .

========================================================================
Received Import Request.
  Time since last request: 6.138285 seconds.
  path: Assets/Scenes SO/MainBranch/Scene 5.asset
  artifactKey: Guid(e0e0b3ec82d1daf4ab3a7f7c9564ca8b) Importer(815301076,1909f56bfc062723c751e8b465ee728b)
Start importing Assets/Scenes SO/MainBranch/Scene 5.asset using Guid(e0e0b3ec82d1daf4ab3a7f7c9564ca8b) Importer(815301076,1909f56bfc062723c751e8b465ee728b)  -> (artifact id: '006ac6ed347e7ca5d6f99bd84e0a6fa4') in 0.012318 seconds
  Import took 0.015522 seconds .

========================================================================
Received Import Request.
  Time since last request: 19.948209 seconds.
  path: Assets/Prefabs/CharacterUITemplate.prefab
  artifactKey: Guid(fd823fb8fbef69a46a254bbdd7fdc396) Importer(815301076,1909f56bfc062723c751e8b465ee728b)
Start importing Assets/Prefabs/CharacterUITemplate.prefab using Guid(fd823fb8fbef69a46a254bbdd7fdc396) Importer(815301076,1909f56bfc062723c751e8b465ee728b)  -> (artifact id: 'd16d77b8632807ed5da84a5d3c0f7b82') in 0.027813 seconds
  Import took 0.031247 seconds .

========================================================================
Received Import Request.
  Time since last request: 0.034395 seconds.
  path: Assets/Prefabs/CharacterUITemplate.prefab
  artifactKey: Guid(fd823fb8fbef69a46a254bbdd7fdc396) Importer(815301076,1909f56bfc062723c751e8b465ee728b)
Start importing Assets/Prefabs/CharacterUITemplate.prefab using Guid(fd823fb8fbef69a46a254bbdd7fdc396) Importer(815301076,1909f56bfc062723c751e8b465ee728b)  -> (artifact id: 'd16d77b8632807ed5da84a5d3c0f7b82') in 0.005261 seconds
  Import took 0.008753 seconds .

========================================================================
Received Prepare
Registering precompiled user dll's ...
Registered in 0.001007 seconds.
Begin MonoManager ReloadAssembly
Native extension for WindowsStandalone target not found
Native extension for WebGL target not found
Refreshing native plugins compatible for Editor in 0.39 ms, found 1 plugins.
Preloading 0 native plugins for Editor in 0.00 ms.
Mono: successfully reloaded assembly
- Completed reload, in  0.866 seconds
Platform modules already initialized, skipping
Refreshing native plugins compatible for Editor in 0.37 ms, found 1 plugins.
Preloading 0 native plugins for Editor in 0.00 ms.
Unloading 1862 Unused Serialized files (Serialized files now loaded: 0)
System memory in use before: 88.5 MB.
System memory in use after: 88.5 MB.

Unloading 12 unused Assets to reduce memory usage. Loaded Objects now: 2355.
Total: 2.453400 ms (FindLiveObjects: 0.208500 ms CreateObjectMapping: 0.096900 ms MarkObjects: 2.037300 ms  DeleteObjects: 0.109300 ms)

========================================================================
Received Import Request.
  Time since last request: 196.888001 seconds.
  path: Assets/Scenes SO/MainBranch/Scene 1.asset
  artifactKey: Guid(94197cb9bdbc30f4281974f647e9d806) Importer(815301076,1909f56bfc062723c751e8b465ee728b)
Start importing Assets/Scenes SO/MainBranch/Scene 1.asset using Guid(94197cb9bdbc30f4281974f647e9d806) Importer(815301076,1909f56bfc062723c751e8b465ee728b)  -> (artifact id: '8ab8e079abf8b825936e790135237e3f') in 0.015136 seconds
  Import took 0.019021 seconds .

========================================================================
Received Import Request.
  Time since last request: 0.040705 seconds.
  path: Assets/Scenes SO/MainBranch/Scene 1.asset
  artifactKey: Guid(94197cb9bdbc30f4281974f647e9d806) Importer(815301076,1909f56bfc062723c751e8b465ee728b)
Start importing Assets/Scenes SO/MainBranch/Scene 1.asset using Guid(94197cb9bdbc30f4281974f647e9d806) Importer(815301076,1909f56bfc062723c751e8b465ee728b)  -> (artifact id: '8ab8e079abf8b825936e790135237e3f') in 0.004610 seconds
  Import took 0.007526 seconds .

========================================================================
Received Import Request.
  Time since last request: 3.884997 seconds.
  path: Assets/Scenes/MainMenu.unity
  artifactKey: Guid(431d69a93fa46dc488a4d7ef535b1108) Importer(815301076,1909f56bfc062723c751e8b465ee728b)
Start importing Assets/Scenes/MainMenu.unity using Guid(431d69a93fa46dc488a4d7ef535b1108) Importer(815301076,1909f56bfc062723c751e8b465ee728b)  -> (artifact id: '2b0c71db9efb725c19669bd2b394f44c') in 0.009395 seconds
  Import took 0.012389 seconds .

========================================================================
Received Import Request.
  Time since last request: 0.006800 seconds.
  path: Assets/Scenes/MainMenu.unity
  artifactKey: Guid(431d69a93fa46dc488a4d7ef535b1108) Importer(815301076,1909f56bfc062723c751e8b465ee728b)
Start importing Assets/Scenes/MainMenu.unity using Guid(431d69a93fa46dc488a4d7ef535b1108) Importer(815301076,1909f56bfc062723c751e8b465ee728b)  -> (artifact id: '2b0c71db9efb725c19669bd2b394f44c') in 0.003239 seconds
  Import took 0.006167 seconds .

========================================================================
Received Prepare
Registering precompiled user dll's ...
Registered in 0.001250 seconds.
Begin MonoManager ReloadAssembly
Native extension for WindowsStandalone target not found
Native extension for WebGL target not found
Refreshing native plugins compatible for Editor in 0.85 ms, found 1 plugins.
Preloading 0 native plugins for Editor in 0.00 ms.
Mono: successfully reloaded assembly
- Completed reload, in  1.812 seconds
Platform modules already initialized, skipping
Refreshing native plugins compatible for Editor in 0.95 ms, found 1 plugins.
Preloading 0 native plugins for Editor in 0.00 ms.
Unloading 1862 Unused Serialized files (Serialized files now loaded: 0)
System memory in use before: 88.8 MB.
System memory in use after: 88.7 MB.

Unloading 12 unused Assets to reduce memory usage. Loaded Objects now: 2359.
Total: 3.719400 ms (FindLiveObjects: 0.397800 ms CreateObjectMapping: 0.260900 ms MarkObjects: 2.899100 ms  DeleteObjects: 0.159400 ms)

========================================================================
Received Prepare
Registering precompiled user dll's ...
Registered in 0.080648 seconds.
Begin MonoManager ReloadAssembly
Native extension for WindowsStandalone target not found
Native extension for WebGL target not found
Refreshing native plugins compatible for Editor in 0.61 ms, found 1 plugins.
Preloading 0 native plugins for Editor in 0.00 ms.
Mono: successfully reloaded assembly
- Completed reload, in  8.825 seconds
Platform modules already initialized, skipping
Refreshing native plugins compatible for Editor in 0.44 ms, found 1 plugins.
Preloading 0 native plugins for Editor in 0.00 ms.
Unloading 1862 Unused Serialized files (Serialized files now loaded: 0)
System memory in use before: 88.8 MB.
System memory in use after: 88.8 MB.

Unloading 12 unused Assets to reduce memory usage. Loaded Objects now: 2363.
Total: 2.301800 ms (FindLiveObjects: 0.188200 ms CreateObjectMapping: 0.077900 ms MarkObjects: 1.921600 ms  DeleteObjects: 0.113000 ms)

========================================================================
Received Import Request.
  Time since last request: 90.998034 seconds.
  path: Assets/Scenes SO/MainBranch/Scene 6.asset
  artifactKey: Guid(39da3fa28edbae144b2d4c07c1dae83c) Importer(815301076,1909f56bfc062723c751e8b465ee728b)
Start importing Assets/Scenes SO/MainBranch/Scene 6.asset using Guid(39da3fa28edbae144b2d4c07c1dae83c) Importer(815301076,1909f56bfc062723c751e8b465ee728b)  -> (artifact id: 'cb32d653f55b1425295308c5fb4f17f4') in 0.120273 seconds
  Import took 0.123305 seconds .

========================================================================
Received Import Request.
  Time since last request: 36.155706 seconds.
  path: Assets/Scenes/GameScene.unity
  artifactKey: Guid(2cda990e2423bbf4892e6590ba056729) Importer(815301076,1909f56bfc062723c751e8b465ee728b)
Start importing Assets/Scenes/GameScene.unity using Guid(2cda990e2423bbf4892e6590ba056729) Importer(815301076,1909f56bfc062723c751e8b465ee728b)  -> (artifact id: '1e938cd310fd82717ddc4339ad718087') in 0.008719 seconds
  Import took 0.012524 seconds .

========================================================================
Received Import Request.
  Time since last request: 0.007727 seconds.
  path: Assets/Scenes/GameScene.unity
  artifactKey: Guid(2cda990e2423bbf4892e6590ba056729) Importer(815301076,1909f56bfc062723c751e8b465ee728b)
Start importing Assets/Scenes/GameScene.unity using Guid(2cda990e2423bbf4892e6590ba056729) Importer(815301076,1909f56bfc062723c751e8b465ee728b)  -> (artifact id: '1e938cd310fd82717ddc4339ad718087') in 0.003517 seconds
  Import took 0.006598 seconds .

========================================================================
Received Prepare
Registering precompiled user dll's ...
Registered in 0.000928 seconds.
Begin MonoManager ReloadAssembly
Native extension for WindowsStandalone target not found
Native extension for WebGL target not found
Refreshing native plugins compatible for Editor in 0.59 ms, found 1 plugins.
Preloading 0 native plugins for Editor in 0.00 ms.
Mono: successfully reloaded assembly
- Completed reload, in  0.882 seconds
Platform modules already initialized, skipping
Refreshing native plugins compatible for Editor in 0.34 ms, found 1 plugins.
Preloading 0 native plugins for Editor in 0.00 ms.
Unloading 1862 Unused Serialized files (Serialized files now loaded: 0)
System memory in use before: 88.8 MB.
System memory in use after: 88.8 MB.

Unloading 12 unused Assets to reduce memory usage. Loaded Objects now: 2367.
Total: 2.186800 ms (FindLiveObjects: 0.239300 ms CreateObjectMapping: 0.075000 ms MarkObjects: 1.727800 ms  DeleteObjects: 0.143700 ms)

========================================================================
Received Prepare
Registering precompiled user dll's ...
Registered in 0.001701 seconds.
Begin MonoManager ReloadAssembly
Native extension for WindowsStandalone target not found
Native extension for WebGL target not found
Refreshing native plugins compatible for Editor in 0.34 ms, found 1 plugins.
Preloading 0 native plugins for Editor in 0.00 ms.
Mono: successfully reloaded assembly
- Completed reload, in  1.011 seconds
Platform modules already initialized, skipping
Refreshing native plugins compatible for Editor in 0.36 ms, found 1 plugins.
Preloading 0 native plugins for Editor in 0.00 ms.
Unloading 1862 Unused Serialized files (Serialized files now loaded: 0)
System memory in use before: 88.8 MB.
System memory in use after: 88.8 MB.

Unloading 12 unused Assets to reduce memory usage. Loaded Objects now: 2371.
Total: 2.362000 ms (FindLiveObjects: 0.366400 ms CreateObjectMapping: 0.079000 ms MarkObjects: 1.803700 ms  DeleteObjects: 0.111000 ms)

========================================================================
Received Prepare
Registering precompiled user dll's ...
Registered in 0.001043 seconds.
Begin MonoManager ReloadAssembly
Native extension for WindowsStandalone target not found
Native extension for WebGL target not found
Refreshing native plugins compatible for Editor in 0.36 ms, found 1 plugins.
Preloading 0 native plugins for Editor in 0.00 ms.
Mono: successfully reloaded assembly
- Completed reload, in  0.929 seconds
Platform modules already initialized, skipping
Refreshing native plugins compatible for Editor in 0.36 ms, found 1 plugins.
Preloading 0 native plugins for Editor in 0.00 ms.
Unloading 1862 Unused Serialized files (Serialized files now loaded: 0)
System memory in use before: 88.8 MB.
System memory in use after: 88.8 MB.

Unloading 12 unused Assets to reduce memory usage. Loaded Objects now: 2375.
Total: 2.470200 ms (FindLiveObjects: 0.230300 ms CreateObjectMapping: 0.097900 ms MarkObjects: 2.024700 ms  DeleteObjects: 0.116200 ms)

========================================================================
Received Prepare
Registering precompiled user dll's ...
Registered in 0.002215 seconds.
Begin MonoManager ReloadAssembly
Native extension for WindowsStandalone target not found
Native extension for WebGL target not found
Refreshing native plugins compatible for Editor in 0.36 ms, found 1 plugins.
Preloading 0 native plugins for Editor in 0.00 ms.
Mono: successfully reloaded assembly
- Completed reload, in  0.865 seconds
Platform modules already initialized, skipping
Refreshing native plugins compatible for Editor in 0.41 ms, found 1 plugins.
Preloading 0 native plugins for Editor in 0.00 ms.
Unloading 1862 Unused Serialized files (Serialized files now loaded: 0)
System memory in use before: 88.8 MB.
System memory in use after: 88.8 MB.

Unloading 12 unused Assets to reduce memory usage. Loaded Objects now: 2379.
Total: 2.379500 ms (FindLiveObjects: 0.273500 ms CreateObjectMapping: 0.077400 ms MarkObjects: 1.919300 ms  DeleteObjects: 0.108100 ms)

========================================================================
Received Import Request.
  Time since last request: 644.006030 seconds.
  path: Assets/Animations/Character/CharacterUITemplate.controller
  artifactKey: Guid(0867ee5959147164da2bbdb9a8e2b293) Importer(815301076,1909f56bfc062723c751e8b465ee728b)
Start importing Assets/Animations/Character/CharacterUITemplate.controller using Guid(0867ee5959147164da2bbdb9a8e2b293) Importer(815301076,1909f56bfc062723c751e8b465ee728b)  -> (artifact id: '19e6c6d47b4d983f08c1c053699e49a1') in 0.033302 seconds
  Import took 0.036780 seconds .

========================================================================
Received Prepare
Registering precompiled user dll's ...
Registered in 0.001038 seconds.
Begin MonoManager ReloadAssembly
Native extension for WindowsStandalone target not found
Native extension for WebGL target not found
Refreshing native plugins compatible for Editor in 0.49 ms, found 1 plugins.
Preloading 0 native plugins for Editor in 0.00 ms.
Mono: successfully reloaded assembly
- Completed reload, in  0.879 seconds
Platform modules already initialized, skipping
Refreshing native plugins compatible for Editor in 0.36 ms, found 1 plugins.
Preloading 0 native plugins for Editor in 0.00 ms.
Unloading 1862 Unused Serialized files (Serialized files now loaded: 0)
System memory in use before: 88.8 MB.
System memory in use after: 88.8 MB.

Unloading 12 unused Assets to reduce memory usage. Loaded Objects now: 2383.
Total: 2.186100 ms (FindLiveObjects: 0.194500 ms CreateObjectMapping: 0.078100 ms MarkObjects: 1.787000 ms  DeleteObjects: 0.125400 ms)

========================================================================
Received Prepare
Registering precompiled user dll's ...
Registered in 0.001554 seconds.
Begin MonoManager ReloadAssembly
Native extension for WindowsStandalone target not found
Native extension for WebGL target not found
Refreshing native plugins compatible for Editor in 0.48 ms, found 1 plugins.
Preloading 0 native plugins for Editor in 0.00 ms.
Mono: successfully reloaded assembly
- Completed reload, in  1.308 seconds
Platform modules already initialized, skipping
Refreshing native plugins compatible for Editor in 0.42 ms, found 1 plugins.
Preloading 0 native plugins for Editor in 0.00 ms.
Unloading 1862 Unused Serialized files (Serialized files now loaded: 0)
System memory in use before: 88.8 MB.
System memory in use after: 88.8 MB.

Unloading 12 unused Assets to reduce memory usage. Loaded Objects now: 2387.
Total: 2.627300 ms (FindLiveObjects: 0.227100 ms CreateObjectMapping: 0.084100 ms MarkObjects: 2.189300 ms  DeleteObjects: 0.125500 ms)

========================================================================
Received Prepare
Registering precompiled user dll's ...
Registered in 0.001330 seconds.
Begin MonoManager ReloadAssembly
Native extension for WindowsStandalone target not found
Native extension for WebGL target not found
Refreshing native plugins compatible for Editor in 0.42 ms, found 1 plugins.
Preloading 0 native plugins for Editor in 0.00 ms.
Mono: successfully reloaded assembly
- Completed reload, in  1.189 seconds
Platform modules already initialized, skipping
Refreshing native plugins compatible for Editor in 0.41 ms, found 1 plugins.
Preloading 0 native plugins for Editor in 0.00 ms.
Unloading 1862 Unused Serialized files (Serialized files now loaded: 0)
System memory in use before: 88.9 MB.
System memory in use after: 88.8 MB.

Unloading 12 unused Assets to reduce memory usage. Loaded Objects now: 2391.
Total: 2.572000 ms (FindLiveObjects: 0.290300 ms CreateObjectMapping: 0.128600 ms MarkObjects: 2.027500 ms  DeleteObjects: 0.123500 ms)

========================================================================
Received Import Request.
  Time since last request: 221.059152 seconds.
  path: Assets/Animations/ChooseCharacter
  artifactKey: Guid(57e85d6977a4286408d12f5c06ded6e1) Importer(815301076,1909f56bfc062723c751e8b465ee728b)
Start importing Assets/Animations/ChooseCharacter using Guid(57e85d6977a4286408d12f5c06ded6e1) Importer(815301076,1909f56bfc062723c751e8b465ee728b)  -> (artifact id: '21005f01c7c8f4e6bc2bfff9457efc8f') in 0.011912 seconds
  Import took 0.015519 seconds .

========================================================================
Received Import Request.
  Time since last request: 0.006602 seconds.
  path: Assets/Animations/ChooseCharacter
  artifactKey: Guid(57e85d6977a4286408d12f5c06ded6e1) Importer(815301076,1909f56bfc062723c751e8b465ee728b)
Start importing Assets/Animations/ChooseCharacter using Guid(57e85d6977a4286408d12f5c06ded6e1) Importer(815301076,1909f56bfc062723c751e8b465ee728b)  -> (artifact id: '21005f01c7c8f4e6bc2bfff9457efc8f') in 0.004586 seconds
  Import took 0.008776 seconds .

========================================================================
Received Import Request.
  Time since last request: 9.528044 seconds.
  path: Assets/Characters/FadeOut.anim
  artifactKey: Guid(36a08f3fa5bf26249a2d85d72463f6ef) Importer(815301076,1909f56bfc062723c751e8b465ee728b)
Start importing Assets/Characters/FadeOut.anim using Guid(36a08f3fa5bf26249a2d85d72463f6ef) Importer(815301076,1909f56bfc062723c751e8b465ee728b)  -> (artifact id: '3b24b79fb55fc2e880d1c6092b50094b') in 0.018280 seconds
  Import took 0.022383 seconds .

========================================================================
Received Import Request.
  Time since last request: 0.002959 seconds.
  path: Assets/Characters/FadeOut.anim
  artifactKey: Guid(36a08f3fa5bf26249a2d85d72463f6ef) Importer(815301076,1909f56bfc062723c751e8b465ee728b)
Start importing Assets/Characters/FadeOut.anim using Guid(36a08f3fa5bf26249a2d85d72463f6ef) Importer(815301076,1909f56bfc062723c751e8b465ee728b)  -> (artifact id: '3b24b79fb55fc2e880d1c6092b50094b') in 0.004566 seconds
  Import took 0.008194 seconds .

========================================================================
Received Prepare
Registering precompiled user dll's ...
Registered in 0.001130 seconds.
Begin MonoManager ReloadAssembly
Native extension for WindowsStandalone target not found
Native extension for WebGL target not found
Refreshing native plugins compatible for Editor in 0.45 ms, found 1 plugins.
Preloading 0 native plugins for Editor in 0.00 ms.
Mono: successfully reloaded assembly
- Completed reload, in  1.258 seconds
Platform modules already initialized, skipping
Refreshing native plugins compatible for Editor in 0.47 ms, found 1 plugins.
Preloading 0 native plugins for Editor in 0.00 ms.
Unloading 1862 Unused Serialized files (Serialized files now loaded: 0)
System memory in use before: 88.9 MB.
System memory in use after: 88.8 MB.

Unloading 12 unused Assets to reduce memory usage. Loaded Objects now: 2395.
Total: 2.730400 ms (FindLiveObjects: 0.328200 ms CreateObjectMapping: 0.094700 ms MarkObjects: 2.173000 ms  DeleteObjects: 0.133000 ms)

========================================================================
Received Import Request.
  Time since last request: 4.460344 seconds.
  path: Assets/Characters/FadeOut.anim
  artifactKey: Guid(36a08f3fa5bf26249a2d85d72463f6ef) Importer(815301076,1909f56bfc062723c751e8b465ee728b)
Start importing Assets/Characters/FadeOut.anim using Guid(36a08f3fa5bf26249a2d85d72463f6ef) Importer(815301076,1909f56bfc062723c751e8b465ee728b)  -> (artifact id: '3edf664b1d4d75dec9785db564a2cf7d') in 0.015735 seconds
  Import took 0.019650 seconds .

========================================================================
Received Prepare
Registering precompiled user dll's ...
Registered in 0.001149 seconds.
Begin MonoManager ReloadAssembly
Native extension for WindowsStandalone target not found
Native extension for WebGL target not found
Refreshing native plugins compatible for Editor in 0.53 ms, found 1 plugins.
Preloading 0 native plugins for Editor in 0.00 ms.
Mono: successfully reloaded assembly
- Completed reload, in  1.517 seconds
Platform modules already initialized, skipping
Refreshing native plugins compatible for Editor in 0.44 ms, found 1 plugins.
Preloading 0 native plugins for Editor in 0.00 ms.
Unloading 1862 Unused Serialized files (Serialized files now loaded: 0)
System memory in use before: 88.9 MB.
System memory in use after: 88.8 MB.

Unloading 12 unused Assets to reduce memory usage. Loaded Objects now: 2399.
Total: 2.697000 ms (FindLiveObjects: 0.224100 ms CreateObjectMapping: 0.098700 ms MarkObjects: 2.240100 ms  DeleteObjects: 0.132400 ms)

========================================================================
Received Prepare
Registering precompiled user dll's ...
Registered in 0.001702 seconds.
Begin MonoManager ReloadAssembly
Native extension for WindowsStandalone target not found
Native extension for WebGL target not found
Refreshing native plugins compatible for Editor in 0.77 ms, found 1 plugins.
Preloading 0 native plugins for Editor in 0.00 ms.
Mono: successfully reloaded assembly
- Completed reload, in  1.237 seconds
Platform modules already initialized, skipping
Refreshing native plugins compatible for Editor in 0.46 ms, found 1 plugins.
Preloading 0 native plugins for Editor in 0.00 ms.
Unloading 1862 Unused Serialized files (Serialized files now loaded: 0)
System memory in use before: 88.9 MB.
System memory in use after: 88.9 MB.

Unloading 12 unused Assets to reduce memory usage. Loaded Objects now: 2403.
Total: 2.826900 ms (FindLiveObjects: 0.288000 ms CreateObjectMapping: 0.121200 ms MarkObjects: 2.282000 ms  DeleteObjects: 0.133300 ms)

========================================================================
Received Prepare
Registering precompiled user dll's ...
Registered in 0.001655 seconds.
Begin MonoManager ReloadAssembly
Native extension for WindowsStandalone target not found
Native extension for WebGL target not found
Refreshing native plugins compatible for Editor in 0.48 ms, found 1 plugins.
Preloading 0 native plugins for Editor in 0.00 ms.
Mono: successfully reloaded assembly
- Completed reload, in  1.442 seconds
Platform modules already initialized, skipping
Refreshing native plugins compatible for Editor in 0.57 ms, found 1 plugins.
Preloading 0 native plugins for Editor in 0.00 ms.
Unloading 1862 Unused Serialized files (Serialized files now loaded: 0)
System memory in use before: 88.9 MB.
System memory in use after: 88.9 MB.

Unloading 12 unused Assets to reduce memory usage. Loaded Objects now: 2407.
Total: 3.429900 ms (FindLiveObjects: 0.230300 ms CreateObjectMapping: 0.099600 ms MarkObjects: 2.964100 ms  DeleteObjects: 0.134200 ms)

========================================================================
Received Prepare
Registering precompiled user dll's ...
Registered in 0.002103 seconds.
Begin MonoManager ReloadAssembly
Native extension for WindowsStandalone target not found
Native extension for WebGL target not found
Refreshing native plugins compatible for Editor in 0.38 ms, found 1 plugins.
Preloading 0 native plugins for Editor in 0.00 ms.
Mono: successfully reloaded assembly
- Completed reload, in  0.897 seconds
Platform modules already initialized, skipping
Refreshing native plugins compatible for Editor in 0.37 ms, found 1 plugins.
Preloading 0 native plugins for Editor in 0.00 ms.
Unloading 1862 Unused Serialized files (Serialized files now loaded: 0)
System memory in use before: 88.9 MB.
System memory in use after: 88.9 MB.

Unloading 12 unused Assets to reduce memory usage. Loaded Objects now: 2411.
Total: 2.277400 ms (FindLiveObjects: 0.256200 ms CreateObjectMapping: 0.082800 ms MarkObjects: 1.805500 ms  DeleteObjects: 0.131900 ms)

========================================================================
Received Prepare
Registering precompiled user dll's ...
Registered in 0.001065 seconds.
Begin MonoManager ReloadAssembly
Native extension for WindowsStandalone target not found
Native extension for WebGL target not found
Refreshing native plugins compatible for Editor in 0.54 ms, found 1 plugins.
Preloading 0 native plugins for Editor in 0.00 ms.
Mono: successfully reloaded assembly
- Completed reload, in  1.608 seconds
Platform modules already initialized, skipping
Refreshing native plugins compatible for Editor in 1.16 ms, found 1 plugins.
Preloading 0 native plugins for Editor in 0.00 ms.
Unloading 1862 Unused Serialized files (Serialized files now loaded: 0)
System memory in use before: 88.9 MB.
System memory in use after: 88.9 MB.

Unloading 12 unused Assets to reduce memory usage. Loaded Objects now: 2415.
Total: 7.380000 ms (FindLiveObjects: 0.280900 ms CreateObjectMapping: 0.110600 ms MarkObjects: 6.829000 ms  DeleteObjects: 0.156700 ms)

========================================================================
Received Prepare
Registering precompiled user dll's ...
Registered in 0.001341 seconds.
Begin MonoManager ReloadAssembly
Native extension for WindowsStandalone target not found
Native extension for WebGL target not found
Refreshing native plugins compatible for Editor in 0.47 ms, found 1 plugins.
Preloading 0 native plugins for Editor in 0.00 ms.
Mono: successfully reloaded assembly
- Completed reload, in  1.318 seconds
Platform modules already initialized, skipping
Refreshing native plugins compatible for Editor in 1.48 ms, found 1 plugins.
Preloading 0 native plugins for Editor in 0.00 ms.
Unloading 1862 Unused Serialized files (Serialized files now loaded: 0)
System memory in use before: 88.9 MB.
System memory in use after: 88.9 MB.

Unloading 12 unused Assets to reduce memory usage. Loaded Objects now: 2419.
Total: 2.525000 ms (FindLiveObjects: 0.240100 ms CreateObjectMapping: 0.098800 ms MarkObjects: 2.062500 ms  DeleteObjects: 0.121800 ms)

========================================================================
Received Prepare
Registering precompiled user dll's ...
Registered in 0.001354 seconds.
Begin MonoManager ReloadAssembly
Native extension for WindowsStandalone target not found
Native extension for WebGL target not found
Refreshing native plugins compatible for Editor in 0.43 ms, found 1 plugins.
Preloading 0 native plugins for Editor in 0.00 ms.
Mono: successfully reloaded assembly
- Completed reload, in  1.293 seconds
Platform modules already initialized, skipping
Refreshing native plugins compatible for Editor in 0.42 ms, found 1 plugins.
Preloading 0 native plugins for Editor in 0.00 ms.
Unloading 1862 Unused Serialized files (Serialized files now loaded: 0)
System memory in use before: 88.9 MB.
System memory in use after: 88.9 MB.

Unloading 12 unused Assets to reduce memory usage. Loaded Objects now: 2423.
Total: 2.513500 ms (FindLiveObjects: 0.231800 ms CreateObjectMapping: 0.099100 ms MarkObjects: 2.052600 ms  DeleteObjects: 0.128200 ms)

========================================================================
Received Prepare
Registering precompiled user dll's ...
Registered in 0.001179 seconds.
Begin MonoManager ReloadAssembly
Native extension for WindowsStandalone target not found
Native extension for WebGL target not found
Refreshing native plugins compatible for Editor in 0.54 ms, found 1 plugins.
Preloading 0 native plugins for Editor in 0.00 ms.
Mono: successfully reloaded assembly
- Completed reload, in  1.183 seconds
Platform modules already initialized, skipping
Refreshing native plugins compatible for Editor in 0.41 ms, found 1 plugins.
Preloading 0 native plugins for Editor in 0.00 ms.
Unloading 1862 Unused Serialized files (Serialized files now loaded: 0)
System memory in use before: 88.9 MB.
System memory in use after: 88.9 MB.

Unloading 12 unused Assets to reduce memory usage. Loaded Objects now: 2427.
Total: 2.495000 ms (FindLiveObjects: 0.318600 ms CreateObjectMapping: 0.114200 ms MarkObjects: 1.933700 ms  DeleteObjects: 0.125900 ms)

========================================================================
Received Prepare
Registering precompiled user dll's ...
Registered in 0.001184 seconds.
Begin MonoManager ReloadAssembly
Native extension for WindowsStandalone target not found
Native extension for WebGL target not found
Refreshing native plugins compatible for Editor in 0.36 ms, found 1 plugins.
Preloading 0 native plugins for Editor in 0.00 ms.
Mono: successfully reloaded assembly
- Completed reload, in  0.931 seconds
Platform modules already initialized, skipping
Refreshing native plugins compatible for Editor in 0.81 ms, found 1 plugins.
Preloading 0 native plugins for Editor in 0.00 ms.
Unloading 1862 Unused Serialized files (Serialized files now loaded: 0)
System memory in use before: 88.9 MB.
System memory in use after: 88.9 MB.

Unloading 12 unused Assets to reduce memory usage. Loaded Objects now: 2431.
Total: 2.807100 ms (FindLiveObjects: 0.234500 ms CreateObjectMapping: 0.088600 ms MarkObjects: 2.341400 ms  DeleteObjects: 0.140500 ms)

========================================================================
Received Prepare
Registering precompiled user dll's ...
Registered in 0.001263 seconds.
Begin MonoManager ReloadAssembly
Native extension for WindowsStandalone target not found
Native extension for WebGL target not found
Refreshing native plugins compatible for Editor in 0.44 ms, found 1 plugins.
Preloading 0 native plugins for Editor in 0.00 ms.
Mono: successfully reloaded assembly
- Completed reload, in  1.157 seconds
Platform modules already initialized, skipping
Refreshing native plugins compatible for Editor in 0.51 ms, found 1 plugins.
Preloading 0 native plugins for Editor in 0.00 ms.
Unloading 1862 Unused Serialized files (Serialized files now loaded: 0)
System memory in use before: 89.0 MB.
System memory in use after: 88.9 MB.

Unloading 12 unused Assets to reduce memory usage. Loaded Objects now: 2435.
Total: 3.213500 ms (FindLiveObjects: 0.234700 ms CreateObjectMapping: 0.087200 ms MarkObjects: 2.747600 ms  DeleteObjects: 0.142400 ms)

========================================================================
Received Prepare
Registering precompiled user dll's ...
Registered in 0.001258 seconds.
Begin MonoManager ReloadAssembly
Native extension for WindowsStandalone target not found
Native extension for WebGL target not found
Refreshing native plugins compatible for Editor in 0.57 ms, found 1 plugins.
Preloading 0 native plugins for Editor in 0.00 ms.
Mono: successfully reloaded assembly
- Completed reload, in  1.550 seconds
Platform modules already initialized, skipping
Refreshing native plugins compatible for Editor in 0.44 ms, found 1 plugins.
Preloading 0 native plugins for Editor in 0.00 ms.
Unloading 1862 Unused Serialized files (Serialized files now loaded: 0)
System memory in use before: 89.0 MB.
System memory in use after: 88.9 MB.

Unloading 12 unused Assets to reduce memory usage. Loaded Objects now: 2439.
Total: 2.582200 ms (FindLiveObjects: 0.261100 ms CreateObjectMapping: 0.133500 ms MarkObjects: 2.048500 ms  DeleteObjects: 0.137700 ms)

========================================================================
Received Import Request.
  Time since last request: 763.740882 seconds.
  path: Assets/Scenes SO/MainBranch/Scene 3.asset
  artifactKey: Guid(12c3dd6f62a96c84cb327f5511e49a4f) Importer(815301076,1909f56bfc062723c751e8b465ee728b)
Start importing Assets/Scenes SO/MainBranch/Scene 3.asset using Guid(12c3dd6f62a96c84cb327f5511e49a4f) Importer(815301076,1909f56bfc062723c751e8b465ee728b)  -> (artifact id: '355b00139f225cade746757ab8b9e560') in 0.026788 seconds
  Import took 0.030232 seconds .

========================================================================
Received Import Request.
  Time since last request: 0.006400 seconds.
  path: Assets/Scenes SO/MainBranch/Scene 3.asset
  artifactKey: Guid(12c3dd6f62a96c84cb327f5511e49a4f) Importer(815301076,1909f56bfc062723c751e8b465ee728b)
Start importing Assets/Scenes SO/MainBranch/Scene 3.asset using Guid(12c3dd6f62a96c84cb327f5511e49a4f) Importer(815301076,1909f56bfc062723c751e8b465ee728b)  -> (artifact id: '355b00139f225cade746757ab8b9e560') in 0.011023 seconds
  Import took 0.015266 seconds .

========================================================================
Received Import Request.
  Time since last request: 1.083242 seconds.
  path: Assets/Scenes SO/MainBranch/Scene 2.asset
  artifactKey: Guid(937be1d9ad92dc34ea2f71fa7b91dfc9) Importer(815301076,1909f56bfc062723c751e8b465ee728b)
Start importing Assets/Scenes SO/MainBranch/Scene 2.asset using Guid(937be1d9ad92dc34ea2f71fa7b91dfc9) Importer(815301076,1909f56bfc062723c751e8b465ee728b)  -> (artifact id: '60d14bc1879023f613f6f79d497613a2') in 0.016792 seconds
  Import took 0.024425 seconds .

========================================================================
Received Import Request.
  Time since last request: 0.013168 seconds.
  path: Assets/Scenes SO/MainBranch/Scene 2.asset
  artifactKey: Guid(937be1d9ad92dc34ea2f71fa7b91dfc9) Importer(815301076,1909f56bfc062723c751e8b465ee728b)
Start importing Assets/Scenes SO/MainBranch/Scene 2.asset using Guid(937be1d9ad92dc34ea2f71fa7b91dfc9) Importer(815301076,1909f56bfc062723c751e8b465ee728b)  -> (artifact id: '60d14bc1879023f613f6f79d497613a2') in 0.009167 seconds
  Import took 0.016927 seconds .

========================================================================
Received Prepare
Registering precompiled user dll's ...
Registered in 0.000926 seconds.
Begin MonoManager ReloadAssembly
Native extension for WindowsStandalone target not found
Native extension for WebGL target not found
Refreshing native plugins compatible for Editor in 1.07 ms, found 1 plugins.
Preloading 0 native plugins for Editor in 0.00 ms.
Mono: successfully reloaded assembly
- Completed reload, in  1.138 seconds
Platform modules already initialized, skipping
Refreshing native plugins compatible for Editor in 0.43 ms, found 1 plugins.
Preloading 0 native plugins for Editor in 0.00 ms.
Unloading 1862 Unused Serialized files (Serialized files now loaded: 0)
System memory in use before: 89.0 MB.
System memory in use after: 89.0 MB.

Unloading 12 unused Assets to reduce memory usage. Loaded Objects now: 2443.
Total: 2.450000 ms (FindLiveObjects: 0.213800 ms CreateObjectMapping: 0.084800 ms MarkObjects: 2.025500 ms  DeleteObjects: 0.124700 ms)

========================================================================
Received Import Request.
  Time since last request: 60.859207 seconds.
  path: Assets/Scenes SO/MainBranch/Scene 6.asset
  artifactKey: Guid(39da3fa28edbae144b2d4c07c1dae83c) Importer(815301076,1909f56bfc062723c751e8b465ee728b)
Start importing Assets/Scenes SO/MainBranch/Scene 6.asset using Guid(39da3fa28edbae144b2d4c07c1dae83c) Importer(815301076,1909f56bfc062723c751e8b465ee728b)  -> (artifact id: 'ff890914c74b55f7aa1b0677e8bac2a0') in 0.019507 seconds
  Import took 0.022756 seconds .

========================================================================
Received Import Request.
  Time since last request: 9.374348 seconds.
  path: Assets/Scenes SO/MainBranch/Scene 4.asset
  artifactKey: Guid(12c3cdc06ec14c340a3b1b0bab4775b9) Importer(815301076,1909f56bfc062723c751e8b465ee728b)
Start importing Assets/Scenes SO/MainBranch/Scene 4.asset using Guid(12c3cdc06ec14c340a3b1b0bab4775b9) Importer(815301076,1909f56bfc062723c751e8b465ee728b)  -> (artifact id: 'fbc1af3362bb501da9f32d98e0a8ff47') in 0.016502 seconds
  Import took 0.020055 seconds .

========================================================================
Received Import Request.
  Time since last request: 0.010331 seconds.
  path: Assets/Scenes SO/MainBranch/Scene 4.asset
  artifactKey: Guid(12c3cdc06ec14c340a3b1b0bab4775b9) Importer(815301076,1909f56bfc062723c751e8b465ee728b)
Start importing Assets/Scenes SO/MainBranch/Scene 4.asset using Guid(12c3cdc06ec14c340a3b1b0bab4775b9) Importer(815301076,1909f56bfc062723c751e8b465ee728b)  -> (artifact id: 'fbc1af3362bb501da9f32d98e0a8ff47') in 0.008390 seconds
  Import took 0.012458 seconds .

========================================================================
Received Import Request.
  Time since last request: 6.696503 seconds.
  path: Assets/Scenes SO/MainBranch/Scene 5.asset
  artifactKey: Guid(e0e0b3ec82d1daf4ab3a7f7c9564ca8b) Importer(815301076,1909f56bfc062723c751e8b465ee728b)
Start importing Assets/Scenes SO/MainBranch/Scene 5.asset using Guid(e0e0b3ec82d1daf4ab3a7f7c9564ca8b) Importer(815301076,1909f56bfc062723c751e8b465ee728b)  -> (artifact id: 'b541eb6702fb2977d34c63fab96c392d') in 0.015690 seconds
  Import took 0.019187 seconds .

========================================================================
Received Import Request.
  Time since last request: 0.010594 seconds.
  path: Assets/Scenes SO/MainBranch/Scene 5.asset
  artifactKey: Guid(e0e0b3ec82d1daf4ab3a7f7c9564ca8b) Importer(815301076,1909f56bfc062723c751e8b465ee728b)
Start importing Assets/Scenes SO/MainBranch/Scene 5.asset using Guid(e0e0b3ec82d1daf4ab3a7f7c9564ca8b) Importer(815301076,1909f56bfc062723c751e8b465ee728b)  -> (artifact id: 'b541eb6702fb2977d34c63fab96c392d') in 0.010959 seconds
  Import took 0.014592 seconds .

========================================================================
Received Prepare
Registering precompiled user dll's ...
Registered in 0.001233 seconds.
Begin MonoManager ReloadAssembly
Native extension for WindowsStandalone target not found
Native extension for WebGL target not found
Refreshing native plugins compatible for Editor in 0.84 ms, found 1 plugins.
Preloading 0 native plugins for Editor in 0.00 ms.
Mono: successfully reloaded assembly
- Completed reload, in  1.273 seconds
Platform modules already initialized, skipping
Refreshing native plugins compatible for Editor in 0.44 ms, found 1 plugins.
Preloading 0 native plugins for Editor in 0.00 ms.
Unloading 1862 Unused Serialized files (Serialized files now loaded: 0)
System memory in use before: 89.0 MB.
System memory in use after: 89.0 MB.

Unloading 12 unused Assets to reduce memory usage. Loaded Objects now: 2447.
Total: 3.129800 ms (FindLiveObjects: 0.309400 ms CreateObjectMapping: 0.156500 ms MarkObjects: 2.462700 ms  DeleteObjects: 0.199700 ms)

========================================================================
Received Import Request.
  Time since last request: 136.579253 seconds.
  path: Assets/Characters/You(male).asset
  artifactKey: Guid(050205734bc5ca14c8cec287532f5b34) Importer(815301076,1909f56bfc062723c751e8b465ee728b)
Start importing Assets/Characters/You(male).asset using Guid(050205734bc5ca14c8cec287532f5b34) Importer(815301076,1909f56bfc062723c751e8b465ee728b)  -> (artifact id: '821efc656a1b09fad869dd3c59f325d3') in 0.021177 seconds
  Import took 0.024405 seconds .

========================================================================
Received Import Request.
  Time since last request: 0.002408 seconds.
  path: Assets/Characters/You(male).asset
  artifactKey: Guid(050205734bc5ca14c8cec287532f5b34) Importer(815301076,1909f56bfc062723c751e8b465ee728b)
Start importing Assets/Characters/You(male).asset using Guid(050205734bc5ca14c8cec287532f5b34) Importer(815301076,1909f56bfc062723c751e8b465ee728b)  -> (artifact id: '821efc656a1b09fad869dd3c59f325d3') in 0.004266 seconds
  Import took 0.007665 seconds .

========================================================================
Received Import Request.
  Time since last request: 0.100295 seconds.
  path: Assets/Characters/You(female).asset
  artifactKey: Guid(1afad53dc9e1eae4d9c84a5ca1784acd) Importer(815301076,1909f56bfc062723c751e8b465ee728b)
Start importing Assets/Characters/You(female).asset using Guid(1afad53dc9e1eae4d9c84a5ca1784acd) Importer(815301076,1909f56bfc062723c751e8b465ee728b)  -> (artifact id: '9a98933a769716dda6ad00f7f078e21f') in 0.009078 seconds
  Import took 0.013468 seconds .

========================================================================
Received Import Request.
  Time since last request: 0.013673 seconds.
  path: Assets/Characters/You(female).asset
  artifactKey: Guid(1afad53dc9e1eae4d9c84a5ca1784acd) Importer(815301076,1909f56bfc062723c751e8b465ee728b)
Start importing Assets/Characters/You(female).asset using Guid(1afad53dc9e1eae4d9c84a5ca1784acd) Importer(815301076,1909f56bfc062723c751e8b465ee728b)  -> (artifact id: '9a98933a769716dda6ad00f7f078e21f') in 0.003781 seconds
  Import took 0.007478 seconds .

========================================================================
Received Import Request.
  Time since last request: 0.145672 seconds.
  path: Assets/Characters/Kevin.asset
  artifactKey: Guid(1051de0ff91629841beb51619527821c) Importer(815301076,1909f56bfc062723c751e8b465ee728b)
Start importing Assets/Characters/Kevin.asset using Guid(1051de0ff91629841beb51619527821c) Importer(815301076,1909f56bfc062723c751e8b465ee728b)  -> (artifact id: '386b4b75b8d7581a0f4d6b41173c356a') in 0.010000 seconds
  Import took 0.013158 seconds .

========================================================================
Received Import Request.
  Time since last request: 0.943873 seconds.
  path: Assets/Animations/UI/SavingAnim
  artifactKey: Guid(36ab5ba3b57f0ca4fad4efc53223c971) Importer(815301076,1909f56bfc062723c751e8b465ee728b)
Start importing Assets/Animations/UI/SavingAnim using Guid(36ab5ba3b57f0ca4fad4efc53223c971) Importer(815301076,1909f56bfc062723c751e8b465ee728b)  -> (artifact id: '11de4031d16c711550225ae80e292dd3') in 0.009023 seconds
  Import took 0.012388 seconds .

========================================================================
Received Import Request.
  Time since last request: 0.009283 seconds.
  path: Assets/Animations/UI/SavingAnim
  artifactKey: Guid(36ab5ba3b57f0ca4fad4efc53223c971) Importer(815301076,1909f56bfc062723c751e8b465ee728b)
Start importing Assets/Animations/UI/SavingAnim using Guid(36ab5ba3b57f0ca4fad4efc53223c971) Importer(815301076,1909f56bfc062723c751e8b465ee728b)  -> (artifact id: '11de4031d16c711550225ae80e292dd3') in 0.003512 seconds
  Import took 0.007794 seconds .

========================================================================
Received Import Request.
  Time since last request: 1.207293 seconds.
  path: Assets/Animations/UI
  artifactKey: Guid(447162745124c734cb008cf5a98d54f6) Importer(815301076,1909f56bfc062723c751e8b465ee728b)
Start importing Assets/Animations/UI using Guid(447162745124c734cb008cf5a98d54f6) Importer(815301076,1909f56bfc062723c751e8b465ee728b)  -> (artifact id: 'e991cdafe212107d4ee29d4a4293e0b7') in 0.009860 seconds
  Import took 0.014033 seconds .

========================================================================
Received Import Request.
  Time since last request: 0.009457 seconds.
  path: Assets/Animations/UI
  artifactKey: Guid(447162745124c734cb008cf5a98d54f6) Importer(815301076,1909f56bfc062723c751e8b465ee728b)
Start importing Assets/Animations/UI using Guid(447162745124c734cb008cf5a98d54f6) Importer(815301076,1909f56bfc062723c751e8b465ee728b)  -> (artifact id: 'e991cdafe212107d4ee29d4a4293e0b7') in 0.004898 seconds
  Import took 0.008041 seconds .

========================================================================
Received Import Request.
  Time since last request: 0.850302 seconds.
  path: Assets/Animations/Character
  artifactKey: Guid(1cb60ec1e1c8c2d4ca4b394c6c68c13d) Importer(815301076,1909f56bfc062723c751e8b465ee728b)
Start importing Assets/Animations/Character using Guid(1cb60ec1e1c8c2d4ca4b394c6c68c13d) Importer(815301076,1909f56bfc062723c751e8b465ee728b)  -> (artifact id: '2626682440ca644fe4c030c1ceb46278') in 0.007407 seconds
  Import took 0.010549 seconds .

========================================================================
Received Prepare
Registering precompiled user dll's ...
Registered in 0.001025 seconds.
Begin MonoManager ReloadAssembly
Native extension for WindowsStandalone target not found
Native extension for WebGL target not found
Refreshing native plugins compatible for Editor in 0.45 ms, found 1 plugins.
Preloading 0 native plugins for Editor in 0.00 ms.
Mono: successfully reloaded assembly
- Completed reload, in  1.288 seconds
Platform modules already initialized, skipping
Refreshing native plugins compatible for Editor in 0.44 ms, found 1 plugins.
Preloading 0 native plugins for Editor in 0.00 ms.
Unloading 1862 Unused Serialized files (Serialized files now loaded: 0)
System memory in use before: 89.0 MB.
System memory in use after: 89.0 MB.

Unloading 12 unused Assets to reduce memory usage. Loaded Objects now: 2451.
Total: 2.618300 ms (FindLiveObjects: 0.237200 ms CreateObjectMapping: 0.095500 ms MarkObjects: 2.151600 ms  DeleteObjects: 0.132100 ms)

========================================================================
Received Prepare
Registering precompiled user dll's ...
Registered in 0.001082 seconds.
Begin MonoManager ReloadAssembly
Native extension for WindowsStandalone target not found
Native extension for WebGL target not found
Refreshing native plugins compatible for Editor in 0.47 ms, found 1 plugins.
Preloading 0 native plugins for Editor in 0.00 ms.
Mono: successfully reloaded assembly
- Completed reload, in  1.056 seconds
Platform modules already initialized, skipping
Refreshing native plugins compatible for Editor in 0.49 ms, found 1 plugins.
Preloading 0 native plugins for Editor in 0.00 ms.
Unloading 1862 Unused Serialized files (Serialized files now loaded: 0)
System memory in use before: 89.0 MB.
System memory in use after: 89.0 MB.

Unloading 12 unused Assets to reduce memory usage. Loaded Objects now: 2455.
Total: 3.028100 ms (FindLiveObjects: 0.259000 ms CreateObjectMapping: 0.101600 ms MarkObjects: 2.532300 ms  DeleteObjects: 0.133500 ms)

========================================================================
Received Prepare
Registering precompiled user dll's ...
Registered in 0.000953 seconds.
Begin MonoManager ReloadAssembly
Native extension for WindowsStandalone target not found
Native extension for WebGL target not found
Refreshing native plugins compatible for Editor in 0.49 ms, found 1 plugins.
Preloading 0 native plugins for Editor in 0.00 ms.
Mono: successfully reloaded assembly
- Completed reload, in  1.354 seconds
Platform modules already initialized, skipping
Refreshing native plugins compatible for Editor in 0.52 ms, found 1 plugins.
Preloading 0 native plugins for Editor in 0.00 ms.
Unloading 1862 Unused Serialized files (Serialized files now loaded: 0)
System memory in use before: 89.0 MB.
System memory in use after: 89.0 MB.

Unloading 12 unused Assets to reduce memory usage. Loaded Objects now: 2459.
Total: 3.058100 ms (FindLiveObjects: 0.245700 ms CreateObjectMapping: 0.102500 ms MarkObjects: 2.537400 ms  DeleteObjects: 0.170200 ms)

========================================================================
Received Prepare
Registering precompiled user dll's ...
Registered in 0.001207 seconds.
Begin MonoManager ReloadAssembly
Native extension for WindowsStandalone target not found
Native extension for WebGL target not found
Refreshing native plugins compatible for Editor in 0.46 ms, found 1 plugins.
Preloading 0 native plugins for Editor in 0.00 ms.
Mono: successfully reloaded assembly
- Completed reload, in  1.260 seconds
Platform modules already initialized, skipping
Refreshing native plugins compatible for Editor in 0.43 ms, found 1 plugins.
Preloading 0 native plugins for Editor in 0.00 ms.
Unloading 1862 Unused Serialized files (Serialized files now loaded: 0)
System memory in use before: 89.0 MB.
System memory in use after: 89.0 MB.

Unloading 12 unused Assets to reduce memory usage. Loaded Objects now: 2463.
Total: 2.510900 ms (FindLiveObjects: 0.233300 ms CreateObjectMapping: 0.102000 ms MarkObjects: 2.048600 ms  DeleteObjects: 0.124900 ms)

========================================================================
Received Prepare
Registering precompiled user dll's ...
Registered in 0.001236 seconds.
Begin MonoManager ReloadAssembly
Native extension for WindowsStandalone target not found
Native extension for WebGL target not found
Refreshing native plugins compatible for Editor in 0.43 ms, found 1 plugins.
Preloading 0 native plugins for Editor in 0.00 ms.
Mono: successfully reloaded assembly
- Completed reload, in  1.250 seconds
Platform modules already initialized, skipping
Refreshing native plugins compatible for Editor in 0.82 ms, found 1 plugins.
Preloading 0 native plugins for Editor in 0.00 ms.
Unloading 1862 Unused Serialized files (Serialized files now loaded: 0)
System memory in use before: 89.0 MB.
System memory in use after: 89.0 MB.

Unloading 12 unused Assets to reduce memory usage. Loaded Objects now: 2467.
Total: 2.898900 ms (FindLiveObjects: 0.345400 ms CreateObjectMapping: 0.108100 ms MarkObjects: 2.307300 ms  DeleteObjects: 0.136500 ms)

========================================================================
Received Prepare
Registering precompiled user dll's ...
Registered in 0.000991 seconds.
Begin MonoManager ReloadAssembly
Native extension for WindowsStandalone target not found
Native extension for WebGL target not found
Refreshing native plugins compatible for Editor in 0.35 ms, found 1 plugins.
Preloading 0 native plugins for Editor in 0.00 ms.
Mono: successfully reloaded assembly
- Completed reload, in  0.825 seconds
Platform modules already initialized, skipping
Refreshing native plugins compatible for Editor in 0.40 ms, found 1 plugins.
Preloading 0 native plugins for Editor in 0.00 ms.
Unloading 1862 Unused Serialized files (Serialized files now loaded: 0)
System memory in use before: 89.0 MB.
System memory in use after: 89.0 MB.

Unloading 12 unused Assets to reduce memory usage. Loaded Objects now: 2471.
Total: 2.073800 ms (FindLiveObjects: 0.239400 ms CreateObjectMapping: 0.104400 ms MarkObjects: 1.620700 ms  DeleteObjects: 0.108500 ms)

========================================================================
Received Prepare
Registering precompiled user dll's ...
Registered in 0.001054 seconds.
Begin MonoManager ReloadAssembly
Native extension for WindowsStandalone target not found
Native extension for WebGL target not found
Refreshing native plugins compatible for Editor in 0.38 ms, found 1 plugins.
Preloading 0 native plugins for Editor in 0.00 ms.
Mono: successfully reloaded assembly
- Completed reload, in  0.880 seconds
Platform modules already initialized, skipping
Refreshing native plugins compatible for Editor in 0.40 ms, found 1 plugins.
Preloading 0 native plugins for Editor in 0.00 ms.
Unloading 1862 Unused Serialized files (Serialized files now loaded: 0)
System memory in use before: 89.1 MB.
System memory in use after: 89.0 MB.

Unloading 12 unused Assets to reduce memory usage. Loaded Objects now: 2475.
Total: 2.888300 ms (FindLiveObjects: 0.286200 ms CreateObjectMapping: 0.088400 ms MarkObjects: 2.260600 ms  DeleteObjects: 0.251900 ms)

========================================================================
Received Import Request.
  Time since last request: 696.968697 seconds.
  path: Assets/Scenes SO/MainBranch/Scene 6.asset
  artifactKey: Guid(39da3fa28edbae144b2d4c07c1dae83c) Importer(815301076,1909f56bfc062723c751e8b465ee728b)
Start importing Assets/Scenes SO/MainBranch/Scene 6.asset using Guid(39da3fa28edbae144b2d4c07c1dae83c) Importer(815301076,1909f56bfc062723c751e8b465ee728b)  -> (artifact id: '0a89a96f859a9eac3deb93cd8f93d9ac') in 0.017079 seconds
  Import took 0.020101 seconds .

========================================================================
Received Prepare
Registering precompiled user dll's ...
Registered in 0.001024 seconds.
Begin MonoManager ReloadAssembly
Native extension for WindowsStandalone target not found
Native extension for WebGL target not found
Refreshing native plugins compatible for Editor in 0.39 ms, found 1 plugins.
Preloading 0 native plugins for Editor in 0.00 ms.
Mono: successfully reloaded assembly
- Completed reload, in  0.930 seconds
Platform modules already initialized, skipping
Refreshing native plugins compatible for Editor in 0.39 ms, found 1 plugins.
Preloading 0 native plugins for Editor in 0.00 ms.
Unloading 1862 Unused Serialized files (Serialized files now loaded: 0)
System memory in use before: 89.1 MB.
System memory in use after: 89.0 MB.

Unloading 12 unused Assets to reduce memory usage. Loaded Objects now: 2479.
Total: 2.200500 ms (FindLiveObjects: 0.204200 ms CreateObjectMapping: 0.076300 ms MarkObjects: 1.772100 ms  DeleteObjects: 0.146700 ms)

========================================================================
Received Prepare
Registering precompiled user dll's ...
Registered in 0.001417 seconds.
Begin MonoManager ReloadAssembly
Native extension for WindowsStandalone target not found
Native extension for WebGL target not found
Refreshing native plugins compatible for Editor in 0.52 ms, found 1 plugins.
Preloading 0 native plugins for Editor in 0.00 ms.
Mono: successfully reloaded assembly
- Completed reload, in  1.127 seconds
Platform modules already initialized, skipping
Refreshing native plugins compatible for Editor in 0.47 ms, found 1 plugins.
Preloading 0 native plugins for Editor in 0.00 ms.
Unloading 1862 Unused Serialized files (Serialized files now loaded: 0)
System memory in use before: 89.1 MB.
System memory in use after: 89.1 MB.

Unloading 12 unused Assets to reduce memory usage. Loaded Objects now: 2483.
Total: 2.676100 ms (FindLiveObjects: 0.282000 ms CreateObjectMapping: 0.120100 ms MarkObjects: 2.121700 ms  DeleteObjects: 0.150200 ms)

========================================================================
Received Prepare
Registering precompiled user dll's ...
Registered in 0.001128 seconds.
Begin MonoManager ReloadAssembly
Native extension for WindowsStandalone target not found
Native extension for WebGL target not found
Refreshing native plugins compatible for Editor in 0.47 ms, found 1 plugins.
Preloading 0 native plugins for Editor in 0.00 ms.
Mono: successfully reloaded assembly
- Completed reload, in  1.510 seconds
Platform modules already initialized, skipping
Refreshing native plugins compatible for Editor in 0.44 ms, found 1 plugins.
Preloading 0 native plugins for Editor in 0.00 ms.
Unloading 1862 Unused Serialized files (Serialized files now loaded: 0)
System memory in use before: 89.1 MB.
System memory in use after: 89.1 MB.

Unloading 12 unused Assets to reduce memory usage. Loaded Objects now: 2487.
Total: 2.740500 ms (FindLiveObjects: 0.311000 ms CreateObjectMapping: 0.164400 ms MarkObjects: 2.127900 ms  DeleteObjects: 0.134800 ms)

========================================================================
Received Import Request.
  Time since last request: 219.991603 seconds.
  path: Assets/Scenes SO/MainBranch/Scene 6.asset
  artifactKey: Guid(39da3fa28edbae144b2d4c07c1dae83c) Importer(815301076,1909f56bfc062723c751e8b465ee728b)
Start importing Assets/Scenes SO/MainBranch/Scene 6.asset using Guid(39da3fa28edbae144b2d4c07c1dae83c) Importer(815301076,1909f56bfc062723c751e8b465ee728b)  -> (artifact id: '086a66b3fa9102e50cef5214fe2558d1') in 0.019711 seconds
  Import took 0.024005 seconds .

========================================================================
Received Prepare
Registering precompiled user dll's ...
Registered in 0.001030 seconds.
Begin MonoManager ReloadAssembly
Native extension for WindowsStandalone target not found
Native extension for WebGL target not found
Refreshing native plugins compatible for Editor in 0.39 ms, found 1 plugins.
Preloading 0 native plugins for Editor in 0.00 ms.
Mono: successfully reloaded assembly
- Completed reload, in  0.873 seconds
Platform modules already initialized, skipping
Refreshing native plugins compatible for Editor in 0.39 ms, found 1 plugins.
Preloading 0 native plugins for Editor in 0.00 ms.
Unloading 1862 Unused Serialized files (Serialized files now loaded: 0)
System memory in use before: 89.1 MB.
System memory in use after: 89.1 MB.

Unloading 12 unused Assets to reduce memory usage. Loaded Objects now: 2491.
Total: 2.545100 ms (FindLiveObjects: 0.235500 ms CreateObjectMapping: 0.094000 ms MarkObjects: 2.102400 ms  DeleteObjects: 0.111200 ms)

========================================================================
Received Prepare
Registering precompiled user dll's ...
Registered in 0.000985 seconds.
Begin MonoManager ReloadAssembly
Native extension for WindowsStandalone target not found
Native extension for WebGL target not found
Refreshing native plugins compatible for Editor in 0.40 ms, found 1 plugins.
Preloading 0 native plugins for Editor in 0.00 ms.
Mono: successfully reloaded assembly
- Completed reload, in  0.906 seconds
Platform modules already initialized, skipping
Refreshing native plugins compatible for Editor in 0.38 ms, found 1 plugins.
Preloading 0 native plugins for Editor in 0.00 ms.
Unloading 1862 Unused Serialized files (Serialized files now loaded: 0)
System memory in use before: 89.1 MB.
System memory in use after: 89.1 MB.

Unloading 12 unused Assets to reduce memory usage. Loaded Objects now: 2495.
Total: 2.355800 ms (FindLiveObjects: 0.202100 ms CreateObjectMapping: 0.073500 ms MarkObjects: 1.973100 ms  DeleteObjects: 0.106000 ms)

========================================================================
Received Prepare
Registering precompiled user dll's ...
Registered in 0.001253 seconds.
Begin MonoManager ReloadAssembly
Native extension for WindowsStandalone target not found
Native extension for WebGL target not found
Refreshing native plugins compatible for Editor in 0.87 ms, found 1 plugins.
Preloading 0 native plugins for Editor in 0.00 ms.
Mono: successfully reloaded assembly
- Completed reload, in  1.320 seconds
Platform modules already initialized, skipping
Refreshing native plugins compatible for Editor in 0.71 ms, found 1 plugins.
Preloading 0 native plugins for Editor in 0.00 ms.
Unloading 1862 Unused Serialized files (Serialized files now loaded: 0)
System memory in use before: 89.1 MB.
System memory in use after: 89.1 MB.

Unloading 12 unused Assets to reduce memory usage. Loaded Objects now: 2499.
Total: 4.683800 ms (FindLiveObjects: 0.858500 ms CreateObjectMapping: 0.295500 ms MarkObjects: 3.298700 ms  DeleteObjects: 0.228500 ms)

========================================================================
Received Prepare
Registering precompiled user dll's ...
Registered in 0.001977 seconds.
Begin MonoManager ReloadAssembly
Native extension for WindowsStandalone target not found
Native extension for WebGL target not found
Refreshing native plugins compatible for Editor in 0.43 ms, found 1 plugins.
Preloading 0 native plugins for Editor in 0.00 ms.
Mono: successfully reloaded assembly
- Completed reload, in  1.147 seconds
Platform modules already initialized, skipping
Refreshing native plugins compatible for Editor in 0.63 ms, found 1 plugins.
Preloading 0 native plugins for Editor in 0.00 ms.
Unloading 1862 Unused Serialized files (Serialized files now loaded: 0)
System memory in use before: 89.1 MB.
System memory in use after: 89.1 MB.

Unloading 12 unused Assets to reduce memory usage. Loaded Objects now: 2503.
Total: 5.029100 ms (FindLiveObjects: 0.344300 ms CreateObjectMapping: 0.127000 ms MarkObjects: 4.310300 ms  DeleteObjects: 0.245400 ms)

========================================================================
Received Prepare
Registering precompiled user dll's ...
Registered in 0.000975 seconds.
Begin MonoManager ReloadAssembly
Native extension for WindowsStandalone target not found
Native extension for WebGL target not found
Refreshing native plugins compatible for Editor in 0.56 ms, found 1 plugins.
Preloading 0 native plugins for Editor in 0.00 ms.
Mono: successfully reloaded assembly
- Completed reload, in  1.244 seconds
Platform modules already initialized, skipping
Refreshing native plugins compatible for Editor in 0.46 ms, found 1 plugins.
Preloading 0 native plugins for Editor in 0.00 ms.
Unloading 1862 Unused Serialized files (Serialized files now loaded: 0)
System memory in use before: 89.1 MB.
System memory in use after: 89.1 MB.

Unloading 12 unused Assets to reduce memory usage. Loaded Objects now: 2507.
Total: 3.230800 ms (FindLiveObjects: 0.266600 ms CreateObjectMapping: 0.085600 ms MarkObjects: 2.601800 ms  DeleteObjects: 0.275300 ms)

========================================================================
Received Prepare
Registering precompiled user dll's ...
Registered in 0.000872 seconds.
Begin MonoManager ReloadAssembly
Native extension for WindowsStandalone target not found
Native extension for WebGL target not found
Refreshing native plugins compatible for Editor in 0.40 ms, found 1 plugins.
Preloading 0 native plugins for Editor in 0.00 ms.
Mono: successfully reloaded assembly
- Completed reload, in  0.863 seconds
Platform modules already initialized, skipping
Refreshing native plugins compatible for Editor in 0.38 ms, found 1 plugins.
Preloading 0 native plugins for Editor in 0.00 ms.
Unloading 1862 Unused Serialized files (Serialized files now loaded: 0)
System memory in use before: 89.1 MB.
System memory in use after: 89.1 MB.

Unloading 12 unused Assets to reduce memory usage. Loaded Objects now: 2511.
Total: 2.345300 ms (FindLiveObjects: 0.261000 ms CreateObjectMapping: 0.089900 ms MarkObjects: 1.806700 ms  DeleteObjects: 0.186200 ms)

========================================================================
Received Import Request.
  Time since last request: 271.493058 seconds.
  path: Assets/Scenes SO/MainBranch/Scene 4.asset
  artifactKey: Guid(12c3cdc06ec14c340a3b1b0bab4775b9) Importer(815301076,1909f56bfc062723c751e8b465ee728b)
Start importing Assets/Scenes SO/MainBranch/Scene 4.asset using Guid(12c3cdc06ec14c340a3b1b0bab4775b9) Importer(815301076,1909f56bfc062723c751e8b465ee728b)  -> (artifact id: '08192e6737ffeadea6172fd3eb2f1793') in 0.020023 seconds
  Import took 0.023374 seconds .

========================================================================
Received Import Request.
  Time since last request: 0.001933 seconds.
  path: Assets/Scenes SO/MainBranch/Scene 4.asset
  artifactKey: Guid(12c3cdc06ec14c340a3b1b0bab4775b9) Importer(815301076,1909f56bfc062723c751e8b465ee728b)
Start importing Assets/Scenes SO/MainBranch/Scene 4.asset using Guid(12c3cdc06ec14c340a3b1b0bab4775b9) Importer(815301076,1909f56bfc062723c751e8b465ee728b)  -> (artifact id: '08192e6737ffeadea6172fd3eb2f1793') in 0.008119 seconds
  Import took 0.013254 seconds .

========================================================================
Received Prepare
Registering precompiled user dll's ...
Registered in 0.000880 seconds.
Begin MonoManager ReloadAssembly
Native extension for WindowsStandalone target not found
Native extension for WebGL target not found
Refreshing native plugins compatible for Editor in 0.36 ms, found 1 plugins.
Preloading 0 native plugins for Editor in 0.00 ms.
Mono: successfully reloaded assembly
- Completed reload, in  0.822 seconds
Platform modules already initialized, skipping
Refreshing native plugins compatible for Editor in 0.38 ms, found 1 plugins.
Preloading 0 native plugins for Editor in 0.00 ms.
Unloading 1862 Unused Serialized files (Serialized files now loaded: 0)
System memory in use before: 89.1 MB.
System memory in use after: 89.1 MB.

Unloading 12 unused Assets to reduce memory usage. Loaded Objects now: 2515.
Total: 2.878000 ms (FindLiveObjects: 0.382600 ms CreateObjectMapping: 0.112400 ms MarkObjects: 2.264200 ms  DeleteObjects: 0.116900 ms)

========================================================================
Received Prepare
Registering precompiled user dll's ...
Registered in 0.001227 seconds.
Begin MonoManager ReloadAssembly
Native extension for WindowsStandalone target not found
Native extension for WebGL target not found
Refreshing native plugins compatible for Editor in 0.39 ms, found 1 plugins.
Preloading 0 native plugins for Editor in 0.00 ms.
Mono: successfully reloaded assembly
- Completed reload, in  0.919 seconds
Platform modules already initialized, skipping
Refreshing native plugins compatible for Editor in 0.40 ms, found 1 plugins.
Preloading 0 native plugins for Editor in 0.00 ms.
Unloading 1862 Unused Serialized files (Serialized files now loaded: 0)
System memory in use before: 89.2 MB.
System memory in use after: 89.1 MB.

Unloading 12 unused Assets to reduce memory usage. Loaded Objects now: 2519.
Total: 2.508400 ms (FindLiveObjects: 0.249200 ms CreateObjectMapping: 0.080100 ms MarkObjects: 2.061400 ms  DeleteObjects: 0.116500 ms)

========================================================================
Received Prepare
Registering precompiled user dll's ...
Registered in 0.001734 seconds.
Begin MonoManager ReloadAssembly
Native extension for WindowsStandalone target not found
Native extension for WebGL target not found
Refreshing native plugins compatible for Editor in 0.44 ms, found 1 plugins.
Preloading 0 native plugins for Editor in 0.00 ms.
Mono: successfully reloaded assembly
- Completed reload, in  1.317 seconds
Platform modules already initialized, skipping
Refreshing native plugins compatible for Editor in 0.80 ms, found 1 plugins.
Preloading 0 native plugins for Editor in 0.00 ms.
Unloading 1862 Unused Serialized files (Serialized files now loaded: 0)
System memory in use before: 89.2 MB.
System memory in use after: 89.1 MB.

Unloading 12 unused Assets to reduce memory usage. Loaded Objects now: 2523.
Total: 7.631300 ms (FindLiveObjects: 0.262600 ms CreateObjectMapping: 0.123500 ms MarkObjects: 7.067600 ms  DeleteObjects: 0.175100 ms)

========================================================================
Received Prepare
Registering precompiled user dll's ...
Registered in 0.002142 seconds.
Begin MonoManager ReloadAssembly
Native extension for WindowsStandalone target not found
Native extension for WebGL target not found
Refreshing native plugins compatible for Editor in 0.42 ms, found 1 plugins.
Preloading 0 native plugins for Editor in 0.00 ms.
Mono: successfully reloaded assembly
- Completed reload, in  1.210 seconds
Platform modules already initialized, skipping
Refreshing native plugins compatible for Editor in 0.46 ms, found 1 plugins.
Preloading 0 native plugins for Editor in 0.00 ms.
Unloading 1862 Unused Serialized files (Serialized files now loaded: 0)
System memory in use before: 89.2 MB.
System memory in use after: 89.1 MB.

Unloading 12 unused Assets to reduce memory usage. Loaded Objects now: 2527.
Total: 3.546200 ms (FindLiveObjects: 0.409800 ms CreateObjectMapping: 0.168600 ms MarkObjects: 2.773000 ms  DeleteObjects: 0.192800 ms)

========================================================================
Received Prepare
Registering precompiled user dll's ...
Registered in 0.003522 seconds.
Begin MonoManager ReloadAssembly
Native extension for WindowsStandalone target not found
Native extension for WebGL target not found
Refreshing native plugins compatible for Editor in 0.53 ms, found 1 plugins.
Preloading 0 native plugins for Editor in 0.00 ms.
Mono: successfully reloaded assembly
- Completed reload, in  1.986 seconds
Platform modules already initialized, skipping
Refreshing native plugins compatible for Editor in 0.51 ms, found 1 plugins.
Preloading 0 native plugins for Editor in 0.00 ms.
Unloading 1862 Unused Serialized files (Serialized files now loaded: 0)
System memory in use before: 89.2 MB.
System memory in use after: 89.2 MB.

Unloading 12 unused Assets to reduce memory usage. Loaded Objects now: 2531.
Total: 3.747000 ms (FindLiveObjects: 0.359300 ms CreateObjectMapping: 0.109400 ms MarkObjects: 3.127000 ms  DeleteObjects: 0.149300 ms)

========================================================================
Received Prepare
Registering precompiled user dll's ...
Registered in 0.001149 seconds.
Begin MonoManager ReloadAssembly
Native extension for WindowsStandalone target not found
Native extension for WebGL target not found
Refreshing native plugins compatible for Editor in 0.41 ms, found 1 plugins.
Preloading 0 native plugins for Editor in 0.00 ms.
Mono: successfully reloaded assembly
- Completed reload, in  0.837 seconds
Platform modules already initialized, skipping
Refreshing native plugins compatible for Editor in 0.39 ms, found 1 plugins.
Preloading 0 native plugins for Editor in 0.00 ms.
Unloading 1862 Unused Serialized files (Serialized files now loaded: 0)
System memory in use before: 89.2 MB.
System memory in use after: 89.2 MB.

Unloading 12 unused Assets to reduce memory usage. Loaded Objects now: 2535.
Total: 1.974100 ms (FindLiveObjects: 0.231000 ms CreateObjectMapping: 0.070300 ms MarkObjects: 1.563600 ms  DeleteObjects: 0.108300 ms)

AssetImportWorkerClient::OnTransportError - code=2 error=End of file
